echo *** Running /central/groups/esm/lenka/synoptic_diffusivity/gfdl_idealized/spectral_idealized_public_release/exp/hs_hpc/run/run_exp on hpc-91-09 ***
date
set analysis_version = analysis_3d
set analysis_script = run_analysis_dry_3d_hpc
set diagtable = /central/groups/esm/lenka/synoptic_diffusivity/gfdl_idealized/spectral_idealized_public_release/exp/hs_hpc/input/diag_table_dry_3d
set analysis_dir = /central/groups/esm/lenka/synoptic_diffusivity/gfdl_idealized/spectral_idealized_public_release/analysis/analysis_3d/run
source /etc/profile.d/modules.csh
if ( 0tcsh ) then
if: Badly formed number.
module load intel/18.1
module: Command not found.
module load hdf5/1.10.2
module: Command not found.
module load netcdf-c/4.6.1
module: Command not found.
module load netcdf-fortran/4.4.4
module: Command not found.
module load ncview
module: Command not found.
limit stacksize unlimited
cd /central/groups/esm/lenka/synoptic_diffusivity/gfdl_idealized/spectral_idealized_public_release/exp/hs_hpc
set tmpdir = /central/groups/esm/lenka/synoptic_diffusivity/gfdl_idealized//fms_tmp/hs_hpc
set run_dir = /central/groups/esm/lenka/synoptic_diffusivity/gfdl_idealized//fms_tmp/hs_hpc/hs_hpc_odp_1.0
set workdir = /central/scratch/elencz/caltech_fms_idealized/hs_hpc/hs_hpc_odp_1.0/workdir
set output_dir = /central/scratch/elencz/caltech_fms_idealized/hs_hpc/hs_hpc_odp_1.0/output
set platform = ifc
set init_cond = 
set pathnames = /central/groups/esm/lenka/synoptic_diffusivity/gfdl_idealized/spectral_idealized_public_release/exp/hs_hpc/input/path_names
set namelist = /central/groups/esm/lenka/synoptic_diffusivity/gfdl_idealized/spectral_idealized_public_release/exp/hs_hpc/input/namelists_dry
set fieldtable = /central/groups/esm/lenka/synoptic_diffusivity/gfdl_idealized/spectral_idealized_public_release/exp/hs_hpc/input/field_table_dry
set execdir = /central/groups/esm/lenka/synoptic_diffusivity/gfdl_idealized//fms_tmp/hs_hpc/exe.fms
set run_analysis = /central/groups/esm/lenka/synoptic_diffusivity/gfdl_idealized//fms_tmp/hs_hpc/hs_hpc_odp_1.0/analysis
set analysis_out_err = /central/groups/esm/lenka/synoptic_diffusivity/gfdl_idealized//fms_tmp/hs_hpc/hs_hpc_odp_1.0/analysis/out_err
set mppnccombine = /central/groups/esm/lenka/synoptic_diffusivity/gfdl_idealized//fms_tmp/hs_hpc/mppnccombine.ifc
set template = /central/groups/esm/lenka/synoptic_diffusivity/gfdl_idealized/spectral_idealized_public_release/idealized/bin/mkmf.template.ifc_hpc_mpi
set mkmf = /central/groups/esm/lenka/synoptic_diffusivity/gfdl_idealized/spectral_idealized_public_release/idealized/bin/mkmf
set sourcedir = /central/groups/esm/lenka/synoptic_diffusivity/gfdl_idealized/spectral_idealized_public_release/idealized/src
set time_stamp = /central/groups/esm/lenka/synoptic_diffusivity/gfdl_idealized/spectral_idealized_public_release/idealized/bin/time_stamp.csh
set ireload = 1
set irun = 1
set reload_file = /central/groups/esm/lenka/synoptic_diffusivity/gfdl_idealized//fms_tmp/hs_hpc/hs_hpc_odp_1.0/reload_commands
if ( -d /central/groups/esm/lenka/synoptic_diffusivity/gfdl_idealized//fms_tmp/hs_hpc/hs_hpc_odp_1.0 ) then
if ( ! -d /central/groups/esm/lenka/synoptic_diffusivity/gfdl_idealized/spectral_idealized_public_release/exp/hs_hpc/run/out_err ) mkdir -p /central/groups/esm/lenka/synoptic_diffusivity/gfdl_idealized/spectral_idealized_public_release/exp/hs_hpc/run/out_err
if ( ! -d /central/groups/esm/lenka/synoptic_diffusivity/gfdl_idealized//fms_tmp/hs_hpc/exe.fms ) mkdir -p /central/groups/esm/lenka/synoptic_diffusivity/gfdl_idealized//fms_tmp/hs_hpc/exe.fms
mkdir -p /central/groups/esm/lenka/synoptic_diffusivity/gfdl_idealized//fms_tmp/hs_hpc/exe.fms
if ( ! -d /central/groups/esm/lenka/synoptic_diffusivity/gfdl_idealized//fms_tmp/hs_hpc/hs_hpc_odp_1.0/analysis ) mkdir -p /central/groups/esm/lenka/synoptic_diffusivity/gfdl_idealized//fms_tmp/hs_hpc/hs_hpc_odp_1.0/analysis
mkdir -p /central/groups/esm/lenka/synoptic_diffusivity/gfdl_idealized//fms_tmp/hs_hpc/hs_hpc_odp_1.0/analysis
if ( ! -d /central/groups/esm/lenka/synoptic_diffusivity/gfdl_idealized//fms_tmp/hs_hpc/hs_hpc_odp_1.0/analysis/out_err ) mkdir -p /central/groups/esm/lenka/synoptic_diffusivity/gfdl_idealized//fms_tmp/hs_hpc/hs_hpc_odp_1.0/analysis/out_err
mkdir -p /central/groups/esm/lenka/synoptic_diffusivity/gfdl_idealized//fms_tmp/hs_hpc/hs_hpc_odp_1.0/analysis/out_err
if ( ! -e /central/scratch/elencz/caltech_fms_idealized/hs_hpc/hs_hpc_odp_1.0/workdir ) then
mkdir /central/scratch/elencz/caltech_fms_idealized/hs_hpc/hs_hpc_odp_1.0/workdir /central/scratch/elencz/caltech_fms_idealized/hs_hpc/hs_hpc_odp_1.0/workdir/INPUT /central/scratch/elencz/caltech_fms_idealized/hs_hpc/hs_hpc_odp_1.0/workdir/RESTART
mkdir: cannot create directory ‘/central/scratch/elencz/caltech_fms_idealized/hs_hpc/hs_hpc_odp_1.0/workdir’: No such file or directory
mkdir: cannot create directory ‘/central/scratch/elencz/caltech_fms_idealized/hs_hpc/hs_hpc_odp_1.0/workdir/INPUT’: No such file or directory
mkdir: cannot create directory ‘/central/scratch/elencz/caltech_fms_idealized/hs_hpc/hs_hpc_odp_1.0/workdir/RESTART’: No such file or directory
else
if ( ! -d /central/scratch/elencz/caltech_fms_idealized/hs_hpc/hs_hpc_odp_1.0/output ) then
mkdir -p /central/scratch/elencz/caltech_fms_idealized/hs_hpc/hs_hpc_odp_1.0/output
mkdir -p /central/scratch/elencz/caltech_fms_idealized/hs_hpc/hs_hpc_odp_1.0/output/combine
mkdir -p /central/scratch/elencz/caltech_fms_idealized/hs_hpc/hs_hpc_odp_1.0/output/logfiles
mkdir -p /central/scratch/elencz/caltech_fms_idealized/hs_hpc/hs_hpc_odp_1.0/output/restart
endif
if ( ! -f /central/groups/esm/lenka/synoptic_diffusivity/gfdl_idealized//fms_tmp/hs_hpc/mppnccombine.ifc ) then
gcc -O -o /central/groups/esm/lenka/synoptic_diffusivity/gfdl_idealized//fms_tmp/hs_hpc/mppnccombine.ifc -I/central/groups/esm/lenka/synoptic_diffusivity/gfdl_idealized/spectral_idealized_public_release/idealized/bin/nc_inc -L/central/groups/esm/lenka/synoptic_diffusivity/gfdl_idealized/spectral_idealized_public_release/idealized/bin/nc_lib /central/groups/esm/lenka/synoptic_diffusivity/gfdl_idealized/spectral_idealized_public_release/idealized/postprocessing/mppnccombine.c -lnetcdf
endif
/bin/cp /central/groups/esm/lenka/synoptic_diffusivity/gfdl_idealized/spectral_idealized_public_release/idealized/bin/mkmf.template.ifc_hpc_mpi /central/scratch/elencz/caltech_fms_idealized/hs_hpc/hs_hpc_odp_1.0/workdir/tmp_template
/bin/cp: cannot create regular file ‘/central/scratch/elencz/caltech_fms_idealized/hs_hpc/hs_hpc_odp_1.0/workdir/tmp_template’: No such file or directory
/central/scratch/elencz/caltech_fms_idealized/hs_hpc/hs_hpc_odp_1.0/workdir/tmp_template: No such file or directory.
