echo *** Running /central/groups/esm/lenka/synoptic_diffusivity/gfdl_idealized/spectral_idealized_public_release/exp/default_idealized_hpc/run/run_exp on hpc-25-03 ***
date
set analysis_version = analysis_3d
set analysis_script = run_analysis_moist_3d_hpc
set diagtable = /central/groups/esm/lenka/synoptic_diffusivity/gfdl_idealized/spectral_idealized_public_release/exp/default_idealized_hpc/input/diag_table_moist_3d
set analysis_dir = /central/groups/esm/lenka/synoptic_diffusivity/gfdl_idealized/spectral_idealized_public_release/analysis/analysis_3d/run
source /etc/profile.d/modules.csh
if ( 0tcsh ) then
if: Badly formed number.
module load intel/18.1
module: Command not found.
module load hdf5/1.10.2
module: Command not found.
module load netcdf-c/4.6.1
module: Command not found.
module load netcdf-fortran/4.4.4
module: Command not found.
module load ncview
module: Command not found.
limit stacksize unlimited
cd /central/groups/esm/lenka/synoptic_diffusivity/gfdl_idealized/spectral_idealized_public_release/exp/default_idealized_hpc
set tmpdir = /central/groups/esm/lenka/synoptic_diffusivity/gfdl_idealized//fms_tmp/default_idealized_hpc
set run_dir = /central/groups/esm/lenka/synoptic_diffusivity/gfdl_idealized//fms_tmp/default_idealized_hpc/default_idealized_hpc_odp_1.0
set workdir = /central/scratch/elencz/caltech_fms_idealized/default_idealized_hpc/default_idealized_hpc_odp_1.0/workdir
set output_dir = /central/scratch/elencz/caltech_fms_idealized/default_idealized_hpc/default_idealized_hpc_odp_1.0/output
set platform = ifc
set init_cond = 
set pathnames = /central/groups/esm/lenka/synoptic_diffusivity/gfdl_idealized/spectral_idealized_public_release/exp/default_idealized_hpc/input/path_names
set namelist = /central/groups/esm/lenka/synoptic_diffusivity/gfdl_idealized/spectral_idealized_public_release/exp/default_idealized_hpc/input/namelists_moist
set fieldtable = /central/groups/esm/lenka/synoptic_diffusivity/gfdl_idealized/spectral_idealized_public_release/exp/default_idealized_hpc/input/field_table_moist
set execdir = /central/groups/esm/lenka/synoptic_diffusivity/gfdl_idealized//fms_tmp/default_idealized_hpc/exe.fms
set run_analysis = /central/groups/esm/lenka/synoptic_diffusivity/gfdl_idealized//fms_tmp/default_idealized_hpc/default_idealized_hpc_odp_1.0/analysis
set analysis_out_err = /central/groups/esm/lenka/synoptic_diffusivity/gfdl_idealized//fms_tmp/default_idealized_hpc/default_idealized_hpc_odp_1.0/analysis/out_err
set mppnccombine = /central/groups/esm/lenka/synoptic_diffusivity/gfdl_idealized//fms_tmp/default_idealized_hpc/mppnccombine.ifc
set template = /central/groups/esm/lenka/synoptic_diffusivity/gfdl_idealized/spectral_idealized_public_release/idealized/bin/mkmf.template.ifc_hpc_mpi
set mkmf = /central/groups/esm/lenka/synoptic_diffusivity/gfdl_idealized/spectral_idealized_public_release/idealized/bin/mkmf
set sourcedir = /central/groups/esm/lenka/synoptic_diffusivity/gfdl_idealized/spectral_idealized_public_release/idealized/src
set time_stamp = /central/groups/esm/lenka/synoptic_diffusivity/gfdl_idealized/spectral_idealized_public_release/idealized/bin/time_stamp.csh
set ireload = 1
set irun = 1
set reload_file = /central/groups/esm/lenka/synoptic_diffusivity/gfdl_idealized//fms_tmp/default_idealized_hpc/default_idealized_hpc_odp_1.0/reload_commands
if ( -d /central/groups/esm/lenka/synoptic_diffusivity/gfdl_idealized//fms_tmp/default_idealized_hpc/default_idealized_hpc_odp_1.0 ) then
if ( -f /central/groups/esm/lenka/synoptic_diffusivity/gfdl_idealized//fms_tmp/default_idealized_hpc/default_idealized_hpc_odp_1.0/reload_commands ) then
endif
if ( ! -d /central/groups/esm/lenka/synoptic_diffusivity/gfdl_idealized/spectral_idealized_public_release/exp/default_idealized_hpc/run/out_err ) mkdir -p /central/groups/esm/lenka/synoptic_diffusivity/gfdl_idealized/spectral_idealized_public_release/exp/default_idealized_hpc/run/out_err
if ( ! -d /central/groups/esm/lenka/synoptic_diffusivity/gfdl_idealized//fms_tmp/default_idealized_hpc/exe.fms ) mkdir -p /central/groups/esm/lenka/synoptic_diffusivity/gfdl_idealized//fms_tmp/default_idealized_hpc/exe.fms
if ( ! -d /central/groups/esm/lenka/synoptic_diffusivity/gfdl_idealized//fms_tmp/default_idealized_hpc/default_idealized_hpc_odp_1.0/analysis ) mkdir -p /central/groups/esm/lenka/synoptic_diffusivity/gfdl_idealized//fms_tmp/default_idealized_hpc/default_idealized_hpc_odp_1.0/analysis
if ( ! -d /central/groups/esm/lenka/synoptic_diffusivity/gfdl_idealized//fms_tmp/default_idealized_hpc/default_idealized_hpc_odp_1.0/analysis/out_err ) mkdir -p /central/groups/esm/lenka/synoptic_diffusivity/gfdl_idealized//fms_tmp/default_idealized_hpc/default_idealized_hpc_odp_1.0/analysis/out_err
if ( ! -e /central/scratch/elencz/caltech_fms_idealized/default_idealized_hpc/default_idealized_hpc_odp_1.0/workdir ) then
mkdir /central/scratch/elencz/caltech_fms_idealized/default_idealized_hpc/default_idealized_hpc_odp_1.0/workdir /central/scratch/elencz/caltech_fms_idealized/default_idealized_hpc/default_idealized_hpc_odp_1.0/workdir/INPUT /central/scratch/elencz/caltech_fms_idealized/default_idealized_hpc/default_idealized_hpc_odp_1.0/workdir/RESTART
else
if ( ! -d /central/scratch/elencz/caltech_fms_idealized/default_idealized_hpc/default_idealized_hpc_odp_1.0/output ) then
if ( ! -f /central/groups/esm/lenka/synoptic_diffusivity/gfdl_idealized//fms_tmp/default_idealized_hpc/mppnccombine.ifc ) then
/bin/cp /central/groups/esm/lenka/synoptic_diffusivity/gfdl_idealized/spectral_idealized_public_release/idealized/bin/mkmf.template.ifc_hpc_mpi /central/scratch/elencz/caltech_fms_idealized/default_idealized_hpc/default_idealized_hpc_odp_1.0/workdir/tmp_template
echo fms_home = /central/groups/esm/lenka/synoptic_diffusivity/gfdl_idealized/spectral_idealized_public_release/idealized
cd /central/groups/esm/lenka/synoptic_diffusivity/gfdl_idealized/spectral_idealized_public_release/idealized/src
find /central/groups/esm/lenka/synoptic_diffusivity/gfdl_idealized/spectral_idealized_public_release/exp/default_idealized_hpc/srcmods/ -maxdepth 1 -iname *.f90 -o -iname *.inc -o -iname *.c -o -iname *.h
echo Using the following sourcecode modifications:
cat /central/scratch/elencz/caltech_fms_idealized/default_idealized_hpc/default_idealized_hpc_odp_1.0/workdir/tmp_pathnames
cat /central/groups/esm/lenka/synoptic_diffusivity/gfdl_idealized/spectral_idealized_public_release/exp/default_idealized_hpc/input/path_names
cd /central/groups/esm/lenka/synoptic_diffusivity/gfdl_idealized//fms_tmp/default_idealized_hpc/exe.fms
/central/groups/esm/lenka/synoptic_diffusivity/gfdl_idealized/spectral_idealized_public_release/idealized/bin/mkmf -p fms.x -t /central/scratch/elencz/caltech_fms_idealized/default_idealized_hpc/default_idealized_hpc_odp_1.0/workdir/tmp_template -c -Duse_libMPI -Duse_netCDF -a /central/groups/esm/lenka/synoptic_diffusivity/gfdl_idealized/spectral_idealized_public_release/idealized/src /central/scratch/elencz/caltech_fms_idealized/default_idealized_hpc/default_idealized_hpc_odp_1.0/workdir/tmp_pathnames /central/groups/esm/lenka/synoptic_diffusivity/gfdl_idealized/spectral_idealized_public_release/idealized/src/shared/include /central/groups/esm/lenka/synoptic_diffusivity/gfdl_idealized/spectral_idealized_public_release/idealized/src/shared/mpp/include
........................................................................make -f Makefile
/central/groups/esm/lenka/synoptic_diffusivity/gfdl_idealized/spectral_idealized_public_release/idealized/src/shared/mpp/include/mpp_util_mpi.inc(43): warning #7532: The number of arguments is incompatible with intrinsic procedure, assume 'external'.   [FLUSH]
        call FLUSH(stdout(),istat)
-------------^
/central/groups/esm/lenka/synoptic_diffusivity/gfdl_idealized/spectral_idealized_public_release/idealized/src/shared/mpp/include/mpp_util.inc(90): warning #7532: The number of arguments is incompatible with intrinsic procedure, assume 'external'.   [FLUSH]
          call FLUSH(log_unit,istat)
---------------^
/central/groups/esm/lenka/synoptic_diffusivity/gfdl_idealized/spectral_idealized_public_release/idealized/src/shared/mpp/include/mpp_comm_mpi.inc(142): warning #7532: The number of arguments is incompatible with intrinsic procedure, assume 'external'.   [FLUSH]
     call FLUSH( stdout(), istat )
----------^
/central/groups/esm/lenka/synoptic_diffusivity/gfdl_idealized/spectral_idealized_public_release/idealized/src/shared/mpp/include/mpp_transmit.inc(136): warning #6843: A dummy argument with an explicit INTENT(OUT) declaration is not given an explicit value.   [GET_DATA]
    subroutine mpp_recv_logical4_scalar( get_data, from_pe, glen )
-----------------------------------------^
/central/groups/esm/lenka/synoptic_diffusivity/gfdl_idealized/spectral_idealized_public_release/idealized/src/shared/mpp/include/mpp_transmit.inc(95): warning #6843: A dummy argument with an explicit INTENT(OUT) declaration is not given an explicit value.   [GET_DATA]
    subroutine mpp_transmit_logical4_5d( put_data, put_len, to_pe, get_data, get_len, from_pe )
-------------------------------------------------------------------^
/central/groups/esm/lenka/synoptic_diffusivity/gfdl_idealized/spectral_idealized_public_release/idealized/src/shared/mpp/include/mpp_transmit.inc(75): warning #6843: A dummy argument with an explicit INTENT(OUT) declaration is not given an explicit value.   [GET_DATA]
    subroutine mpp_transmit_logical4_4d( put_data, put_len, to_pe, get_data, get_len, from_pe )
-------------------------------------------------------------------^
/central/groups/esm/lenka/synoptic_diffusivity/gfdl_idealized/spectral_idealized_public_release/idealized/src/shared/mpp/include/mpp_transmit.inc(55): warning #6843: A dummy argument with an explicit INTENT(OUT) declaration is not given an explicit value.   [GET_DATA]
    subroutine mpp_transmit_logical4_3d( put_data, put_len, to_pe, get_data, get_len, from_pe )
-------------------------------------------------------------------^
/central/groups/esm/lenka/synoptic_diffusivity/gfdl_idealized/spectral_idealized_public_release/idealized/src/shared/mpp/include/mpp_transmit.inc(35): warning #6843: A dummy argument with an explicit INTENT(OUT) declaration is not given an explicit value.   [GET_DATA]
    subroutine mpp_transmit_logical4_2d( put_data, put_len, to_pe, get_data, get_len, from_pe )
-------------------------------------------------------------------^
/central/groups/esm/lenka/synoptic_diffusivity/gfdl_idealized/spectral_idealized_public_release/idealized/src/shared/mpp/include/mpp_transmit.inc(11): warning #6843: A dummy argument with an explicit INTENT(OUT) declaration is not given an explicit value.   [GET_DATA]
    subroutine mpp_transmit_logical4_scalar( put_data, to_pe, get_data, from_pe, plen, glen)
--------------------------------------------------------------^
/central/groups/esm/lenka/synoptic_diffusivity/gfdl_idealized/spectral_idealized_public_release/idealized/src/shared/mpp/include/mpp_transmit.inc(136): warning #6843: A dummy argument with an explicit INTENT(OUT) declaration is not given an explicit value.   [GET_DATA]
    subroutine mpp_recv_logical8_scalar( get_data, from_pe, glen )
-----------------------------------------^
/central/groups/esm/lenka/synoptic_diffusivity/gfdl_idealized/spectral_idealized_public_release/idealized/src/shared/mpp/include/mpp_transmit.inc(95): warning #6843: A dummy argument with an explicit INTENT(OUT) declaration is not given an explicit value.   [GET_DATA]
    subroutine mpp_transmit_logical8_5d( put_data, put_len, to_pe, get_data, get_len, from_pe )
-------------------------------------------------------------------^
/central/groups/esm/lenka/synoptic_diffusivity/gfdl_idealized/spectral_idealized_public_release/idealized/src/shared/mpp/include/mpp_transmit.inc(75): warning #6843: A dummy argument with an explicit INTENT(OUT) declaration is not given an explicit value.   [GET_DATA]
    subroutine mpp_transmit_logical8_4d( put_data, put_len, to_pe, get_data, get_len, from_pe )
-------------------------------------------------------------------^
/central/groups/esm/lenka/synoptic_diffusivity/gfdl_idealized/spectral_idealized_public_release/idealized/src/shared/mpp/include/mpp_transmit.inc(55): warning #6843: A dummy argument with an explicit INTENT(OUT) declaration is not given an explicit value.   [GET_DATA]
    subroutine mpp_transmit_logical8_3d( put_data, put_len, to_pe, get_data, get_len, from_pe )
-------------------------------------------------------------------^
/central/groups/esm/lenka/synoptic_diffusivity/gfdl_idealized/spectral_idealized_public_release/idealized/src/shared/mpp/include/mpp_transmit.inc(35): warning #6843: A dummy argument with an explicit INTENT(OUT) declaration is not given an explicit value.   [GET_DATA]
    subroutine mpp_transmit_logical8_2d( put_data, put_len, to_pe, get_data, get_len, from_pe )
-------------------------------------------------------------------^
/central/groups/esm/lenka/synoptic_diffusivity/gfdl_idealized/spectral_idealized_public_release/idealized/src/shared/mpp/include/mpp_transmit.inc(11): warning #6843: A dummy argument with an explicit INTENT(OUT) declaration is not given an explicit value.   [GET_DATA]
    subroutine mpp_transmit_logical8_scalar( put_data, to_pe, get_data, from_pe, plen, glen)
--------------------------------------------------------------^
/central/groups/esm/lenka/synoptic_diffusivity/gfdl_idealized/spectral_idealized_public_release/idealized/src/shared/mpp/include/mpp_transmit.inc(136): warning #6843: A dummy argument with an explicit INTENT(OUT) declaration is not given an explicit value.   [GET_DATA]
    subroutine mpp_recv_int4_scalar( get_data, from_pe, glen )
-------------------------------------^
/central/groups/esm/lenka/synoptic_diffusivity/gfdl_idealized/spectral_idealized_public_release/idealized/src/shared/mpp/include/mpp_transmit.inc(95): warning #6843: A dummy argument with an explicit INTENT(OUT) declaration is not given an explicit value.   [GET_DATA]
    subroutine mpp_transmit_int4_5d( put_data, put_len, to_pe, get_data, get_len, from_pe )
---------------------------------------------------------------^
/central/groups/esm/lenka/synoptic_diffusivity/gfdl_idealized/spectral_idealized_public_release/idealized/src/shared/mpp/include/mpp_transmit.inc(75): warning #6843: A dummy argument with an explicit INTENT(OUT) declaration is not given an explicit value.   [GET_DATA]
    subroutine mpp_transmit_int4_4d( put_data, put_len, to_pe, get_data, get_len, from_pe )
---------------------------------------------------------------^
/central/groups/esm/lenka/synoptic_diffusivity/gfdl_idealized/spectral_idealized_public_release/idealized/src/shared/mpp/include/mpp_transmit.inc(55): warning #6843: A dummy argument with an explicit INTENT(OUT) declaration is not given an explicit value.   [GET_DATA]
    subroutine mpp_transmit_int4_3d( put_data, put_len, to_pe, get_data, get_len, from_pe )
---------------------------------------------------------------^
/central/groups/esm/lenka/synoptic_diffusivity/gfdl_idealized/spectral_idealized_public_release/idealized/src/shared/mpp/include/mpp_transmit.inc(35): warning #6843: A dummy argument with an explicit INTENT(OUT) declaration is not given an explicit value.   [GET_DATA]
    subroutine mpp_transmit_int4_2d( put_data, put_len, to_pe, get_data, get_len, from_pe )
---------------------------------------------------------------^
/central/groups/esm/lenka/synoptic_diffusivity/gfdl_idealized/spectral_idealized_public_release/idealized/src/shared/mpp/include/mpp_transmit.inc(11): warning #6843: A dummy argument with an explicit INTENT(OUT) declaration is not given an explicit value.   [GET_DATA]
    subroutine mpp_transmit_int4_scalar( put_data, to_pe, get_data, from_pe, plen, glen)
----------------------------------------------------------^
/central/groups/esm/lenka/synoptic_diffusivity/gfdl_idealized/spectral_idealized_public_release/idealized/src/shared/mpp/include/mpp_transmit.inc(136): warning #6843: A dummy argument with an explicit INTENT(OUT) declaration is not given an explicit value.   [GET_DATA]
    subroutine mpp_recv_int8_scalar( get_data, from_pe, glen )
-------------------------------------^
/central/groups/esm/lenka/synoptic_diffusivity/gfdl_idealized/spectral_idealized_public_release/idealized/src/shared/mpp/include/mpp_transmit.inc(95): warning #6843: A dummy argument with an explicit INTENT(OUT) declaration is not given an explicit value.   [GET_DATA]
    subroutine mpp_transmit_int8_5d( put_data, put_len, to_pe, get_data, get_len, from_pe )
---------------------------------------------------------------^
/central/groups/esm/lenka/synoptic_diffusivity/gfdl_idealized/spectral_idealized_public_release/idealized/src/shared/mpp/include/mpp_transmit.inc(75): warning #6843: A dummy argument with an explicit INTENT(OUT) declaration is not given an explicit value.   [GET_DATA]
    subroutine mpp_transmit_int8_4d( put_data, put_len, to_pe, get_data, get_len, from_pe )
---------------------------------------------------------------^
/central/groups/esm/lenka/synoptic_diffusivity/gfdl_idealized/spectral_idealized_public_release/idealized/src/shared/mpp/include/mpp_transmit.inc(55): warning #6843: A dummy argument with an explicit INTENT(OUT) declaration is not given an explicit value.   [GET_DATA]
    subroutine mpp_transmit_int8_3d( put_data, put_len, to_pe, get_data, get_len, from_pe )
---------------------------------------------------------------^
/central/groups/esm/lenka/synoptic_diffusivity/gfdl_idealized/spectral_idealized_public_release/idealized/src/shared/mpp/include/mpp_transmit.inc(35): warning #6843: A dummy argument with an explicit INTENT(OUT) declaration is not given an explicit value.   [GET_DATA]
    subroutine mpp_transmit_int8_2d( put_data, put_len, to_pe, get_data, get_len, from_pe )
---------------------------------------------------------------^
/central/groups/esm/lenka/synoptic_diffusivity/gfdl_idealized/spectral_idealized_public_release/idealized/src/shared/mpp/include/mpp_transmit.inc(11): warning #6843: A dummy argument with an explicit INTENT(OUT) declaration is not given an explicit value.   [GET_DATA]
    subroutine mpp_transmit_int8_scalar( put_data, to_pe, get_data, from_pe, plen, glen)
----------------------------------------------------------^
/central/groups/esm/lenka/synoptic_diffusivity/gfdl_idealized/spectral_idealized_public_release/idealized/src/shared/mpp/include/mpp_transmit.inc(136): warning #6843: A dummy argument with an explicit INTENT(OUT) declaration is not given an explicit value.   [GET_DATA]
    subroutine mpp_recv_cmplx4_scalar( get_data, from_pe, glen )
---------------------------------------^
/central/groups/esm/lenka/synoptic_diffusivity/gfdl_idealized/spectral_idealized_public_release/idealized/src/shared/mpp/include/mpp_transmit.inc(95): warning #6843: A dummy argument with an explicit INTENT(OUT) declaration is not given an explicit value.   [GET_DATA]
    subroutine mpp_transmit_cmplx4_5d( put_data, put_len, to_pe, get_data, get_len, from_pe )
-----------------------------------------------------------------^
/central/groups/esm/lenka/synoptic_diffusivity/gfdl_idealized/spectral_idealized_public_release/idealized/src/shared/mpp/include/mpp_transmit.inc(75): warning #6843: A dummy argument with an explicit INTENT(OUT) declaration is not given an explicit value.   [GET_DATA]
    subroutine mpp_transmit_cmplx4_4d( put_data, put_len, to_pe, get_data, get_len, from_pe )
-----------------------------------------------------------------^
/central/groups/esm/lenka/synoptic_diffusivity/gfdl_idealized/spectral_idealized_public_release/idealized/src/shared/mpp/include/mpp_transmit.inc(55): warning #6843: A dummy argument with an explicit INTENT(OUT) declaration is not given an explicit value.   [GET_DATA]
    subroutine mpp_transmit_cmplx4_3d( put_data, put_len, to_pe, get_data, get_len, from_pe )
-----------------------------------------------------------------^
/central/groups/esm/lenka/synoptic_diffusivity/gfdl_idealized/spectral_idealized_public_release/idealized/src/shared/mpp/include/mpp_transmit.inc(35): warning #6843: A dummy argument with an explicit INTENT(OUT) declaration is not given an explicit value.   [GET_DATA]
    subroutine mpp_transmit_cmplx4_2d( put_data, put_len, to_pe, get_data, get_len, from_pe )
-----------------------------------------------------------------^
/central/groups/esm/lenka/synoptic_diffusivity/gfdl_idealized/spectral_idealized_public_release/idealized/src/shared/mpp/include/mpp_transmit.inc(11): warning #6843: A dummy argument with an explicit INTENT(OUT) declaration is not given an explicit value.   [GET_DATA]
    subroutine mpp_transmit_cmplx4_scalar( put_data, to_pe, get_data, from_pe, plen, glen)
------------------------------------------------------------^
/central/groups/esm/lenka/synoptic_diffusivity/gfdl_idealized/spectral_idealized_public_release/idealized/src/shared/mpp/include/mpp_transmit.inc(136): warning #6843: A dummy argument with an explicit INTENT(OUT) declaration is not given an explicit value.   [GET_DATA]
    subroutine mpp_recv_real4_scalar( get_data, from_pe, glen )
--------------------------------------^
/central/groups/esm/lenka/synoptic_diffusivity/gfdl_idealized/spectral_idealized_public_release/idealized/src/shared/mpp/include/mpp_transmit.inc(95): warning #6843: A dummy argument with an explicit INTENT(OUT) declaration is not given an explicit value.   [GET_DATA]
    subroutine mpp_transmit_real4_5d( put_data, put_len, to_pe, get_data, get_len, from_pe )
----------------------------------------------------------------^
/central/groups/esm/lenka/synoptic_diffusivity/gfdl_idealized/spectral_idealized_public_release/idealized/src/shared/mpp/include/mpp_transmit.inc(75): warning #6843: A dummy argument with an explicit INTENT(OUT) declaration is not given an explicit value.   [GET_DATA]
    subroutine mpp_transmit_real4_4d( put_data, put_len, to_pe, get_data, get_len, from_pe )
----------------------------------------------------------------^
/central/groups/esm/lenka/synoptic_diffusivity/gfdl_idealized/spectral_idealized_public_release/idealized/src/shared/mpp/include/mpp_transmit.inc(55): warning #6843: A dummy argument with an explicit INTENT(OUT) declaration is not given an explicit value.   [GET_DATA]
    subroutine mpp_transmit_real4_3d( put_data, put_len, to_pe, get_data, get_len, from_pe )
----------------------------------------------------------------^
/central/groups/esm/lenka/synoptic_diffusivity/gfdl_idealized/spectral_idealized_public_release/idealized/src/shared/mpp/include/mpp_transmit.inc(35): warning #6843: A dummy argument with an explicit INTENT(OUT) declaration is not given an explicit value.   [GET_DATA]
    subroutine mpp_transmit_real4_2d( put_data, put_len, to_pe, get_data, get_len, from_pe )
----------------------------------------------------------------^
/central/groups/esm/lenka/synoptic_diffusivity/gfdl_idealized/spectral_idealized_public_release/idealized/src/shared/mpp/include/mpp_transmit.inc(11): warning #6843: A dummy argument with an explicit INTENT(OUT) declaration is not given an explicit value.   [GET_DATA]
    subroutine mpp_transmit_real4_scalar( put_data, to_pe, get_data, from_pe, plen, glen)
-----------------------------------------------------------^
/central/groups/esm/lenka/synoptic_diffusivity/gfdl_idealized/spectral_idealized_public_release/idealized/src/shared/mpp/include/mpp_transmit.inc(136): warning #6843: A dummy argument with an explicit INTENT(OUT) declaration is not given an explicit value.   [GET_DATA]
    subroutine mpp_recv_cmplx8_scalar( get_data, from_pe, glen )
---------------------------------------^
/central/groups/esm/lenka/synoptic_diffusivity/gfdl_idealized/spectral_idealized_public_release/idealized/src/shared/mpp/include/mpp_transmit.inc(95): warning #6843: A dummy argument with an explicit INTENT(OUT) declaration is not given an explicit value.   [GET_DATA]
    subroutine mpp_transmit_cmplx8_5d( put_data, put_len, to_pe, get_data, get_len, from_pe )
-----------------------------------------------------------------^
/central/groups/esm/lenka/synoptic_diffusivity/gfdl_idealized/spectral_idealized_public_release/idealized/src/shared/mpp/include/mpp_transmit.inc(75): warning #6843: A dummy argument with an explicit INTENT(OUT) declaration is not given an explicit value.   [GET_DATA]
    subroutine mpp_transmit_cmplx8_4d( put_data, put_len, to_pe, get_data, get_len, from_pe )
-----------------------------------------------------------------^
/central/groups/esm/lenka/synoptic_diffusivity/gfdl_idealized/spectral_idealized_public_release/idealized/src/shared/mpp/include/mpp_transmit.inc(55): warning #6843: A dummy argument with an explicit INTENT(OUT) declaration is not given an explicit value.   [GET_DATA]
    subroutine mpp_transmit_cmplx8_3d( put_data, put_len, to_pe, get_data, get_len, from_pe )
-----------------------------------------------------------------^
/central/groups/esm/lenka/synoptic_diffusivity/gfdl_idealized/spectral_idealized_public_release/idealized/src/shared/mpp/include/mpp_transmit.inc(35): warning #6843: A dummy argument with an explicit INTENT(OUT) declaration is not given an explicit value.   [GET_DATA]
    subroutine mpp_transmit_cmplx8_2d( put_data, put_len, to_pe, get_data, get_len, from_pe )
-----------------------------------------------------------------^
/central/groups/esm/lenka/synoptic_diffusivity/gfdl_idealized/spectral_idealized_public_release/idealized/src/shared/mpp/include/mpp_transmit.inc(11): warning #6843: A dummy argument with an explicit INTENT(OUT) declaration is not given an explicit value.   [GET_DATA]
    subroutine mpp_transmit_cmplx8_scalar( put_data, to_pe, get_data, from_pe, plen, glen)
------------------------------------------------------------^
/central/groups/esm/lenka/synoptic_diffusivity/gfdl_idealized/spectral_idealized_public_release/idealized/src/shared/mpp/include/mpp_transmit.inc(136): warning #6843: A dummy argument with an explicit INTENT(OUT) declaration is not given an explicit value.   [GET_DATA]
    subroutine mpp_recv_real8_scalar( get_data, from_pe, glen )
--------------------------------------^
/central/groups/esm/lenka/synoptic_diffusivity/gfdl_idealized/spectral_idealized_public_release/idealized/src/shared/mpp/include/mpp_transmit.inc(95): warning #6843: A dummy argument with an explicit INTENT(OUT) declaration is not given an explicit value.   [GET_DATA]
    subroutine mpp_transmit_real8_5d( put_data, put_len, to_pe, get_data, get_len, from_pe )
----------------------------------------------------------------^
/central/groups/esm/lenka/synoptic_diffusivity/gfdl_idealized/spectral_idealized_public_release/idealized/src/shared/mpp/include/mpp_transmit.inc(75): warning #6843: A dummy argument with an explicit INTENT(OUT) declaration is not given an explicit value.   [GET_DATA]
    subroutine mpp_transmit_real8_4d( put_data, put_len, to_pe, get_data, get_len, from_pe )
----------------------------------------------------------------^
/central/groups/esm/lenka/synoptic_diffusivity/gfdl_idealized/spectral_idealized_public_release/idealized/src/shared/mpp/include/mpp_transmit.inc(55): warning #6843: A dummy argument with an explicit INTENT(OUT) declaration is not given an explicit value.   [GET_DATA]
    subroutine mpp_transmit_real8_3d( put_data, put_len, to_pe, get_data, get_len, from_pe )
----------------------------------------------------------------^
/central/groups/esm/lenka/synoptic_diffusivity/gfdl_idealized/spectral_idealized_public_release/idealized/src/shared/mpp/include/mpp_transmit.inc(35): warning #6843: A dummy argument with an explicit INTENT(OUT) declaration is not given an explicit value.   [GET_DATA]
    subroutine mpp_transmit_real8_2d( put_data, put_len, to_pe, get_data, get_len, from_pe )
----------------------------------------------------------------^
/central/groups/esm/lenka/synoptic_diffusivity/gfdl_idealized/spectral_idealized_public_release/idealized/src/shared/mpp/include/mpp_transmit.inc(11): warning #6843: A dummy argument with an explicit INTENT(OUT) declaration is not given an explicit value.   [GET_DATA]
    subroutine mpp_transmit_real8_scalar( put_data, to_pe, get_data, from_pe, plen, glen)
-----------------------------------------------------------^
/central/groups/esm/lenka/synoptic_diffusivity/gfdl_idealized/spectral_idealized_public_release/idealized/src/shared/mpp/include/mpp_global_field.h(89): warning #6843: A dummy argument with an explicit INTENT(OUT) declaration is not given an explicit value.   [GLOBAL]
    subroutine mpp_global_field2D_l4_5d( domain, local, global, flags, new, dc_handle )
--------------------------------------------------------^
/central/groups/esm/lenka/synoptic_diffusivity/gfdl_idealized/spectral_idealized_public_release/idealized/src/shared/mpp/include/mpp_global_field.h(66): warning #6843: A dummy argument with an explicit INTENT(OUT) declaration is not given an explicit value.   [GLOBAL]
    subroutine mpp_global_field2D_l4_4d( domain, local, global, flags, new, dc_handle )
--------------------------------------------------------^
/central/groups/esm/lenka/synoptic_diffusivity/gfdl_idealized/spectral_idealized_public_release/idealized/src/shared/mpp/include/mpp_global_field.h(1): warning #6843: A dummy argument with an explicit INTENT(OUT) declaration is not given an explicit value.   [GLOBAL]
    subroutine mpp_global_field2D_l4_2d( domain, local, global, flags, new, dc_handle)
--------------------------------------------------------^
/central/groups/esm/lenka/synoptic_diffusivity/gfdl_idealized/spectral_idealized_public_release/idealized/src/shared/mpp/include/mpp_global_field.h(89): warning #6843: A dummy argument with an explicit INTENT(OUT) declaration is not given an explicit value.   [GLOBAL]
    subroutine mpp_global_field2D_i4_5d( domain, local, global, flags, new, dc_handle )
--------------------------------------------------------^
/central/groups/esm/lenka/synoptic_diffusivity/gfdl_idealized/spectral_idealized_public_release/idealized/src/shared/mpp/include/mpp_global_field.h(66): warning #6843: A dummy argument with an explicit INTENT(OUT) declaration is not given an explicit value.   [GLOBAL]
    subroutine mpp_global_field2D_i4_4d( domain, local, global, flags, new, dc_handle )
--------------------------------------------------------^
/central/groups/esm/lenka/synoptic_diffusivity/gfdl_idealized/spectral_idealized_public_release/idealized/src/shared/mpp/include/mpp_global_field.h(1): warning #6843: A dummy argument with an explicit INTENT(OUT) declaration is not given an explicit value.   [GLOBAL]
    subroutine mpp_global_field2D_i4_2d( domain, local, global, flags, new, dc_handle)
--------------------------------------------------------^
/central/groups/esm/lenka/synoptic_diffusivity/gfdl_idealized/spectral_idealized_public_release/idealized/src/shared/mpp/include/mpp_global_field.h(89): warning #6843: A dummy argument with an explicit INTENT(OUT) declaration is not given an explicit value.   [GLOBAL]
    subroutine mpp_global_field2D_c4_5d( domain, local, global, flags, new, dc_handle )
--------------------------------------------------------^
/central/groups/esm/lenka/synoptic_diffusivity/gfdl_idealized/spectral_idealized_public_release/idealized/src/shared/mpp/include/mpp_global_field.h(66): warning #6843: A dummy argument with an explicit INTENT(OUT) declaration is not given an explicit value.   [GLOBAL]
    subroutine mpp_global_field2D_c4_4d( domain, local, global, flags, new, dc_handle )
--------------------------------------------------------^
/central/groups/esm/lenka/synoptic_diffusivity/gfdl_idealized/spectral_idealized_public_release/idealized/src/shared/mpp/include/mpp_global_field.h(1): warning #6843: A dummy argument with an explicit INTENT(OUT) declaration is not given an explicit value.   [GLOBAL]
    subroutine mpp_global_field2D_c4_2d( domain, local, global, flags, new, dc_handle)
--------------------------------------------------------^
/central/groups/esm/lenka/synoptic_diffusivity/gfdl_idealized/spectral_idealized_public_release/idealized/src/shared/mpp/include/mpp_global_field.h(89): warning #6843: A dummy argument with an explicit INTENT(OUT) declaration is not given an explicit value.   [GLOBAL]
    subroutine mpp_global_field2D_r4_5d( domain, local, global, flags, new, dc_handle )
--------------------------------------------------------^
/central/groups/esm/lenka/synoptic_diffusivity/gfdl_idealized/spectral_idealized_public_release/idealized/src/shared/mpp/include/mpp_global_field.h(66): warning #6843: A dummy argument with an explicit INTENT(OUT) declaration is not given an explicit value.   [GLOBAL]
    subroutine mpp_global_field2D_r4_4d( domain, local, global, flags, new, dc_handle )
--------------------------------------------------------^
/central/groups/esm/lenka/synoptic_diffusivity/gfdl_idealized/spectral_idealized_public_release/idealized/src/shared/mpp/include/mpp_global_field.h(1): warning #6843: A dummy argument with an explicit INTENT(OUT) declaration is not given an explicit value.   [GLOBAL]
    subroutine mpp_global_field2D_r4_2d( domain, local, global, flags, new, dc_handle)
--------------------------------------------------------^
/central/groups/esm/lenka/synoptic_diffusivity/gfdl_idealized/spectral_idealized_public_release/idealized/src/shared/mpp/include/mpp_global_field.h(89): warning #6843: A dummy argument with an explicit INTENT(OUT) declaration is not given an explicit value.   [GLOBAL]
    subroutine mpp_global_field2D_l8_5d( domain, local, global, flags, new, dc_handle )
--------------------------------------------------------^
/central/groups/esm/lenka/synoptic_diffusivity/gfdl_idealized/spectral_idealized_public_release/idealized/src/shared/mpp/include/mpp_global_field.h(66): warning #6843: A dummy argument with an explicit INTENT(OUT) declaration is not given an explicit value.   [GLOBAL]
    subroutine mpp_global_field2D_l8_4d( domain, local, global, flags, new, dc_handle )
--------------------------------------------------------^
/central/groups/esm/lenka/synoptic_diffusivity/gfdl_idealized/spectral_idealized_public_release/idealized/src/shared/mpp/include/mpp_global_field.h(1): warning #6843: A dummy argument with an explicit INTENT(OUT) declaration is not given an explicit value.   [GLOBAL]
    subroutine mpp_global_field2D_l8_2d( domain, local, global, flags, new, dc_handle)
--------------------------------------------------------^
/central/groups/esm/lenka/synoptic_diffusivity/gfdl_idealized/spectral_idealized_public_release/idealized/src/shared/mpp/include/mpp_global_field.h(89): warning #6843: A dummy argument with an explicit INTENT(OUT) declaration is not given an explicit value.   [GLOBAL]
    subroutine mpp_global_field2D_i8_5d( domain, local, global, flags, new, dc_handle )
--------------------------------------------------------^
/central/groups/esm/lenka/synoptic_diffusivity/gfdl_idealized/spectral_idealized_public_release/idealized/src/shared/mpp/include/mpp_global_field.h(66): warning #6843: A dummy argument with an explicit INTENT(OUT) declaration is not given an explicit value.   [GLOBAL]
    subroutine mpp_global_field2D_i8_4d( domain, local, global, flags, new, dc_handle )
--------------------------------------------------------^
/central/groups/esm/lenka/synoptic_diffusivity/gfdl_idealized/spectral_idealized_public_release/idealized/src/shared/mpp/include/mpp_global_field.h(1): warning #6843: A dummy argument with an explicit INTENT(OUT) declaration is not given an explicit value.   [GLOBAL]
    subroutine mpp_global_field2D_i8_2d( domain, local, global, flags, new, dc_handle)
--------------------------------------------------------^
/central/groups/esm/lenka/synoptic_diffusivity/gfdl_idealized/spectral_idealized_public_release/idealized/src/shared/mpp/include/mpp_global_field.h(89): warning #6843: A dummy argument with an explicit INTENT(OUT) declaration is not given an explicit value.   [GLOBAL]
    subroutine mpp_global_field2D_c8_5d( domain, local, global, flags, new, dc_handle )
--------------------------------------------------------^
/central/groups/esm/lenka/synoptic_diffusivity/gfdl_idealized/spectral_idealized_public_release/idealized/src/shared/mpp/include/mpp_global_field.h(66): warning #6843: A dummy argument with an explicit INTENT(OUT) declaration is not given an explicit value.   [GLOBAL]
    subroutine mpp_global_field2D_c8_4d( domain, local, global, flags, new, dc_handle )
--------------------------------------------------------^
/central/groups/esm/lenka/synoptic_diffusivity/gfdl_idealized/spectral_idealized_public_release/idealized/src/shared/mpp/include/mpp_global_field.h(1): warning #6843: A dummy argument with an explicit INTENT(OUT) declaration is not given an explicit value.   [GLOBAL]
    subroutine mpp_global_field2D_c8_2d( domain, local, global, flags, new, dc_handle)
--------------------------------------------------------^
/central/groups/esm/lenka/synoptic_diffusivity/gfdl_idealized/spectral_idealized_public_release/idealized/src/shared/mpp/include/mpp_global_field.h(89): warning #6843: A dummy argument with an explicit INTENT(OUT) declaration is not given an explicit value.   [GLOBAL]
    subroutine mpp_global_field2D_r8_5d( domain, local, global, flags, new, dc_handle )
--------------------------------------------------------^
/central/groups/esm/lenka/synoptic_diffusivity/gfdl_idealized/spectral_idealized_public_release/idealized/src/shared/mpp/include/mpp_global_field.h(66): warning #6843: A dummy argument with an explicit INTENT(OUT) declaration is not given an explicit value.   [GLOBAL]
    subroutine mpp_global_field2D_r8_4d( domain, local, global, flags, new, dc_handle )
--------------------------------------------------------^
/central/groups/esm/lenka/synoptic_diffusivity/gfdl_idealized/spectral_idealized_public_release/idealized/src/shared/mpp/include/mpp_global_field.h(1): warning #6843: A dummy argument with an explicit INTENT(OUT) declaration is not given an explicit value.   [GLOBAL]
    subroutine mpp_global_field2D_r8_2d( domain, local, global, flags, new, dc_handle)
--------------------------------------------------------^
/central/groups/esm/lenka/synoptic_diffusivity/gfdl_idealized/spectral_idealized_public_release/idealized/src/shared/mpp/include/mpp_update_domains2D.h(299): warning #6843: A dummy argument with an explicit INTENT(OUT) declaration is not given an explicit value.   [FIELD_OUT]
    subroutine mpp_redistribute_l4_5D( domain_in, field_in, domain_out, field_out, complete, free, list_size, dc_handle, position )
------------------------------------------------------------------------^
/central/groups/esm/lenka/synoptic_diffusivity/gfdl_idealized/spectral_idealized_public_release/idealized/src/shared/mpp/include/mpp_update_domains2D.h(274): warning #6843: A dummy argument with an explicit INTENT(OUT) declaration is not given an explicit value.   [FIELD_OUT]
    subroutine mpp_redistribute_l4_4D( domain_in, field_in, domain_out, field_out, complete, free, list_size, dc_handle, position )
------------------------------------------------------------------------^
/central/groups/esm/lenka/synoptic_diffusivity/gfdl_idealized/spectral_idealized_public_release/idealized/src/shared/mpp/include/mpp_update_domains2D.h(151): warning #6843: A dummy argument with an explicit INTENT(OUT) declaration is not given an explicit value.   [FIELD_OUT]
    subroutine mpp_redistribute_l4_2D( domain_in, field_in, domain_out, field_out, complete, free, list_size, dc_handle, position )
------------------------------------------------------------------------^
/central/groups/esm/lenka/synoptic_diffusivity/gfdl_idealized/spectral_idealized_public_release/idealized/src/shared/mpp/include/mpp_update_domains2D.h(299): warning #6843: A dummy argument with an explicit INTENT(OUT) declaration is not given an explicit value.   [FIELD_OUT]
    subroutine mpp_redistribute_i4_5D( domain_in, field_in, domain_out, field_out, complete, free, list_size, dc_handle, position )
------------------------------------------------------------------------^
/central/groups/esm/lenka/synoptic_diffusivity/gfdl_idealized/spectral_idealized_public_release/idealized/src/shared/mpp/include/mpp_update_domains2D.h(274): warning #6843: A dummy argument with an explicit INTENT(OUT) declaration is not given an explicit value.   [FIELD_OUT]
    subroutine mpp_redistribute_i4_4D( domain_in, field_in, domain_out, field_out, complete, free, list_size, dc_handle, position )
------------------------------------------------------------------------^
/central/groups/esm/lenka/synoptic_diffusivity/gfdl_idealized/spectral_idealized_public_release/idealized/src/shared/mpp/include/mpp_update_domains2D.h(151): warning #6843: A dummy argument with an explicit INTENT(OUT) declaration is not given an explicit value.   [FIELD_OUT]
    subroutine mpp_redistribute_i4_2D( domain_in, field_in, domain_out, field_out, complete, free, list_size, dc_handle, position )
------------------------------------------------------------------------^
/central/groups/esm/lenka/synoptic_diffusivity/gfdl_idealized/spectral_idealized_public_release/idealized/src/shared/mpp/include/mpp_update_domains2D.h(299): warning #6843: A dummy argument with an explicit INTENT(OUT) declaration is not given an explicit value.   [FIELD_OUT]
    subroutine mpp_redistribute_c4_5D( domain_in, field_in, domain_out, field_out, complete, free, list_size, dc_handle, position )
------------------------------------------------------------------------^
/central/groups/esm/lenka/synoptic_diffusivity/gfdl_idealized/spectral_idealized_public_release/idealized/src/shared/mpp/include/mpp_update_domains2D.h(274): warning #6843: A dummy argument with an explicit INTENT(OUT) declaration is not given an explicit value.   [FIELD_OUT]
    subroutine mpp_redistribute_c4_4D( domain_in, field_in, domain_out, field_out, complete, free, list_size, dc_handle, position )
------------------------------------------------------------------------^
/central/groups/esm/lenka/synoptic_diffusivity/gfdl_idealized/spectral_idealized_public_release/idealized/src/shared/mpp/include/mpp_update_domains2D.h(151): warning #6843: A dummy argument with an explicit INTENT(OUT) declaration is not given an explicit value.   [FIELD_OUT]
    subroutine mpp_redistribute_c4_2D( domain_in, field_in, domain_out, field_out, complete, free, list_size, dc_handle, position )
------------------------------------------------------------------------^
/central/groups/esm/lenka/synoptic_diffusivity/gfdl_idealized/spectral_idealized_public_release/idealized/src/shared/mpp/include/mpp_update_domains2D.h(299): warning #6843: A dummy argument with an explicit INTENT(OUT) declaration is not given an explicit value.   [FIELD_OUT]
    subroutine mpp_redistribute_r4_5D( domain_in, field_in, domain_out, field_out, complete, free, list_size, dc_handle, position )
------------------------------------------------------------------------^
/central/groups/esm/lenka/synoptic_diffusivity/gfdl_idealized/spectral_idealized_public_release/idealized/src/shared/mpp/include/mpp_update_domains2D.h(274): warning #6843: A dummy argument with an explicit INTENT(OUT) declaration is not given an explicit value.   [FIELD_OUT]
    subroutine mpp_redistribute_r4_4D( domain_in, field_in, domain_out, field_out, complete, free, list_size, dc_handle, position )
------------------------------------------------------------------------^
/central/groups/esm/lenka/synoptic_diffusivity/gfdl_idealized/spectral_idealized_public_release/idealized/src/shared/mpp/include/mpp_update_domains2D.h(151): warning #6843: A dummy argument with an explicit INTENT(OUT) declaration is not given an explicit value.   [FIELD_OUT]
    subroutine mpp_redistribute_r4_2D( domain_in, field_in, domain_out, field_out, complete, free, list_size, dc_handle, position )
------------------------------------------------------------------------^
/central/groups/esm/lenka/synoptic_diffusivity/gfdl_idealized/spectral_idealized_public_release/idealized/src/shared/mpp/include/mpp_update_domains2D.h(299): warning #6843: A dummy argument with an explicit INTENT(OUT) declaration is not given an explicit value.   [FIELD_OUT]
    subroutine mpp_redistribute_l8_5D( domain_in, field_in, domain_out, field_out, complete, free, list_size, dc_handle, position )
------------------------------------------------------------------------^
/central/groups/esm/lenka/synoptic_diffusivity/gfdl_idealized/spectral_idealized_public_release/idealized/src/shared/mpp/include/mpp_update_domains2D.h(274): warning #6843: A dummy argument with an explicit INTENT(OUT) declaration is not given an explicit value.   [FIELD_OUT]
    subroutine mpp_redistribute_l8_4D( domain_in, field_in, domain_out, field_out, complete, free, list_size, dc_handle, position )
------------------------------------------------------------------------^
/central/groups/esm/lenka/synoptic_diffusivity/gfdl_idealized/spectral_idealized_public_release/idealized/src/shared/mpp/include/mpp_update_domains2D.h(151): warning #6843: A dummy argument with an explicit INTENT(OUT) declaration is not given an explicit value.   [FIELD_OUT]
    subroutine mpp_redistribute_l8_2D( domain_in, field_in, domain_out, field_out, complete, free, list_size, dc_handle, position )
------------------------------------------------------------------------^
/central/groups/esm/lenka/synoptic_diffusivity/gfdl_idealized/spectral_idealized_public_release/idealized/src/shared/mpp/include/mpp_update_domains2D.h(299): warning #6843: A dummy argument with an explicit INTENT(OUT) declaration is not given an explicit value.   [FIELD_OUT]
    subroutine mpp_redistribute_i8_5D( domain_in, field_in, domain_out, field_out, complete, free, list_size, dc_handle, position )
------------------------------------------------------------------------^
/central/groups/esm/lenka/synoptic_diffusivity/gfdl_idealized/spectral_idealized_public_release/idealized/src/shared/mpp/include/mpp_update_domains2D.h(274): warning #6843: A dummy argument with an explicit INTENT(OUT) declaration is not given an explicit value.   [FIELD_OUT]
    subroutine mpp_redistribute_i8_4D( domain_in, field_in, domain_out, field_out, complete, free, list_size, dc_handle, position )
------------------------------------------------------------------------^
/central/groups/esm/lenka/synoptic_diffusivity/gfdl_idealized/spectral_idealized_public_release/idealized/src/shared/mpp/include/mpp_update_domains2D.h(151): warning #6843: A dummy argument with an explicit INTENT(OUT) declaration is not given an explicit value.   [FIELD_OUT]
    subroutine mpp_redistribute_i8_2D( domain_in, field_in, domain_out, field_out, complete, free, list_size, dc_handle, position )
------------------------------------------------------------------------^
/central/groups/esm/lenka/synoptic_diffusivity/gfdl_idealized/spectral_idealized_public_release/idealized/src/shared/mpp/include/mpp_update_domains2D.h(299): warning #6843: A dummy argument with an explicit INTENT(OUT) declaration is not given an explicit value.   [FIELD_OUT]
    subroutine mpp_redistribute_c8_5D( domain_in, field_in, domain_out, field_out, complete, free, list_size, dc_handle, position )
------------------------------------------------------------------------^
/central/groups/esm/lenka/synoptic_diffusivity/gfdl_idealized/spectral_idealized_public_release/idealized/src/shared/mpp/include/mpp_update_domains2D.h(274): warning #6843: A dummy argument with an explicit INTENT(OUT) declaration is not given an explicit value.   [FIELD_OUT]
    subroutine mpp_redistribute_c8_4D( domain_in, field_in, domain_out, field_out, complete, free, list_size, dc_handle, position )
------------------------------------------------------------------------^
/central/groups/esm/lenka/synoptic_diffusivity/gfdl_idealized/spectral_idealized_public_release/idealized/src/shared/mpp/include/mpp_update_domains2D.h(151): warning #6843: A dummy argument with an explicit INTENT(OUT) declaration is not given an explicit value.   [FIELD_OUT]
    subroutine mpp_redistribute_c8_2D( domain_in, field_in, domain_out, field_out, complete, free, list_size, dc_handle, position )
------------------------------------------------------------------------^
/central/groups/esm/lenka/synoptic_diffusivity/gfdl_idealized/spectral_idealized_public_release/idealized/src/shared/mpp/include/mpp_update_domains2D.h(299): warning #6843: A dummy argument with an explicit INTENT(OUT) declaration is not given an explicit value.   [FIELD_OUT]
    subroutine mpp_redistribute_r8_5D( domain_in, field_in, domain_out, field_out, complete, free, list_size, dc_handle, position )
------------------------------------------------------------------------^
/central/groups/esm/lenka/synoptic_diffusivity/gfdl_idealized/spectral_idealized_public_release/idealized/src/shared/mpp/include/mpp_update_domains2D.h(274): warning #6843: A dummy argument with an explicit INTENT(OUT) declaration is not given an explicit value.   [FIELD_OUT]
    subroutine mpp_redistribute_r8_4D( domain_in, field_in, domain_out, field_out, complete, free, list_size, dc_handle, position )
------------------------------------------------------------------------^
/central/groups/esm/lenka/synoptic_diffusivity/gfdl_idealized/spectral_idealized_public_release/idealized/src/shared/mpp/include/mpp_update_domains2D.h(151): warning #6843: A dummy argument with an explicit INTENT(OUT) declaration is not given an explicit value.   [FIELD_OUT]
    subroutine mpp_redistribute_r8_2D( domain_in, field_in, domain_out, field_out, complete, free, list_size, dc_handle, position )
------------------------------------------------------------------------^
/central/groups/esm/lenka/synoptic_diffusivity/gfdl_idealized/spectral_idealized_public_release/idealized/src/shared/mpp/include/mpp_io_misc.inc(160): warning #7532: The number of arguments is incompatible with intrinsic procedure, assume 'external'.   [FLUSH]
         if( mpp_file(unit)%opened )call FLUSH(unit,istat)
-----------------------------------------^
/central/groups/esm/lenka/synoptic_diffusivity/gfdl_idealized/spectral_idealized_public_release/idealized/src/shared/mpp/include/mpp_io_util.inc(380): warning #6843: A dummy argument with an explicit INTENT(OUT) declaration is not given an explicit value.   [IOSPEC]
    subroutine mpp_get_iospec( unit, iospec )
-------------------------------------^
/central/groups/esm/lenka/synoptic_diffusivity/gfdl_idealized/spectral_idealized_public_release/idealized/src/shared/tracer_manager/tracer_manager.F90(1115): remark #8291: Recommended relationship between field width 'W' and the number of fractional digits 'D' in this edit descriptor is 'W>=D+7'.
901 FORMAT(E12.6,1x,E12.6)
------------^
/central/groups/esm/lenka/synoptic_diffusivity/gfdl_idealized/spectral_idealized_public_release/idealized/src/shared/tracer_manager/tracer_manager.F90(1115): remark #8291: Recommended relationship between field width 'W' and the number of fractional digits 'D' in this edit descriptor is 'W>=D+7'.
901 FORMAT(E12.6,1x,E12.6)
---------------------^
/central/groups/esm/lenka/synoptic_diffusivity/gfdl_idealized/spectral_idealized_public_release/idealized/src/shared/tracer_manager/tracer_manager.F90(1114): remark #8291: Recommended relationship between field width 'W' and the number of fractional digits 'D' in this edit descriptor is 'W>=D+7'.
900 FORMAT(A,2(1x,E12.6))
-------------------^
/central/groups/esm/lenka/synoptic_diffusivity/gfdl_idealized/spectral_idealized_public_release/idealized/src/shared/tracer_manager/tracer_manager.F90(1867): remark #8291: Recommended relationship between field width 'W' and the number of fractional digits 'D' in this edit descriptor is 'W>=D+7'.
  700 FORMAT (3A,E12.6,A,F10.6)
------------------^
/central/groups/esm/lenka/synoptic_diffusivity/gfdl_idealized/spectral_idealized_public_release/idealized/src/atmos_param/tapio_forcing/grid_physics_simple.f90(138): remark #8291: Recommended relationship between field width 'W' and the number of fractional digits 'D' in this edit descriptor is 'W>=D+7'.
20  format(1x,a,1x,e8.2,1x,a)
--------------------^
/central/groups/esm/lenka/synoptic_diffusivity/gfdl_idealized/spectral_idealized_public_release/idealized/src/coupler/surface_flux.f90(280): warning #6843: A dummy argument with an explicit INTENT(OUT) declaration is not given an explicit value.   [DEDQ_SURF_0]
     dhdt_surf_0, dedt_surf_0,  dedq_surf_0,  drdt_surf_0,                   &
--------------------------------^
/central/groups/esm/lenka/synoptic_diffusivity/gfdl_idealized/spectral_idealized_public_release/idealized/src/shared/memutils/memuse.c(36): warning #47: incompatible redefinition of macro "RUSAGE_SELF" (declared at line 162 of "/usr/include/bits/resource.h")
  #define RUSAGE_SELF      0         /* calling process */
          ^

/central/groups/esm/lenka/synoptic_diffusivity/gfdl_idealized/spectral_idealized_public_release/idealized/src/shared/memutils/memuse.c(37): warning #47: incompatible redefinition of macro "RUSAGE_CHILDREN" (declared at line 166 of "/usr/include/bits/resource.h")
  #define RUSAGE_CHILDREN  -1        /* terminated child processes */
          ^

cd /central/scratch/elencz/caltech_fms_idealized/default_idealized_hpc/default_idealized_hpc_odp_1.0/workdir/INPUT
if ( !=  ) then
set ocean_mask = ocean_mask_T42.nc
if ( -e /central/groups/esm/lenka/synoptic_diffusivity/gfdl_idealized/spectral_idealized_public_release/exp/default_idealized_hpc/input/ocean_mask_T42.nc ) then
while ( 1 < = 60 )
cd /central/scratch/elencz/caltech_fms_idealized/default_idealized_hpc/default_idealized_hpc_odp_1.0/workdir
if ( 1 == 1 && 1 == 1 ) then
cat
else
if ( moist == dry ) then
if ( moist == moist ) then
cat
else if ( moist == moist_hydro ) then
cat
endif
cat /central/groups/esm/lenka/synoptic_diffusivity/gfdl_idealized/spectral_idealized_public_release/exp/default_idealized_hpc/input/namelists_moist
cp /central/groups/esm/lenka/synoptic_diffusivity/gfdl_idealized/spectral_idealized_public_release/exp/default_idealized_hpc/input/diag_table_moist_3d diag_table
cp /central/groups/esm/lenka/synoptic_diffusivity/gfdl_idealized/spectral_idealized_public_release/exp/default_idealized_hpc/input/field_table_moist field_table
cp /central/groups/esm/lenka/synoptic_diffusivity/gfdl_idealized//fms_tmp/default_idealized_hpc/exe.fms/fms.x fms.x
cp input.nml /central/groups/esm/lenka/synoptic_diffusivity/gfdl_idealized//fms_tmp/default_idealized_hpc/default_idealized_hpc_odp_1.0
set MX_RCACHE=2
srun /central/scratch/elencz/caltech_fms_idealized/default_idealized_hpc/default_idealized_hpc_odp_1.0/workdir/fms.x

WARNING from PE    0: Namelist mix_snapshot_average_fields = true will cause ERROR in time coordinates of all time_averaged fields. Strongly recommend mix_snapshot_average_fields = false







WARNING from PE    7: mixed_layer: mixed_layer restart file not found




WARNING from PE    2: mixed_layer: mixed_layer restart file not found

WARNING from PE    0: mixed_layer: mixed_layer restart file not found

WARNING from PE    1: mixed_layer: mixed_layer restart file not found



WARNING from PE    9: mixed_layer: mixed_layer restart file not found
WARNING from PE    8: mixed_layer: mixed_layer restart file not found


WARNING from PE   15: mixed_layer: mixed_layer restart file not found
WARNING from PE    6: mixed_layer: mixed_layer restart file not found

WARNING from PE   10: mixed_layer: mixed_layer restart file not found



WARNING from PE    5: mixed_layer: mixed_layer restart file not found

WARNING from PE   11: mixed_layer: mixed_layer restart file not found

WARNING from PE   13: mixed_layer: mixed_layer restart file not found




WARNING from PE   12: mixed_layer: mixed_layer restart file not found
WARNING from PE   14: mixed_layer: mixed_layer restart file not found


WARNING from PE    3: mixed_layer: mixed_layer restart file not found


WARNING from PE    4: mixed_layer: mixed_layer restart file not found

