echo *** Running /central/groups/esm/lenka/synoptic_diffusivity/gfdl_idealized/spectral_idealized_public_release/exp/hs_hpc/run/run_exp on hpc-90-22 ***
date
set analysis_version = analysis_3d
set analysis_script = run_analysis_dry_3d_hpc
set diagtable = /central/groups/esm/lenka/synoptic_diffusivity/gfdl_idealized/spectral_idealized_public_release/exp/hs_hpc/input/diag_table_dry_3d
set analysis_dir = /central/groups/esm/lenka/synoptic_diffusivity/gfdl_idealized/spectral_idealized_public_release/analysis/analysis_3d/run
source /etc/profile.d/modules.csh
if ( 0tcsh ) then
if: Badly formed number.
module load intel/18.1
module: Command not found.
module load hdf5/1.10.2
module: Command not found.
module load netcdf-c/4.6.1
module: Command not found.
module load netcdf-fortran/4.4.4
module: Command not found.
module load ncview
module: Command not found.
limit stacksize unlimited
cd /central/groups/esm/lenka/synoptic_diffusivity/gfdl_idealized/spectral_idealized_public_release/exp/hs_hpc
set tmpdir = /central/groups/esm/lenka/synoptic_diffusivity/gfdl_idealized//fms_tmp/hs_hpc
set run_dir = /central/groups/esm/lenka/synoptic_diffusivity/gfdl_idealized//fms_tmp/hs_hpc/hs_hpc_odp_1.0
set workdir = /central/scratch/elencz/caltech_fms_idealized/hs_hpc/hs_hpc_odp_1.0/workdir
set output_dir = /central/scratch/elencz/caltech_fms_idealized/hs_hpc/hs_hpc_odp_1.0/output
set platform = ifc
set init_cond = 
set pathnames = /central/groups/esm/lenka/synoptic_diffusivity/gfdl_idealized/spectral_idealized_public_release/exp/hs_hpc/input/path_names
set namelist = /central/groups/esm/lenka/synoptic_diffusivity/gfdl_idealized/spectral_idealized_public_release/exp/hs_hpc/input/namelists_dry
set fieldtable = /central/groups/esm/lenka/synoptic_diffusivity/gfdl_idealized/spectral_idealized_public_release/exp/hs_hpc/input/field_table_dry
set execdir = /central/groups/esm/lenka/synoptic_diffusivity/gfdl_idealized//fms_tmp/hs_hpc/exe.fms
set run_analysis = /central/groups/esm/lenka/synoptic_diffusivity/gfdl_idealized//fms_tmp/hs_hpc/hs_hpc_odp_1.0/analysis
set analysis_out_err = /central/groups/esm/lenka/synoptic_diffusivity/gfdl_idealized//fms_tmp/hs_hpc/hs_hpc_odp_1.0/analysis/out_err
set mppnccombine = /central/groups/esm/lenka/synoptic_diffusivity/gfdl_idealized//fms_tmp/hs_hpc/mppnccombine.ifc
set template = /central/groups/esm/lenka/synoptic_diffusivity/gfdl_idealized/spectral_idealized_public_release/idealized/bin/mkmf.template.ifc_hpc_mpi
set mkmf = /central/groups/esm/lenka/synoptic_diffusivity/gfdl_idealized/spectral_idealized_public_release/idealized/bin/mkmf
set sourcedir = /central/groups/esm/lenka/synoptic_diffusivity/gfdl_idealized/spectral_idealized_public_release/idealized/src
set time_stamp = /central/groups/esm/lenka/synoptic_diffusivity/gfdl_idealized/spectral_idealized_public_release/idealized/bin/time_stamp.csh
set ireload = 1
set irun = 1
set reload_file = /central/groups/esm/lenka/synoptic_diffusivity/gfdl_idealized//fms_tmp/hs_hpc/hs_hpc_odp_1.0/reload_commands
if ( -d /central/groups/esm/lenka/synoptic_diffusivity/gfdl_idealized//fms_tmp/hs_hpc/hs_hpc_odp_1.0 ) then
if ( -f /central/groups/esm/lenka/synoptic_diffusivity/gfdl_idealized//fms_tmp/hs_hpc/hs_hpc_odp_1.0/reload_commands ) then
endif
if ( ! -d /central/groups/esm/lenka/synoptic_diffusivity/gfdl_idealized/spectral_idealized_public_release/exp/hs_hpc/run/out_err ) mkdir -p /central/groups/esm/lenka/synoptic_diffusivity/gfdl_idealized/spectral_idealized_public_release/exp/hs_hpc/run/out_err
if ( ! -d /central/groups/esm/lenka/synoptic_diffusivity/gfdl_idealized//fms_tmp/hs_hpc/exe.fms ) mkdir -p /central/groups/esm/lenka/synoptic_diffusivity/gfdl_idealized//fms_tmp/hs_hpc/exe.fms
if ( ! -d /central/groups/esm/lenka/synoptic_diffusivity/gfdl_idealized//fms_tmp/hs_hpc/hs_hpc_odp_1.0/analysis ) mkdir -p /central/groups/esm/lenka/synoptic_diffusivity/gfdl_idealized//fms_tmp/hs_hpc/hs_hpc_odp_1.0/analysis
if ( ! -d /central/groups/esm/lenka/synoptic_diffusivity/gfdl_idealized//fms_tmp/hs_hpc/hs_hpc_odp_1.0/analysis/out_err ) mkdir -p /central/groups/esm/lenka/synoptic_diffusivity/gfdl_idealized//fms_tmp/hs_hpc/hs_hpc_odp_1.0/analysis/out_err
if ( ! -e /central/scratch/elencz/caltech_fms_idealized/hs_hpc/hs_hpc_odp_1.0/workdir ) then
mkdir /central/scratch/elencz/caltech_fms_idealized/hs_hpc/hs_hpc_odp_1.0/workdir /central/scratch/elencz/caltech_fms_idealized/hs_hpc/hs_hpc_odp_1.0/workdir/INPUT /central/scratch/elencz/caltech_fms_idealized/hs_hpc/hs_hpc_odp_1.0/workdir/RESTART
else
if ( ! -d /central/scratch/elencz/caltech_fms_idealized/hs_hpc/hs_hpc_odp_1.0/output ) then
if ( ! -f /central/groups/esm/lenka/synoptic_diffusivity/gfdl_idealized//fms_tmp/hs_hpc/mppnccombine.ifc ) then
/bin/cp /central/groups/esm/lenka/synoptic_diffusivity/gfdl_idealized/spectral_idealized_public_release/idealized/bin/mkmf.template.ifc_hpc_mpi /central/scratch/elencz/caltech_fms_idealized/hs_hpc/hs_hpc_odp_1.0/workdir/tmp_template
echo fms_home = /central/groups/esm/lenka/synoptic_diffusivity/gfdl_idealized/spectral_idealized_public_release/idealized
cd /central/groups/esm/lenka/synoptic_diffusivity/gfdl_idealized/spectral_idealized_public_release/idealized/src
find /central/groups/esm/lenka/synoptic_diffusivity/gfdl_idealized/spectral_idealized_public_release/exp/hs_hpc/srcmods/ -maxdepth 1 -iname *.f90 -o -iname *.inc -o -iname *.c -o -iname *.h
echo Using the following sourcecode modifications:
cat /central/scratch/elencz/caltech_fms_idealized/hs_hpc/hs_hpc_odp_1.0/workdir/tmp_pathnames
cat /central/groups/esm/lenka/synoptic_diffusivity/gfdl_idealized/spectral_idealized_public_release/exp/hs_hpc/input/path_names
cd /central/groups/esm/lenka/synoptic_diffusivity/gfdl_idealized//fms_tmp/hs_hpc/exe.fms
/central/groups/esm/lenka/synoptic_diffusivity/gfdl_idealized/spectral_idealized_public_release/idealized/bin/mkmf -p fms.x -t /central/scratch/elencz/caltech_fms_idealized/hs_hpc/hs_hpc_odp_1.0/workdir/tmp_template -c -Duse_libMPI -Duse_netCDF -a /central/groups/esm/lenka/synoptic_diffusivity/gfdl_idealized/spectral_idealized_public_release/idealized/src /central/scratch/elencz/caltech_fms_idealized/hs_hpc/hs_hpc_odp_1.0/workdir/tmp_pathnames /central/groups/esm/lenka/synoptic_diffusivity/gfdl_idealized/spectral_idealized_public_release/idealized/src/shared/include /central/groups/esm/lenka/synoptic_diffusivity/gfdl_idealized/spectral_idealized_public_release/idealized/src/shared/mpp/include
........................................................................make -f Makefile
/central/groups/esm/lenka/synoptic_diffusivity/gfdl_idealized/spectral_idealized_public_release/idealized/src/shared/mpp/include/mpp_util_mpi.inc(43): warning #7532: The number of arguments is incompatible with intrinsic procedure, assume 'external'.   [FLUSH]
        call FLUSH(stdout(),istat)
-------------^
/central/groups/esm/lenka/synoptic_diffusivity/gfdl_idealized/spectral_idealized_public_release/idealized/src/shared/mpp/include/mpp_util.inc(90): warning #7532: The number of arguments is incompatible with intrinsic procedure, assume 'external'.   [FLUSH]
          call FLUSH(log_unit,istat)
---------------^
/central/groups/esm/lenka/synoptic_diffusivity/gfdl_idealized/spectral_idealized_public_release/idealized/src/shared/mpp/include/mpp_comm_mpi.inc(142): warning #7532: The number of arguments is incompatible with intrinsic procedure, assume 'external'.   [FLUSH]
     call FLUSH( stdout(), istat )
----------^
/central/groups/esm/lenka/synoptic_diffusivity/gfdl_idealized/spectral_idealized_public_release/idealized/src/shared/mpp/include/mpp_transmit.inc(136): warning #6843: A dummy argument with an explicit INTENT(OUT) declaration is not given an explicit value.   [GET_DATA]
    subroutine mpp_recv_logical4_scalar( get_data, from_pe, glen )
-----------------------------------------^
/central/groups/esm/lenka/synoptic_diffusivity/gfdl_idealized/spectral_idealized_public_release/idealized/src/shared/mpp/include/mpp_transmit.inc(95): warning #6843: A dummy argument with an explicit INTENT(OUT) declaration is not given an explicit value.   [GET_DATA]
    subroutine mpp_transmit_logical4_5d( put_data, put_len, to_pe, get_data, get_len, from_pe )
-------------------------------------------------------------------^
/central/groups/esm/lenka/synoptic_diffusivity/gfdl_idealized/spectral_idealized_public_release/idealized/src/shared/mpp/include/mpp_transmit.inc(75): warning #6843: A dummy argument with an explicit INTENT(OUT) declaration is not given an explicit value.   [GET_DATA]
    subroutine mpp_transmit_logical4_4d( put_data, put_len, to_pe, get_data, get_len, from_pe )
-------------------------------------------------------------------^
/central/groups/esm/lenka/synoptic_diffusivity/gfdl_idealized/spectral_idealized_public_release/idealized/src/shared/mpp/include/mpp_transmit.inc(55): warning #6843: A dummy argument with an explicit INTENT(OUT) declaration is not given an explicit value.   [GET_DATA]
    subroutine mpp_transmit_logical4_3d( put_data, put_len, to_pe, get_data, get_len, from_pe )
-------------------------------------------------------------------^
/central/groups/esm/lenka/synoptic_diffusivity/gfdl_idealized/spectral_idealized_public_release/idealized/src/shared/mpp/include/mpp_transmit.inc(35): warning #6843: A dummy argument with an explicit INTENT(OUT) declaration is not given an explicit value.   [GET_DATA]
    subroutine mpp_transmit_logical4_2d( put_data, put_len, to_pe, get_data, get_len, from_pe )
-------------------------------------------------------------------^
/central/groups/esm/lenka/synoptic_diffusivity/gfdl_idealized/spectral_idealized_public_release/idealized/src/shared/mpp/include/mpp_transmit.inc(11): warning #6843: A dummy argument with an explicit INTENT(OUT) declaration is not given an explicit value.   [GET_DATA]
    subroutine mpp_transmit_logical4_scalar( put_data, to_pe, get_data, from_pe, plen, glen)
--------------------------------------------------------------^
/central/groups/esm/lenka/synoptic_diffusivity/gfdl_idealized/spectral_idealized_public_release/idealized/src/shared/mpp/include/mpp_transmit.inc(136): warning #6843: A dummy argument with an explicit INTENT(OUT) declaration is not given an explicit value.   [GET_DATA]
    subroutine mpp_recv_logical8_scalar( get_data, from_pe, glen )
-----------------------------------------^
/central/groups/esm/lenka/synoptic_diffusivity/gfdl_idealized/spectral_idealized_public_release/idealized/src/shared/mpp/include/mpp_transmit.inc(95): warning #6843: A dummy argument with an explicit INTENT(OUT) declaration is not given an explicit value.   [GET_DATA]
    subroutine mpp_transmit_logical8_5d( put_data, put_len, to_pe, get_data, get_len, from_pe )
-------------------------------------------------------------------^
/central/groups/esm/lenka/synoptic_diffusivity/gfdl_idealized/spectral_idealized_public_release/idealized/src/shared/mpp/include/mpp_transmit.inc(75): warning #6843: A dummy argument with an explicit INTENT(OUT) declaration is not given an explicit value.   [GET_DATA]
    subroutine mpp_transmit_logical8_4d( put_data, put_len, to_pe, get_data, get_len, from_pe )
-------------------------------------------------------------------^
/central/groups/esm/lenka/synoptic_diffusivity/gfdl_idealized/spectral_idealized_public_release/idealized/src/shared/mpp/include/mpp_transmit.inc(55): warning #6843: A dummy argument with an explicit INTENT(OUT) declaration is not given an explicit value.   [GET_DATA]
    subroutine mpp_transmit_logical8_3d( put_data, put_len, to_pe, get_data, get_len, from_pe )
-------------------------------------------------------------------^
/central/groups/esm/lenka/synoptic_diffusivity/gfdl_idealized/spectral_idealized_public_release/idealized/src/shared/mpp/include/mpp_transmit.inc(35): warning #6843: A dummy argument with an explicit INTENT(OUT) declaration is not given an explicit value.   [GET_DATA]
    subroutine mpp_transmit_logical8_2d( put_data, put_len, to_pe, get_data, get_len, from_pe )
-------------------------------------------------------------------^
/central/groups/esm/lenka/synoptic_diffusivity/gfdl_idealized/spectral_idealized_public_release/idealized/src/shared/mpp/include/mpp_transmit.inc(11): warning #6843: A dummy argument with an explicit INTENT(OUT) declaration is not given an explicit value.   [GET_DATA]
    subroutine mpp_transmit_logical8_scalar( put_data, to_pe, get_data, from_pe, plen, glen)
--------------------------------------------------------------^
/central/groups/esm/lenka/synoptic_diffusivity/gfdl_idealized/spectral_idealized_public_release/idealized/src/shared/mpp/include/mpp_transmit.inc(136): warning #6843: A dummy argument with an explicit INTENT(OUT) declaration is not given an explicit value.   [GET_DATA]
    subroutine mpp_recv_int4_scalar( get_data, from_pe, glen )
-------------------------------------^
/central/groups/esm/lenka/synoptic_diffusivity/gfdl_idealized/spectral_idealized_public_release/idealized/src/shared/mpp/include/mpp_transmit.inc(95): warning #6843: A dummy argument with an explicit INTENT(OUT) declaration is not given an explicit value.   [GET_DATA]
    subroutine mpp_transmit_int4_5d( put_data, put_len, to_pe, get_data, get_len, from_pe )
---------------------------------------------------------------^
/central/groups/esm/lenka/synoptic_diffusivity/gfdl_idealized/spectral_idealized_public_release/idealized/src/shared/mpp/include/mpp_transmit.inc(75): warning #6843: A dummy argument with an explicit INTENT(OUT) declaration is not given an explicit value.   [GET_DATA]
    subroutine mpp_transmit_int4_4d( put_data, put_len, to_pe, get_data, get_len, from_pe )
---------------------------------------------------------------^
/central/groups/esm/lenka/synoptic_diffusivity/gfdl_idealized/spectral_idealized_public_release/idealized/src/shared/mpp/include/mpp_transmit.inc(55): warning #6843: A dummy argument with an explicit INTENT(OUT) declaration is not given an explicit value.   [GET_DATA]
    subroutine mpp_transmit_int4_3d( put_data, put_len, to_pe, get_data, get_len, from_pe )
---------------------------------------------------------------^
/central/groups/esm/lenka/synoptic_diffusivity/gfdl_idealized/spectral_idealized_public_release/idealized/src/shared/mpp/include/mpp_transmit.inc(35): warning #6843: A dummy argument with an explicit INTENT(OUT) declaration is not given an explicit value.   [GET_DATA]
    subroutine mpp_transmit_int4_2d( put_data, put_len, to_pe, get_data, get_len, from_pe )
---------------------------------------------------------------^
/central/groups/esm/lenka/synoptic_diffusivity/gfdl_idealized/spectral_idealized_public_release/idealized/src/shared/mpp/include/mpp_transmit.inc(11): warning #6843: A dummy argument with an explicit INTENT(OUT) declaration is not given an explicit value.   [GET_DATA]
    subroutine mpp_transmit_int4_scalar( put_data, to_pe, get_data, from_pe, plen, glen)
----------------------------------------------------------^
/central/groups/esm/lenka/synoptic_diffusivity/gfdl_idealized/spectral_idealized_public_release/idealized/src/shared/mpp/include/mpp_transmit.inc(136): warning #6843: A dummy argument with an explicit INTENT(OUT) declaration is not given an explicit value.   [GET_DATA]
    subroutine mpp_recv_int8_scalar( get_data, from_pe, glen )
-------------------------------------^
/central/groups/esm/lenka/synoptic_diffusivity/gfdl_idealized/spectral_idealized_public_release/idealized/src/shared/mpp/include/mpp_transmit.inc(95): warning #6843: A dummy argument with an explicit INTENT(OUT) declaration is not given an explicit value.   [GET_DATA]
    subroutine mpp_transmit_int8_5d( put_data, put_len, to_pe, get_data, get_len, from_pe )
---------------------------------------------------------------^
/central/groups/esm/lenka/synoptic_diffusivity/gfdl_idealized/spectral_idealized_public_release/idealized/src/shared/mpp/include/mpp_transmit.inc(75): warning #6843: A dummy argument with an explicit INTENT(OUT) declaration is not given an explicit value.   [GET_DATA]
    subroutine mpp_transmit_int8_4d( put_data, put_len, to_pe, get_data, get_len, from_pe )
---------------------------------------------------------------^
/central/groups/esm/lenka/synoptic_diffusivity/gfdl_idealized/spectral_idealized_public_release/idealized/src/shared/mpp/include/mpp_transmit.inc(55): warning #6843: A dummy argument with an explicit INTENT(OUT) declaration is not given an explicit value.   [GET_DATA]
    subroutine mpp_transmit_int8_3d( put_data, put_len, to_pe, get_data, get_len, from_pe )
---------------------------------------------------------------^
/central/groups/esm/lenka/synoptic_diffusivity/gfdl_idealized/spectral_idealized_public_release/idealized/src/shared/mpp/include/mpp_transmit.inc(35): warning #6843: A dummy argument with an explicit INTENT(OUT) declaration is not given an explicit value.   [GET_DATA]
    subroutine mpp_transmit_int8_2d( put_data, put_len, to_pe, get_data, get_len, from_pe )
---------------------------------------------------------------^
/central/groups/esm/lenka/synoptic_diffusivity/gfdl_idealized/spectral_idealized_public_release/idealized/src/shared/mpp/include/mpp_transmit.inc(11): warning #6843: A dummy argument with an explicit INTENT(OUT) declaration is not given an explicit value.   [GET_DATA]
    subroutine mpp_transmit_int8_scalar( put_data, to_pe, get_data, from_pe, plen, glen)
----------------------------------------------------------^
/central/groups/esm/lenka/synoptic_diffusivity/gfdl_idealized/spectral_idealized_public_release/idealized/src/shared/mpp/include/mpp_transmit.inc(136): warning #6843: A dummy argument with an explicit INTENT(OUT) declaration is not given an explicit value.   [GET_DATA]
    subroutine mpp_recv_cmplx4_scalar( get_data, from_pe, glen )
---------------------------------------^
/central/groups/esm/lenka/synoptic_diffusivity/gfdl_idealized/spectral_idealized_public_release/idealized/src/shared/mpp/include/mpp_transmit.inc(95): warning #6843: A dummy argument with an explicit INTENT(OUT) declaration is not given an explicit value.   [GET_DATA]
    subroutine mpp_transmit_cmplx4_5d( put_data, put_len, to_pe, get_data, get_len, from_pe )
-----------------------------------------------------------------^
/central/groups/esm/lenka/synoptic_diffusivity/gfdl_idealized/spectral_idealized_public_release/idealized/src/shared/mpp/include/mpp_transmit.inc(75): warning #6843: A dummy argument with an explicit INTENT(OUT) declaration is not given an explicit value.   [GET_DATA]
    subroutine mpp_transmit_cmplx4_4d( put_data, put_len, to_pe, get_data, get_len, from_pe )
-----------------------------------------------------------------^
/central/groups/esm/lenka/synoptic_diffusivity/gfdl_idealized/spectral_idealized_public_release/idealized/src/shared/mpp/include/mpp_transmit.inc(55): warning #6843: A dummy argument with an explicit INTENT(OUT) declaration is not given an explicit value.   [GET_DATA]
    subroutine mpp_transmit_cmplx4_3d( put_data, put_len, to_pe, get_data, get_len, from_pe )
-----------------------------------------------------------------^
/central/groups/esm/lenka/synoptic_diffusivity/gfdl_idealized/spectral_idealized_public_release/idealized/src/shared/mpp/include/mpp_transmit.inc(35): warning #6843: A dummy argument with an explicit INTENT(OUT) declaration is not given an explicit value.   [GET_DATA]
    subroutine mpp_transmit_cmplx4_2d( put_data, put_len, to_pe, get_data, get_len, from_pe )
-----------------------------------------------------------------^
/central/groups/esm/lenka/synoptic_diffusivity/gfdl_idealized/spectral_idealized_public_release/idealized/src/shared/mpp/include/mpp_transmit.inc(11): warning #6843: A dummy argument with an explicit INTENT(OUT) declaration is not given an explicit value.   [GET_DATA]
    subroutine mpp_transmit_cmplx4_scalar( put_data, to_pe, get_data, from_pe, plen, glen)
------------------------------------------------------------^
/central/groups/esm/lenka/synoptic_diffusivity/gfdl_idealized/spectral_idealized_public_release/idealized/src/shared/mpp/include/mpp_transmit.inc(136): warning #6843: A dummy argument with an explicit INTENT(OUT) declaration is not given an explicit value.   [GET_DATA]
    subroutine mpp_recv_real4_scalar( get_data, from_pe, glen )
--------------------------------------^
/central/groups/esm/lenka/synoptic_diffusivity/gfdl_idealized/spectral_idealized_public_release/idealized/src/shared/mpp/include/mpp_transmit.inc(95): warning #6843: A dummy argument with an explicit INTENT(OUT) declaration is not given an explicit value.   [GET_DATA]
    subroutine mpp_transmit_real4_5d( put_data, put_len, to_pe, get_data, get_len, from_pe )
----------------------------------------------------------------^
/central/groups/esm/lenka/synoptic_diffusivity/gfdl_idealized/spectral_idealized_public_release/idealized/src/shared/mpp/include/mpp_transmit.inc(75): warning #6843: A dummy argument with an explicit INTENT(OUT) declaration is not given an explicit value.   [GET_DATA]
    subroutine mpp_transmit_real4_4d( put_data, put_len, to_pe, get_data, get_len, from_pe )
----------------------------------------------------------------^
/central/groups/esm/lenka/synoptic_diffusivity/gfdl_idealized/spectral_idealized_public_release/idealized/src/shared/mpp/include/mpp_transmit.inc(55): warning #6843: A dummy argument with an explicit INTENT(OUT) declaration is not given an explicit value.   [GET_DATA]
    subroutine mpp_transmit_real4_3d( put_data, put_len, to_pe, get_data, get_len, from_pe )
----------------------------------------------------------------^
/central/groups/esm/lenka/synoptic_diffusivity/gfdl_idealized/spectral_idealized_public_release/idealized/src/shared/mpp/include/mpp_transmit.inc(35): warning #6843: A dummy argument with an explicit INTENT(OUT) declaration is not given an explicit value.   [GET_DATA]
    subroutine mpp_transmit_real4_2d( put_data, put_len, to_pe, get_data, get_len, from_pe )
----------------------------------------------------------------^
/central/groups/esm/lenka/synoptic_diffusivity/gfdl_idealized/spectral_idealized_public_release/idealized/src/shared/mpp/include/mpp_transmit.inc(11): warning #6843: A dummy argument with an explicit INTENT(OUT) declaration is not given an explicit value.   [GET_DATA]
    subroutine mpp_transmit_real4_scalar( put_data, to_pe, get_data, from_pe, plen, glen)
-----------------------------------------------------------^
/central/groups/esm/lenka/synoptic_diffusivity/gfdl_idealized/spectral_idealized_public_release/idealized/src/shared/mpp/include/mpp_transmit.inc(136): warning #6843: A dummy argument with an explicit INTENT(OUT) declaration is not given an explicit value.   [GET_DATA]
    subroutine mpp_recv_cmplx8_scalar( get_data, from_pe, glen )
---------------------------------------^
/central/groups/esm/lenka/synoptic_diffusivity/gfdl_idealized/spectral_idealized_public_release/idealized/src/shared/mpp/include/mpp_transmit.inc(95): warning #6843: A dummy argument with an explicit INTENT(OUT) declaration is not given an explicit value.   [GET_DATA]
    subroutine mpp_transmit_cmplx8_5d( put_data, put_len, to_pe, get_data, get_len, from_pe )
-----------------------------------------------------------------^
/central/groups/esm/lenka/synoptic_diffusivity/gfdl_idealized/spectral_idealized_public_release/idealized/src/shared/mpp/include/mpp_transmit.inc(75): warning #6843: A dummy argument with an explicit INTENT(OUT) declaration is not given an explicit value.   [GET_DATA]
    subroutine mpp_transmit_cmplx8_4d( put_data, put_len, to_pe, get_data, get_len, from_pe )
-----------------------------------------------------------------^
/central/groups/esm/lenka/synoptic_diffusivity/gfdl_idealized/spectral_idealized_public_release/idealized/src/shared/mpp/include/mpp_transmit.inc(55): warning #6843: A dummy argument with an explicit INTENT(OUT) declaration is not given an explicit value.   [GET_DATA]
    subroutine mpp_transmit_cmplx8_3d( put_data, put_len, to_pe, get_data, get_len, from_pe )
-----------------------------------------------------------------^
/central/groups/esm/lenka/synoptic_diffusivity/gfdl_idealized/spectral_idealized_public_release/idealized/src/shared/mpp/include/mpp_transmit.inc(35): warning #6843: A dummy argument with an explicit INTENT(OUT) declaration is not given an explicit value.   [GET_DATA]
    subroutine mpp_transmit_cmplx8_2d( put_data, put_len, to_pe, get_data, get_len, from_pe )
-----------------------------------------------------------------^
/central/groups/esm/lenka/synoptic_diffusivity/gfdl_idealized/spectral_idealized_public_release/idealized/src/shared/mpp/include/mpp_transmit.inc(11): warning #6843: A dummy argument with an explicit INTENT(OUT) declaration is not given an explicit value.   [GET_DATA]
    subroutine mpp_transmit_cmplx8_scalar( put_data, to_pe, get_data, from_pe, plen, glen)
------------------------------------------------------------^
/central/groups/esm/lenka/synoptic_diffusivity/gfdl_idealized/spectral_idealized_public_release/idealized/src/shared/mpp/include/mpp_transmit.inc(136): warning #6843: A dummy argument with an explicit INTENT(OUT) declaration is not given an explicit value.   [GET_DATA]
    subroutine mpp_recv_real8_scalar( get_data, from_pe, glen )
--------------------------------------^
/central/groups/esm/lenka/synoptic_diffusivity/gfdl_idealized/spectral_idealized_public_release/idealized/src/shared/mpp/include/mpp_transmit.inc(95): warning #6843: A dummy argument with an explicit INTENT(OUT) declaration is not given an explicit value.   [GET_DATA]
    subroutine mpp_transmit_real8_5d( put_data, put_len, to_pe, get_data, get_len, from_pe )
----------------------------------------------------------------^
/central/groups/esm/lenka/synoptic_diffusivity/gfdl_idealized/spectral_idealized_public_release/idealized/src/shared/mpp/include/mpp_transmit.inc(75): warning #6843: A dummy argument with an explicit INTENT(OUT) declaration is not given an explicit value.   [GET_DATA]
    subroutine mpp_transmit_real8_4d( put_data, put_len, to_pe, get_data, get_len, from_pe )
----------------------------------------------------------------^
/central/groups/esm/lenka/synoptic_diffusivity/gfdl_idealized/spectral_idealized_public_release/idealized/src/shared/mpp/include/mpp_transmit.inc(55): warning #6843: A dummy argument with an explicit INTENT(OUT) declaration is not given an explicit value.   [GET_DATA]
    subroutine mpp_transmit_real8_3d( put_data, put_len, to_pe, get_data, get_len, from_pe )
----------------------------------------------------------------^
/central/groups/esm/lenka/synoptic_diffusivity/gfdl_idealized/spectral_idealized_public_release/idealized/src/shared/mpp/include/mpp_transmit.inc(35): warning #6843: A dummy argument with an explicit INTENT(OUT) declaration is not given an explicit value.   [GET_DATA]
    subroutine mpp_transmit_real8_2d( put_data, put_len, to_pe, get_data, get_len, from_pe )
----------------------------------------------------------------^
/central/groups/esm/lenka/synoptic_diffusivity/gfdl_idealized/spectral_idealized_public_release/idealized/src/shared/mpp/include/mpp_transmit.inc(11): warning #6843: A dummy argument with an explicit INTENT(OUT) declaration is not given an explicit value.   [GET_DATA]
    subroutine mpp_transmit_real8_scalar( put_data, to_pe, get_data, from_pe, plen, glen)
-----------------------------------------------------------^
/central/groups/esm/lenka/synoptic_diffusivity/gfdl_idealized/spectral_idealized_public_release/idealized/src/shared/mpp/include/mpp_global_field.h(89): warning #6843: A dummy argument with an explicit INTENT(OUT) declaration is not given an explicit value.   [GLOBAL]
    subroutine mpp_global_field2D_l4_5d( domain, local, global, flags, new, dc_handle )
--------------------------------------------------------^
/central/groups/esm/lenka/synoptic_diffusivity/gfdl_idealized/spectral_idealized_public_release/idealized/src/shared/mpp/include/mpp_global_field.h(66): warning #6843: A dummy argument with an explicit INTENT(OUT) declaration is not given an explicit value.   [GLOBAL]
    subroutine mpp_global_field2D_l4_4d( domain, local, global, flags, new, dc_handle )
--------------------------------------------------------^
/central/groups/esm/lenka/synoptic_diffusivity/gfdl_idealized/spectral_idealized_public_release/idealized/src/shared/mpp/include/mpp_global_field.h(1): warning #6843: A dummy argument with an explicit INTENT(OUT) declaration is not given an explicit value.   [GLOBAL]
    subroutine mpp_global_field2D_l4_2d( domain, local, global, flags, new, dc_handle)
--------------------------------------------------------^
/central/groups/esm/lenka/synoptic_diffusivity/gfdl_idealized/spectral_idealized_public_release/idealized/src/shared/mpp/include/mpp_global_field.h(89): warning #6843: A dummy argument with an explicit INTENT(OUT) declaration is not given an explicit value.   [GLOBAL]
    subroutine mpp_global_field2D_i4_5d( domain, local, global, flags, new, dc_handle )
--------------------------------------------------------^
/central/groups/esm/lenka/synoptic_diffusivity/gfdl_idealized/spectral_idealized_public_release/idealized/src/shared/mpp/include/mpp_global_field.h(66): warning #6843: A dummy argument with an explicit INTENT(OUT) declaration is not given an explicit value.   [GLOBAL]
    subroutine mpp_global_field2D_i4_4d( domain, local, global, flags, new, dc_handle )
--------------------------------------------------------^
/central/groups/esm/lenka/synoptic_diffusivity/gfdl_idealized/spectral_idealized_public_release/idealized/src/shared/mpp/include/mpp_global_field.h(1): warning #6843: A dummy argument with an explicit INTENT(OUT) declaration is not given an explicit value.   [GLOBAL]
    subroutine mpp_global_field2D_i4_2d( domain, local, global, flags, new, dc_handle)
--------------------------------------------------------^
/central/groups/esm/lenka/synoptic_diffusivity/gfdl_idealized/spectral_idealized_public_release/idealized/src/shared/mpp/include/mpp_global_field.h(89): warning #6843: A dummy argument with an explicit INTENT(OUT) declaration is not given an explicit value.   [GLOBAL]
    subroutine mpp_global_field2D_c4_5d( domain, local, global, flags, new, dc_handle )
--------------------------------------------------------^
/central/groups/esm/lenka/synoptic_diffusivity/gfdl_idealized/spectral_idealized_public_release/idealized/src/shared/mpp/include/mpp_global_field.h(66): warning #6843: A dummy argument with an explicit INTENT(OUT) declaration is not given an explicit value.   [GLOBAL]
    subroutine mpp_global_field2D_c4_4d( domain, local, global, flags, new, dc_handle )
--------------------------------------------------------^
/central/groups/esm/lenka/synoptic_diffusivity/gfdl_idealized/spectral_idealized_public_release/idealized/src/shared/mpp/include/mpp_global_field.h(1): warning #6843: A dummy argument with an explicit INTENT(OUT) declaration is not given an explicit value.   [GLOBAL]
    subroutine mpp_global_field2D_c4_2d( domain, local, global, flags, new, dc_handle)
--------------------------------------------------------^
/central/groups/esm/lenka/synoptic_diffusivity/gfdl_idealized/spectral_idealized_public_release/idealized/src/shared/mpp/include/mpp_global_field.h(89): warning #6843: A dummy argument with an explicit INTENT(OUT) declaration is not given an explicit value.   [GLOBAL]
    subroutine mpp_global_field2D_r4_5d( domain, local, global, flags, new, dc_handle )
--------------------------------------------------------^
/central/groups/esm/lenka/synoptic_diffusivity/gfdl_idealized/spectral_idealized_public_release/idealized/src/shared/mpp/include/mpp_global_field.h(66): warning #6843: A dummy argument with an explicit INTENT(OUT) declaration is not given an explicit value.   [GLOBAL]
    subroutine mpp_global_field2D_r4_4d( domain, local, global, flags, new, dc_handle )
--------------------------------------------------------^
/central/groups/esm/lenka/synoptic_diffusivity/gfdl_idealized/spectral_idealized_public_release/idealized/src/shared/mpp/include/mpp_global_field.h(1): warning #6843: A dummy argument with an explicit INTENT(OUT) declaration is not given an explicit value.   [GLOBAL]
    subroutine mpp_global_field2D_r4_2d( domain, local, global, flags, new, dc_handle)
--------------------------------------------------------^
/central/groups/esm/lenka/synoptic_diffusivity/gfdl_idealized/spectral_idealized_public_release/idealized/src/shared/mpp/include/mpp_global_field.h(89): warning #6843: A dummy argument with an explicit INTENT(OUT) declaration is not given an explicit value.   [GLOBAL]
    subroutine mpp_global_field2D_l8_5d( domain, local, global, flags, new, dc_handle )
--------------------------------------------------------^
/central/groups/esm/lenka/synoptic_diffusivity/gfdl_idealized/spectral_idealized_public_release/idealized/src/shared/mpp/include/mpp_global_field.h(66): warning #6843: A dummy argument with an explicit INTENT(OUT) declaration is not given an explicit value.   [GLOBAL]
    subroutine mpp_global_field2D_l8_4d( domain, local, global, flags, new, dc_handle )
--------------------------------------------------------^
/central/groups/esm/lenka/synoptic_diffusivity/gfdl_idealized/spectral_idealized_public_release/idealized/src/shared/mpp/include/mpp_global_field.h(1): warning #6843: A dummy argument with an explicit INTENT(OUT) declaration is not given an explicit value.   [GLOBAL]
    subroutine mpp_global_field2D_l8_2d( domain, local, global, flags, new, dc_handle)
--------------------------------------------------------^
/central/groups/esm/lenka/synoptic_diffusivity/gfdl_idealized/spectral_idealized_public_release/idealized/src/shared/mpp/include/mpp_global_field.h(89): warning #6843: A dummy argument with an explicit INTENT(OUT) declaration is not given an explicit value.   [GLOBAL]
    subroutine mpp_global_field2D_i8_5d( domain, local, global, flags, new, dc_handle )
--------------------------------------------------------^
/central/groups/esm/lenka/synoptic_diffusivity/gfdl_idealized/spectral_idealized_public_release/idealized/src/shared/mpp/include/mpp_global_field.h(66): warning #6843: A dummy argument with an explicit INTENT(OUT) declaration is not given an explicit value.   [GLOBAL]
    subroutine mpp_global_field2D_i8_4d( domain, local, global, flags, new, dc_handle )
--------------------------------------------------------^
/central/groups/esm/lenka/synoptic_diffusivity/gfdl_idealized/spectral_idealized_public_release/idealized/src/shared/mpp/include/mpp_global_field.h(1): warning #6843: A dummy argument with an explicit INTENT(OUT) declaration is not given an explicit value.   [GLOBAL]
    subroutine mpp_global_field2D_i8_2d( domain, local, global, flags, new, dc_handle)
--------------------------------------------------------^
/central/groups/esm/lenka/synoptic_diffusivity/gfdl_idealized/spectral_idealized_public_release/idealized/src/shared/mpp/include/mpp_global_field.h(89): warning #6843: A dummy argument with an explicit INTENT(OUT) declaration is not given an explicit value.   [GLOBAL]
    subroutine mpp_global_field2D_c8_5d( domain, local, global, flags, new, dc_handle )
--------------------------------------------------------^
/central/groups/esm/lenka/synoptic_diffusivity/gfdl_idealized/spectral_idealized_public_release/idealized/src/shared/mpp/include/mpp_global_field.h(66): warning #6843: A dummy argument with an explicit INTENT(OUT) declaration is not given an explicit value.   [GLOBAL]
    subroutine mpp_global_field2D_c8_4d( domain, local, global, flags, new, dc_handle )
--------------------------------------------------------^
/central/groups/esm/lenka/synoptic_diffusivity/gfdl_idealized/spectral_idealized_public_release/idealized/src/shared/mpp/include/mpp_global_field.h(1): warning #6843: A dummy argument with an explicit INTENT(OUT) declaration is not given an explicit value.   [GLOBAL]
    subroutine mpp_global_field2D_c8_2d( domain, local, global, flags, new, dc_handle)
--------------------------------------------------------^
/central/groups/esm/lenka/synoptic_diffusivity/gfdl_idealized/spectral_idealized_public_release/idealized/src/shared/mpp/include/mpp_global_field.h(89): warning #6843: A dummy argument with an explicit INTENT(OUT) declaration is not given an explicit value.   [GLOBAL]
    subroutine mpp_global_field2D_r8_5d( domain, local, global, flags, new, dc_handle )
--------------------------------------------------------^
/central/groups/esm/lenka/synoptic_diffusivity/gfdl_idealized/spectral_idealized_public_release/idealized/src/shared/mpp/include/mpp_global_field.h(66): warning #6843: A dummy argument with an explicit INTENT(OUT) declaration is not given an explicit value.   [GLOBAL]
    subroutine mpp_global_field2D_r8_4d( domain, local, global, flags, new, dc_handle )
--------------------------------------------------------^
/central/groups/esm/lenka/synoptic_diffusivity/gfdl_idealized/spectral_idealized_public_release/idealized/src/shared/mpp/include/mpp_global_field.h(1): warning #6843: A dummy argument with an explicit INTENT(OUT) declaration is not given an explicit value.   [GLOBAL]
    subroutine mpp_global_field2D_r8_2d( domain, local, global, flags, new, dc_handle)
--------------------------------------------------------^
/central/groups/esm/lenka/synoptic_diffusivity/gfdl_idealized/spectral_idealized_public_release/idealized/src/shared/mpp/include/mpp_update_domains2D.h(299): warning #6843: A dummy argument with an explicit INTENT(OUT) declaration is not given an explicit value.   [FIELD_OUT]
    subroutine mpp_redistribute_l4_5D( domain_in, field_in, domain_out, field_out, complete, free, list_size, dc_handle, position )
------------------------------------------------------------------------^
/central/groups/esm/lenka/synoptic_diffusivity/gfdl_idealized/spectral_idealized_public_release/idealized/src/shared/mpp/include/mpp_update_domains2D.h(274): warning #6843: A dummy argument with an explicit INTENT(OUT) declaration is not given an explicit value.   [FIELD_OUT]
    subroutine mpp_redistribute_l4_4D( domain_in, field_in, domain_out, field_out, complete, free, list_size, dc_handle, position )
------------------------------------------------------------------------^
/central/groups/esm/lenka/synoptic_diffusivity/gfdl_idealized/spectral_idealized_public_release/idealized/src/shared/mpp/include/mpp_update_domains2D.h(151): warning #6843: A dummy argument with an explicit INTENT(OUT) declaration is not given an explicit value.   [FIELD_OUT]
    subroutine mpp_redistribute_l4_2D( domain_in, field_in, domain_out, field_out, complete, free, list_size, dc_handle, position )
------------------------------------------------------------------------^
/central/groups/esm/lenka/synoptic_diffusivity/gfdl_idealized/spectral_idealized_public_release/idealized/src/shared/mpp/include/mpp_update_domains2D.h(299): warning #6843: A dummy argument with an explicit INTENT(OUT) declaration is not given an explicit value.   [FIELD_OUT]
    subroutine mpp_redistribute_i4_5D( domain_in, field_in, domain_out, field_out, complete, free, list_size, dc_handle, position )
------------------------------------------------------------------------^
/central/groups/esm/lenka/synoptic_diffusivity/gfdl_idealized/spectral_idealized_public_release/idealized/src/shared/mpp/include/mpp_update_domains2D.h(274): warning #6843: A dummy argument with an explicit INTENT(OUT) declaration is not given an explicit value.   [FIELD_OUT]
    subroutine mpp_redistribute_i4_4D( domain_in, field_in, domain_out, field_out, complete, free, list_size, dc_handle, position )
------------------------------------------------------------------------^
/central/groups/esm/lenka/synoptic_diffusivity/gfdl_idealized/spectral_idealized_public_release/idealized/src/shared/mpp/include/mpp_update_domains2D.h(151): warning #6843: A dummy argument with an explicit INTENT(OUT) declaration is not given an explicit value.   [FIELD_OUT]
    subroutine mpp_redistribute_i4_2D( domain_in, field_in, domain_out, field_out, complete, free, list_size, dc_handle, position )
------------------------------------------------------------------------^
/central/groups/esm/lenka/synoptic_diffusivity/gfdl_idealized/spectral_idealized_public_release/idealized/src/shared/mpp/include/mpp_update_domains2D.h(299): warning #6843: A dummy argument with an explicit INTENT(OUT) declaration is not given an explicit value.   [FIELD_OUT]
    subroutine mpp_redistribute_c4_5D( domain_in, field_in, domain_out, field_out, complete, free, list_size, dc_handle, position )
------------------------------------------------------------------------^
/central/groups/esm/lenka/synoptic_diffusivity/gfdl_idealized/spectral_idealized_public_release/idealized/src/shared/mpp/include/mpp_update_domains2D.h(274): warning #6843: A dummy argument with an explicit INTENT(OUT) declaration is not given an explicit value.   [FIELD_OUT]
    subroutine mpp_redistribute_c4_4D( domain_in, field_in, domain_out, field_out, complete, free, list_size, dc_handle, position )
------------------------------------------------------------------------^
/central/groups/esm/lenka/synoptic_diffusivity/gfdl_idealized/spectral_idealized_public_release/idealized/src/shared/mpp/include/mpp_update_domains2D.h(151): warning #6843: A dummy argument with an explicit INTENT(OUT) declaration is not given an explicit value.   [FIELD_OUT]
    subroutine mpp_redistribute_c4_2D( domain_in, field_in, domain_out, field_out, complete, free, list_size, dc_handle, position )
------------------------------------------------------------------------^
/central/groups/esm/lenka/synoptic_diffusivity/gfdl_idealized/spectral_idealized_public_release/idealized/src/shared/mpp/include/mpp_update_domains2D.h(299): warning #6843: A dummy argument with an explicit INTENT(OUT) declaration is not given an explicit value.   [FIELD_OUT]
    subroutine mpp_redistribute_r4_5D( domain_in, field_in, domain_out, field_out, complete, free, list_size, dc_handle, position )
------------------------------------------------------------------------^
/central/groups/esm/lenka/synoptic_diffusivity/gfdl_idealized/spectral_idealized_public_release/idealized/src/shared/mpp/include/mpp_update_domains2D.h(274): warning #6843: A dummy argument with an explicit INTENT(OUT) declaration is not given an explicit value.   [FIELD_OUT]
    subroutine mpp_redistribute_r4_4D( domain_in, field_in, domain_out, field_out, complete, free, list_size, dc_handle, position )
------------------------------------------------------------------------^
/central/groups/esm/lenka/synoptic_diffusivity/gfdl_idealized/spectral_idealized_public_release/idealized/src/shared/mpp/include/mpp_update_domains2D.h(151): warning #6843: A dummy argument with an explicit INTENT(OUT) declaration is not given an explicit value.   [FIELD_OUT]
    subroutine mpp_redistribute_r4_2D( domain_in, field_in, domain_out, field_out, complete, free, list_size, dc_handle, position )
------------------------------------------------------------------------^
/central/groups/esm/lenka/synoptic_diffusivity/gfdl_idealized/spectral_idealized_public_release/idealized/src/shared/mpp/include/mpp_update_domains2D.h(299): warning #6843: A dummy argument with an explicit INTENT(OUT) declaration is not given an explicit value.   [FIELD_OUT]
    subroutine mpp_redistribute_l8_5D( domain_in, field_in, domain_out, field_out, complete, free, list_size, dc_handle, position )
------------------------------------------------------------------------^
/central/groups/esm/lenka/synoptic_diffusivity/gfdl_idealized/spectral_idealized_public_release/idealized/src/shared/mpp/include/mpp_update_domains2D.h(274): warning #6843: A dummy argument with an explicit INTENT(OUT) declaration is not given an explicit value.   [FIELD_OUT]
    subroutine mpp_redistribute_l8_4D( domain_in, field_in, domain_out, field_out, complete, free, list_size, dc_handle, position )
------------------------------------------------------------------------^
/central/groups/esm/lenka/synoptic_diffusivity/gfdl_idealized/spectral_idealized_public_release/idealized/src/shared/mpp/include/mpp_update_domains2D.h(151): warning #6843: A dummy argument with an explicit INTENT(OUT) declaration is not given an explicit value.   [FIELD_OUT]
    subroutine mpp_redistribute_l8_2D( domain_in, field_in, domain_out, field_out, complete, free, list_size, dc_handle, position )
------------------------------------------------------------------------^
/central/groups/esm/lenka/synoptic_diffusivity/gfdl_idealized/spectral_idealized_public_release/idealized/src/shared/mpp/include/mpp_update_domains2D.h(299): warning #6843: A dummy argument with an explicit INTENT(OUT) declaration is not given an explicit value.   [FIELD_OUT]
    subroutine mpp_redistribute_i8_5D( domain_in, field_in, domain_out, field_out, complete, free, list_size, dc_handle, position )
------------------------------------------------------------------------^
/central/groups/esm/lenka/synoptic_diffusivity/gfdl_idealized/spectral_idealized_public_release/idealized/src/shared/mpp/include/mpp_update_domains2D.h(274): warning #6843: A dummy argument with an explicit INTENT(OUT) declaration is not given an explicit value.   [FIELD_OUT]
    subroutine mpp_redistribute_i8_4D( domain_in, field_in, domain_out, field_out, complete, free, list_size, dc_handle, position )
------------------------------------------------------------------------^
/central/groups/esm/lenka/synoptic_diffusivity/gfdl_idealized/spectral_idealized_public_release/idealized/src/shared/mpp/include/mpp_update_domains2D.h(151): warning #6843: A dummy argument with an explicit INTENT(OUT) declaration is not given an explicit value.   [FIELD_OUT]
    subroutine mpp_redistribute_i8_2D( domain_in, field_in, domain_out, field_out, complete, free, list_size, dc_handle, position )
------------------------------------------------------------------------^
/central/groups/esm/lenka/synoptic_diffusivity/gfdl_idealized/spectral_idealized_public_release/idealized/src/shared/mpp/include/mpp_update_domains2D.h(299): warning #6843: A dummy argument with an explicit INTENT(OUT) declaration is not given an explicit value.   [FIELD_OUT]
    subroutine mpp_redistribute_c8_5D( domain_in, field_in, domain_out, field_out, complete, free, list_size, dc_handle, position )
------------------------------------------------------------------------^
/central/groups/esm/lenka/synoptic_diffusivity/gfdl_idealized/spectral_idealized_public_release/idealized/src/shared/mpp/include/mpp_update_domains2D.h(274): warning #6843: A dummy argument with an explicit INTENT(OUT) declaration is not given an explicit value.   [FIELD_OUT]
    subroutine mpp_redistribute_c8_4D( domain_in, field_in, domain_out, field_out, complete, free, list_size, dc_handle, position )
------------------------------------------------------------------------^
/central/groups/esm/lenka/synoptic_diffusivity/gfdl_idealized/spectral_idealized_public_release/idealized/src/shared/mpp/include/mpp_update_domains2D.h(151): warning #6843: A dummy argument with an explicit INTENT(OUT) declaration is not given an explicit value.   [FIELD_OUT]
    subroutine mpp_redistribute_c8_2D( domain_in, field_in, domain_out, field_out, complete, free, list_size, dc_handle, position )
------------------------------------------------------------------------^
/central/groups/esm/lenka/synoptic_diffusivity/gfdl_idealized/spectral_idealized_public_release/idealized/src/shared/mpp/include/mpp_update_domains2D.h(299): warning #6843: A dummy argument with an explicit INTENT(OUT) declaration is not given an explicit value.   [FIELD_OUT]
    subroutine mpp_redistribute_r8_5D( domain_in, field_in, domain_out, field_out, complete, free, list_size, dc_handle, position )
------------------------------------------------------------------------^
/central/groups/esm/lenka/synoptic_diffusivity/gfdl_idealized/spectral_idealized_public_release/idealized/src/shared/mpp/include/mpp_update_domains2D.h(274): warning #6843: A dummy argument with an explicit INTENT(OUT) declaration is not given an explicit value.   [FIELD_OUT]
    subroutine mpp_redistribute_r8_4D( domain_in, field_in, domain_out, field_out, complete, free, list_size, dc_handle, position )
------------------------------------------------------------------------^
/central/groups/esm/lenka/synoptic_diffusivity/gfdl_idealized/spectral_idealized_public_release/idealized/src/shared/mpp/include/mpp_update_domains2D.h(151): warning #6843: A dummy argument with an explicit INTENT(OUT) declaration is not given an explicit value.   [FIELD_OUT]
    subroutine mpp_redistribute_r8_2D( domain_in, field_in, domain_out, field_out, complete, free, list_size, dc_handle, position )
------------------------------------------------------------------------^
/central/groups/esm/lenka/synoptic_diffusivity/gfdl_idealized/spectral_idealized_public_release/idealized/src/shared/mpp/include/mpp_io_misc.inc(160): warning #7532: The number of arguments is incompatible with intrinsic procedure, assume 'external'.   [FLUSH]
         if( mpp_file(unit)%opened )call FLUSH(unit,istat)
-----------------------------------------^
/central/groups/esm/lenka/synoptic_diffusivity/gfdl_idealized/spectral_idealized_public_release/idealized/src/shared/mpp/include/mpp_io_util.inc(380): warning #6843: A dummy argument with an explicit INTENT(OUT) declaration is not given an explicit value.   [IOSPEC]
    subroutine mpp_get_iospec( unit, iospec )
-------------------------------------^
/central/groups/esm/lenka/synoptic_diffusivity/gfdl_idealized/spectral_idealized_public_release/idealized/src/shared/tracer_manager/tracer_manager.F90(1115): remark #8291: Recommended relationship between field width 'W' and the number of fractional digits 'D' in this edit descriptor is 'W>=D+7'.
901 FORMAT(E12.6,1x,E12.6)
------------^
/central/groups/esm/lenka/synoptic_diffusivity/gfdl_idealized/spectral_idealized_public_release/idealized/src/shared/tracer_manager/tracer_manager.F90(1115): remark #8291: Recommended relationship between field width 'W' and the number of fractional digits 'D' in this edit descriptor is 'W>=D+7'.
901 FORMAT(E12.6,1x,E12.6)
---------------------^
/central/groups/esm/lenka/synoptic_diffusivity/gfdl_idealized/spectral_idealized_public_release/idealized/src/shared/tracer_manager/tracer_manager.F90(1114): remark #8291: Recommended relationship between field width 'W' and the number of fractional digits 'D' in this edit descriptor is 'W>=D+7'.
900 FORMAT(A,2(1x,E12.6))
-------------------^
/central/groups/esm/lenka/synoptic_diffusivity/gfdl_idealized/spectral_idealized_public_release/idealized/src/shared/tracer_manager/tracer_manager.F90(1867): remark #8291: Recommended relationship between field width 'W' and the number of fractional digits 'D' in this edit descriptor is 'W>=D+7'.
  700 FORMAT (3A,E12.6,A,F10.6)
------------------^
/central/groups/esm/lenka/synoptic_diffusivity/gfdl_idealized/spectral_idealized_public_release/idealized/src/atmos_param/tapio_forcing/grid_physics_simple.f90(138): remark #8291: Recommended relationship between field width 'W' and the number of fractional digits 'D' in this edit descriptor is 'W>=D+7'.
20  format(1x,a,1x,e8.2,1x,a)
--------------------^
/central/groups/esm/lenka/synoptic_diffusivity/gfdl_idealized/spectral_idealized_public_release/idealized/src/coupler/surface_flux.f90(280): warning #6843: A dummy argument with an explicit INTENT(OUT) declaration is not given an explicit value.   [DEDQ_SURF_0]
     dhdt_surf_0, dedt_surf_0,  dedq_surf_0,  drdt_surf_0,                   &
--------------------------------^
/central/groups/esm/lenka/synoptic_diffusivity/gfdl_idealized/spectral_idealized_public_release/idealized/src/shared/memutils/memuse.c(36): warning #47: incompatible redefinition of macro "RUSAGE_SELF" (declared at line 162 of "/usr/include/bits/resource.h")
  #define RUSAGE_SELF      0         /* calling process */
          ^

/central/groups/esm/lenka/synoptic_diffusivity/gfdl_idealized/spectral_idealized_public_release/idealized/src/shared/memutils/memuse.c(37): warning #47: incompatible redefinition of macro "RUSAGE_CHILDREN" (declared at line 166 of "/usr/include/bits/resource.h")
  #define RUSAGE_CHILDREN  -1        /* terminated child processes */
          ^

cd /central/scratch/elencz/caltech_fms_idealized/hs_hpc/hs_hpc_odp_1.0/workdir/INPUT
if ( !=  ) then
set ocean_mask = ocean_mask_T42.nc
if ( -e /central/groups/esm/lenka/synoptic_diffusivity/gfdl_idealized/spectral_idealized_public_release/exp/hs_hpc/input/ocean_mask_T42.nc ) then
while ( 1 < = 60 )
cd /central/scratch/elencz/caltech_fms_idealized/hs_hpc/hs_hpc_odp_1.0/workdir
if ( 1 == 1 && 1 == 1 ) then
cat
else
if ( dry == dry ) then
cat
else if ( dry == moist ) then
cat
endif
cat /central/groups/esm/lenka/synoptic_diffusivity/gfdl_idealized/spectral_idealized_public_release/exp/hs_hpc/input/namelists_dry
cp /central/groups/esm/lenka/synoptic_diffusivity/gfdl_idealized/spectral_idealized_public_release/exp/hs_hpc/input/diag_table_dry_3d diag_table
cp /central/groups/esm/lenka/synoptic_diffusivity/gfdl_idealized/spectral_idealized_public_release/exp/hs_hpc/input/field_table_dry field_table
cp /central/groups/esm/lenka/synoptic_diffusivity/gfdl_idealized//fms_tmp/hs_hpc/exe.fms/fms.x fms.x
cp input.nml /central/groups/esm/lenka/synoptic_diffusivity/gfdl_idealized//fms_tmp/hs_hpc/hs_hpc_odp_1.0
set MX_RCACHE=2
srun /central/scratch/elencz/caltech_fms_idealized/hs_hpc/hs_hpc_odp_1.0/workdir/fms.x

WARNING from PE    0: Namelist mix_snapshot_average_fields = true will cause ERROR in time coordinates of all time_averaged fields. Strongly recommend mix_snapshot_average_fields = false


WARNING from PE    0: diag_util opening_file: module/field_name grid_physics/tdt_total_grid_physics NOT registered, ALL fields should be registered BEFORE the first send_data


WARNING from PE    0: diag_util opening_file: module/field_name dry_convection/dt_tg NOT registered, ALL fields should be registered BEFORE the first send_data


WARNING from PE    0: diag_util opening_file: module/field_name atmosphere/dt_tg_diffusion NOT registered, ALL fields should be registered BEFORE the first send_data

set date_name = `$time_stamp -eh`
/central/groups/esm/lenka/synoptic_diffusivity/gfdl_idealized/spectral_idealized_public_release/idealized/bin/time_stamp.csh -eh
if ( day0360h00 ==  ) set date_name = tmp`date '+%j%H%M%S'`
if ( -f time_stamp.out ) rm -f time_stamp.out
rm -f time_stamp.out
mkdir /central/scratch/elencz/caltech_fms_idealized/hs_hpc/hs_hpc_odp_1.0/output/combine/day0360h00
foreach ncfile ( `/bin/ls *.nc *.nc.????` )
/bin/ls 4xday.nc.0000 4xday.nc.0001 4xday.nc.0002 4xday.nc.0003 4xday.nc.0004 4xday.nc.0005 4xday.nc.0006 4xday.nc.0007 4xday.nc.0008 4xday.nc.0009 4xday.nc.0010 4xday.nc.0011 4xday.nc.0012 4xday.nc.0013 4xday.nc.0014 4xday.nc.0015
mv 4xday.nc.0000 /central/scratch/elencz/caltech_fms_idealized/hs_hpc/hs_hpc_odp_1.0/output/combine/day0360h00/day0360h00.4xday.nc.0000
end
mv 4xday.nc.0001 /central/scratch/elencz/caltech_fms_idealized/hs_hpc/hs_hpc_odp_1.0/output/combine/day0360h00/day0360h00.4xday.nc.0001
end
mv 4xday.nc.0002 /central/scratch/elencz/caltech_fms_idealized/hs_hpc/hs_hpc_odp_1.0/output/combine/day0360h00/day0360h00.4xday.nc.0002
end
mv 4xday.nc.0003 /central/scratch/elencz/caltech_fms_idealized/hs_hpc/hs_hpc_odp_1.0/output/combine/day0360h00/day0360h00.4xday.nc.0003
end
mv 4xday.nc.0004 /central/scratch/elencz/caltech_fms_idealized/hs_hpc/hs_hpc_odp_1.0/output/combine/day0360h00/day0360h00.4xday.nc.0004
end
mv 4xday.nc.0005 /central/scratch/elencz/caltech_fms_idealized/hs_hpc/hs_hpc_odp_1.0/output/combine/day0360h00/day0360h00.4xday.nc.0005
end
mv 4xday.nc.0006 /central/scratch/elencz/caltech_fms_idealized/hs_hpc/hs_hpc_odp_1.0/output/combine/day0360h00/day0360h00.4xday.nc.0006
end
mv 4xday.nc.0007 /central/scratch/elencz/caltech_fms_idealized/hs_hpc/hs_hpc_odp_1.0/output/combine/day0360h00/day0360h00.4xday.nc.0007
end
mv 4xday.nc.0008 /central/scratch/elencz/caltech_fms_idealized/hs_hpc/hs_hpc_odp_1.0/output/combine/day0360h00/day0360h00.4xday.nc.0008
end
mv 4xday.nc.0009 /central/scratch/elencz/caltech_fms_idealized/hs_hpc/hs_hpc_odp_1.0/output/combine/day0360h00/day0360h00.4xday.nc.0009
end
mv 4xday.nc.0010 /central/scratch/elencz/caltech_fms_idealized/hs_hpc/hs_hpc_odp_1.0/output/combine/day0360h00/day0360h00.4xday.nc.0010
end
mv 4xday.nc.0011 /central/scratch/elencz/caltech_fms_idealized/hs_hpc/hs_hpc_odp_1.0/output/combine/day0360h00/day0360h00.4xday.nc.0011
end
mv 4xday.nc.0012 /central/scratch/elencz/caltech_fms_idealized/hs_hpc/hs_hpc_odp_1.0/output/combine/day0360h00/day0360h00.4xday.nc.0012
end
mv 4xday.nc.0013 /central/scratch/elencz/caltech_fms_idealized/hs_hpc/hs_hpc_odp_1.0/output/combine/day0360h00/day0360h00.4xday.nc.0013
end
mv 4xday.nc.0014 /central/scratch/elencz/caltech_fms_idealized/hs_hpc/hs_hpc_odp_1.0/output/combine/day0360h00/day0360h00.4xday.nc.0014
end
mv 4xday.nc.0015 /central/scratch/elencz/caltech_fms_idealized/hs_hpc/hs_hpc_odp_1.0/output/combine/day0360h00/day0360h00.4xday.nc.0015
end
foreach out ( `/bin/ls *.out` )
/bin/ls logfile.0000.out
mv logfile.0000.out /central/scratch/elencz/caltech_fms_idealized/hs_hpc/hs_hpc_odp_1.0/output/logfiles/day0360h00.logfile.0000.out
end
cd /central/scratch/elencz/caltech_fms_idealized/hs_hpc/hs_hpc_odp_1.0/workdir/RESTART
set resfiles = `/bin/ls *.res*`
/bin/ls atmos_model.res atmosphere.res.nc spectral_dynamics.res.nc
if ( 3 > 0 ) then
set restart_file = /central/scratch/elencz/caltech_fms_idealized/hs_hpc/hs_hpc_odp_1.0/output/restart/day0360h00.cpio
if ( ! -d /central/scratch/elencz/caltech_fms_idealized/hs_hpc/hs_hpc_odp_1.0/output/restart ) mkdir -p /central/scratch/elencz/caltech_fms_idealized/hs_hpc/hs_hpc_odp_1.0/output/restart
cp /central/scratch/elencz/caltech_fms_idealized/hs_hpc/hs_hpc_odp_1.0/workdir/input.nml /central/scratch/elencz/caltech_fms_idealized/hs_hpc/hs_hpc_odp_1.0/workdir/diag_table .
set files = ( atmos_model.res atmosphere.res.nc spectral_dynamics.res.nc input.nml diag_table )
/bin/ls atmos_model.res atmosphere.res.nc spectral_dynamics.res.nc input.nml diag_table
cpio -ocv
atmos_model.res
atmosphere.res.nc
diag_table
input.nml
spectral_dynamics.res.nc
32627 blocks
mv day0360h00.cpio /central/scratch/elencz/caltech_fms_idealized/hs_hpc/hs_hpc_odp_1.0/output/restart/day0360h00.cpio
if ( 1 < 60 ) then
mv -f atmos_model.res atmosphere.res.nc spectral_dynamics.res.nc ../INPUT
endif
endif
cd /central/scratch/elencz/caltech_fms_idealized/hs_hpc/hs_hpc_odp_1.0/workdir
set run_number = `expr $ireload \* $runs_per_script - $runs_per_script + $irun`
expr 1 * 60 - 60 + 1
echo Completed run 1 of 60 in bsub 1.
set irun_prev = 1
@ irun++
if ( -f /central/groups/esm/lenka/synoptic_diffusivity/gfdl_idealized//fms_tmp/hs_hpc/hs_hpc_odp_1.0/reload_commands_prev ) then
if ( -f /central/groups/esm/lenka/synoptic_diffusivity/gfdl_idealized//fms_tmp/hs_hpc/hs_hpc_odp_1.0/reload_commands ) mv -f /central/groups/esm/lenka/synoptic_diffusivity/gfdl_idealized//fms_tmp/hs_hpc/hs_hpc_odp_1.0/reload_commands /central/groups/esm/lenka/synoptic_diffusivity/gfdl_idealized//fms_tmp/hs_hpc/hs_hpc_odp_1.0/reload_commands_prev
if ( 2 < = 60 ) then
echo set irun         =  2
else
echo set init_cond    =  /central/scratch/elencz/caltech_fms_idealized/hs_hpc/hs_hpc_odp_1.0/output/restart/day0360h00.cpio
echo set ireload      =  1
cd /central/groups/esm/lenka/synoptic_diffusivity/gfdl_idealized//fms_tmp/hs_hpc/hs_hpc_odp_1.0/analysis
if ( 1 > = 1 ) then
set postproc_dir = /central/groups/esm/lenka/synoptic_diffusivity/gfdl_idealized//fms_tmp/hs_hpc/hs_hpc_odp_1.0/analysis/day0360h00
if ( ! -e /central/groups/esm/lenka/synoptic_diffusivity/gfdl_idealized//fms_tmp/hs_hpc/hs_hpc_odp_1.0/analysis/day0360h00 ) then
mkdir -p /central/groups/esm/lenka/synoptic_diffusivity/gfdl_idealized//fms_tmp/hs_hpc/hs_hpc_odp_1.0/analysis/day0360h00
else
cd /central/groups/esm/lenka/synoptic_diffusivity/gfdl_idealized//fms_tmp/hs_hpc/hs_hpc_odp_1.0/analysis/day0360h00
echo set exp_name = hs_hpc
echo set data_dir = /central/groups/esm/lenka/synoptic_diffusivity/gfdl_idealized//fms_output/hs_hpc/hs_hpc_odp_1.0
echo set run_name = hs_hpc_odp_1.0
echo set date_name = day0360h00
echo set run_analysis = /central/groups/esm/lenka/synoptic_diffusivity/gfdl_idealized//fms_tmp/hs_hpc/hs_hpc_odp_1.0/analysis
echo set fms_home = /central/groups/esm/lenka/synoptic_diffusivity/gfdl_idealized/spectral_idealized_public_release/idealized
echo set tmpdir = /central/groups/esm/lenka/synoptic_diffusivity/gfdl_idealized//fms_tmp/hs_hpc
echo set `grep num_fourier /central/groups/esm/lenka/synoptic_diffusivity/gfdl_idealized/spectral_idealized_public_release/exp/hs_hpc/input/namelists_dry | tr ',' ' ' `
tr ,  
grep num_fourier /central/groups/esm/lenka/synoptic_diffusivity/gfdl_idealized/spectral_idealized_public_release/exp/hs_hpc/input/namelists_dry
echo set irun = 1
echo set runs_per_script = 60
echo set days_per_segment = 1
echo set num_segments = 360
echo set isegment = 1
echo set fms_output_freq = 1xday
cp /central/groups/esm/lenka/synoptic_diffusivity/gfdl_idealized/spectral_idealized_public_release/analysis/analysis_3d/run/run_analysis_dry_3d_hpc ./
cp: cannot stat /central/groups/esm/lenka/synoptic_diffusivity/gfdl_idealized/spectral_idealized_public_release/analysis/analysis_3d/run/run_analysis_dry_3d_hpc: No such file or directory
else
if ( ! -f /central/scratch/elencz/caltech_fms_idealized/hs_hpc/hs_hpc_odp_1.0/output/restart/day0360h00.cpio ) then
end
while ( 2 < = 60 )
cd /central/scratch/elencz/caltech_fms_idealized/hs_hpc/hs_hpc_odp_1.0/workdir
if ( 1 == 1 && 2 == 1 ) then
cat
endif
if ( dry == dry ) then
cat
else if ( dry == moist ) then
cat
endif
cat /central/groups/esm/lenka/synoptic_diffusivity/gfdl_idealized/spectral_idealized_public_release/exp/hs_hpc/input/namelists_dry
cp /central/groups/esm/lenka/synoptic_diffusivity/gfdl_idealized/spectral_idealized_public_release/exp/hs_hpc/input/diag_table_dry_3d diag_table
cp /central/groups/esm/lenka/synoptic_diffusivity/gfdl_idealized/spectral_idealized_public_release/exp/hs_hpc/input/field_table_dry field_table
cp /central/groups/esm/lenka/synoptic_diffusivity/gfdl_idealized//fms_tmp/hs_hpc/exe.fms/fms.x fms.x
cp input.nml /central/groups/esm/lenka/synoptic_diffusivity/gfdl_idealized//fms_tmp/hs_hpc/hs_hpc_odp_1.0
set MX_RCACHE=2
srun /central/scratch/elencz/caltech_fms_idealized/hs_hpc/hs_hpc_odp_1.0/workdir/fms.x

WARNING from PE    0: Namelist mix_snapshot_average_fields = true will cause ERROR in time coordinates of all time_averaged fields. Strongly recommend mix_snapshot_average_fields = false


WARNING from PE    0: diag_util opening_file: module/field_name grid_physics/tdt_total_grid_physics NOT registered, ALL fields should be registered BEFORE the first send_data


WARNING from PE    0: diag_util opening_file: module/field_name dry_convection/dt_tg NOT registered, ALL fields should be registered BEFORE the first send_data


WARNING from PE    0: diag_util opening_file: module/field_name atmosphere/dt_tg_diffusion NOT registered, ALL fields should be registered BEFORE the first send_data

srun: Job step aborted: Waiting up to 32 seconds for job step to finish.
forrtl: error (78): process killed (SIGTERM)
Image              PC                Routine            Line        Source             
fms.x (deleted)    0000000000959B9E  Unknown               Unknown  Unknown
libpthread-2.17.s  00002B9EBD01B630  Unknown               Unknown  Unknown
libmpi.so.12       00002B9EBC115D22  PMPIDI_CH3I_Progr     Unknown  Unknown
libmpi.so.12       00002B9EBC40CF2B  MPI_Recv              Unknown  Unknown
libmpifort.so.12.  00002B9EBCD8F7A4  pmpi_recv_            Unknown  Unknown
fms.x (deleted)    000000000086EDB1  Unknown               Unknown  Unknown
fms.x (deleted)    0000000000537845  Unknown               Unknown  Unknown
fms.x (deleted)    000000000053F9B2  Unknown               Unknown  Unknown
fms.x (deleted)    000000000040DEE6  Unknown               Unknown  Unknown
fms.x (deleted)    000000000046615B  Unknown               Unknown  Unknown
fms.x (deleted)    000000000072BF73  Unknown               Unknown  Unknown
fms.x (deleted)    000000000040425E  Unknown               Unknown  Unknown
libc-2.17.so       00002B9EBD754555  __libc_start_main     Unknown  Unknown
fms.x (deleted)    0000000000404169  Unknown               Unknown  Unknown
forrtl: error (78): process killed (SIGTERM)
Image              PC                Routine            Line        Source             
fms.x (deleted)    0000000000959B9E  Unknown               Unknown  Unknown
libpthread-2.17.s  00002AEFE4DCE630  Unknown               Unknown  Unknown
libc-2.17.so       00002AEFE55C8777  __sched_yield         Unknown  Unknown
libmpi.so.12       00002AEFE3EC8C5E  PMPIDI_CH3I_Progr     Unknown  Unknown
libmpi.so.12       00002AEFE41BFF2B  MPI_Recv              Unknown  Unknown
libmpifort.so.12.  00002AEFE4B427A4  pmpi_recv_            Unknown  Unknown
fms.x (deleted)    000000000086EDB1  Unknown               Unknown  Unknown
fms.x (deleted)    0000000000537845  Unknown               Unknown  Unknown
fms.x (deleted)    000000000053F9B2  Unknown               Unknown  Unknown
fms.x (deleted)    000000000040DEE6  Unknown               Unknown  Unknown
fms.x (deleted)    000000000046615B  Unknown               Unknown  Unknown
fms.x (deleted)    000000000072BF73  Unknown               Unknown  Unknown
fms.x (deleted)    000000000040425E  Unknown               Unknown  Unknown
libc-2.17.so       00002AEFE5507555  __libc_start_main     Unknown  Unknown
fms.x (deleted)    0000000000404169  Unknown               Unknown  Unknown
slurmstepd: error: *** STEP 12441034.1 ON hpc-90-22 CANCELLED AT 2020-11-30T15:21:05 ***
forrtl: error (78): process killed (SIGTERM)
Image              PC                Routine            Line        Source             
fms.x (deleted)    0000000000959B9E  Unknown               Unknown  Unknown
libpthread-2.17.s  00002B1141321630  Unknown               Unknown  Unknown
libc-2.17.so       00002B1141B1B777  __sched_yield         Unknown  Unknown
libmpi.so.12       00002B114041BC5E  PMPIDI_CH3I_Progr     Unknown  Unknown
libmpi.so.12       00002B1140712F2B  MPI_Recv              Unknown  Unknown
libmpifort.so.12.  00002B11410957A4  pmpi_recv_            Unknown  Unknown
fms.x (deleted)    000000000086EDB1  Unknown               Unknown  Unknown
fms.x (deleted)    0000000000537845  Unknown               Unknown  Unknown
fms.x (deleted)    000000000053F9B2  Unknown               Unknown  Unknown
fms.x (deleted)    000000000040DEE6  Unknown               Unknown  Unknown
fms.x (deleted)    000000000046615B  Unknown               Unknown  Unknown
fms.x (deleted)    000000000072BF73  Unknown               Unknown  Unknown
fms.x (deleted)    000000000040425E  Unknown               Unknown  Unknown
libc-2.17.so       00002B1141A5A555  __libc_start_main     Unknown  Unknown
fms.x (deleted)    0000000000404169  Unknown               Unknown  Unknown
forrtl: error (78): process killed (SIGTERM)
Image              PC                Routine            Line        Source             
fms.x (deleted)    0000000000959B9E  Unknown               Unknown  Unknown
libpthread-2.17.s  00002AF3A7943630  Unknown               Unknown  Unknown
libmpi.so.12.0     00002AF3A6AFC72E  Unknown               Unknown  Unknown
libmpi.so.12.0     00002AF3A6C73380  Unknown               Unknown  Unknown
libmpi.so.12       00002AF3A6A3D968  PMPIDI_CH3I_Progr     Unknown  Unknown
libmpi.so.12       00002AF3A6D34F2B  MPI_Recv              Unknown  Unknown
libmpifort.so.12.  00002AF3A76B77A4  pmpi_recv_            Unknown  Unknown
fms.x (deleted)    000000000086EDB1  Unknown               Unknown  Unknown
fms.x (deleted)    0000000000537845  Unknown               Unknown  Unknown
fms.x (deleted)    000000000053F9B2  Unknown               Unknown  Unknown
fms.x (deleted)    000000000040DEE6  Unknown               Unknown  Unknown
fms.x (deleted)    000000000046615B  Unknown               Unknown  Unknown
fms.x (deleted)    000000000072BF73  Unknown               Unknown  Unknown
fms.x (deleted)    000000000040425E  Unknown               Unknown  Unknown
libc-2.17.so       00002AF3A807C555  __libc_start_main     Unknown  Unknown
fms.x (deleted)    0000000000404169  Unknown               Unknown  Unknown
forrtl: error (78): process killed (SIGTERM)
Image              PC                Routine            Line        Source             
fms.x (deleted)    0000000000959B9E  Unknown               Unknown  Unknown
libpthread-2.17.s  00002B94386E6630  Unknown               Unknown  Unknown
libmpi.so.12       00002B94377DEA3E  PMPIDI_CH3I_Progr     Unknown  Unknown
libmpi.so.12       00002B9437AD7F2B  MPI_Recv              Unknown  Unknown
libmpifort.so.12.  00002B943845A7A4  pmpi_recv_            Unknown  Unknown
fms.x (deleted)    000000000086EDB1  Unknown               Unknown  Unknown
fms.x (deleted)    0000000000537845  Unknown               Unknown  Unknown
fms.x (deleted)    000000000053F9B2  Unknown               Unknown  Unknown
fms.x (deleted)    000000000040DEE6  Unknown               Unknown  Unknown
fms.x (deleted)    000000000046615B  Unknown               Unknown  Unknown
fms.x (deleted)    000000000072BF73  Unknown               Unknown  Unknown
fms.x (deleted)    000000000040425E  Unknown               Unknown  Unknown
libc-2.17.so       00002B9438E1F555  __libc_start_main     Unknown  Unknown
fms.x (deleted)    0000000000404169  Unknown               Unknown  Unknown
forrtl: error (78): process killed (SIGTERM)
Image              PC                Routine            Line        Source             
fms.x (deleted)    0000000000959B9E  Unknown               Unknown  Unknown
libpthread-2.17.s  00002AFDD0273630  Unknown               Unknown  Unknown
libc-2.17.so       00002AFDD0A6D777  __sched_yield         Unknown  Unknown
libmpi.so.12       00002AFDCF36DC5E  PMPIDI_CH3I_Progr     Unknown  Unknown
libmpi.so.12       00002AFDCF664F2B  MPI_Recv              Unknown  Unknown
libmpifort.so.12.  00002AFDCFFE77A4  pmpi_recv_            Unknown  Unknown
fms.x (deleted)    000000000086EDB1  Unknown               Unknown  Unknown
fms.x (deleted)    0000000000537845  Unknown               Unknown  Unknown
fms.x (deleted)    000000000053F9B2  Unknown               Unknown  Unknown
fms.x (deleted)    000000000040DEE6  Unknown               Unknown  Unknown
fms.x (deleted)    000000000046615B  Unknown               Unknown  Unknown
fms.x (deleted)    000000000072BF73  Unknown               Unknown  Unknown
fms.x (deleted)    000000000040425E  Unknown               Unknown  Unknown
libc-2.17.so       00002AFDD09AC555  __libc_start_main     Unknown  Unknown
fms.x (deleted)    0000000000404169  Unknown               Unknown  Unknown
forrtl: error (78): process killed (SIGTERM)
Image              PC                Routine            Line        Source             
fms.x (deleted)    0000000000959B9E  Unknown               Unknown  Unknown
libpthread-2.17.s  00002B5A92EBF630  Unknown               Unknown  Unknown
libc-2.17.so       00002B5A936B9777  __sched_yield         Unknown  Unknown
libmpi.so.12       00002B5A91FB9C5E  PMPIDI_CH3I_Progr     Unknown  Unknown
libmpi.so.12       00002B5A922B0F2B  MPI_Recv              Unknown  Unknown
libmpifort.so.12.  00002B5A92C337A4  pmpi_recv_            Unknown  Unknown
fms.x (deleted)    000000000086EDB1  Unknown               Unknown  Unknown
fms.x (deleted)    0000000000537845  Unknown               Unknown  Unknown
fms.x (deleted)    000000000053F9B2  Unknown               Unknown  Unknown
fms.x (deleted)    000000000040DEE6  Unknown               Unknown  Unknown
fms.x (deleted)    000000000046615B  Unknown               Unknown  Unknown
forrtl: error (78): process killed (SIGTERM)
Image              PC                Routine            Line        Source             
fms.x (deleted)    0000000000959B9E  Unknown               Unknown  Unknown
libpthread-2.17.s  00002B46222E5630  Unknown               Unknown  Unknown
libmpi.so.12       00002B46213DFD4C  PMPIDI_CH3I_Progr     Unknown  Unknown
libmpi.so.12       00002B46216D6F2B  MPI_Recv              Unknown  Unknown
libmpifort.so.12.  00002B46220597A4  pmpi_recv_            Unknown  Unknown
fms.x (deleted)    000000000086EDB1  Unknown               Unknown  Unknown
fms.x (deleted)    0000000000537845  Unknown               Unknown  Unknown
fms.x (deleted)    000000000053F9B2  Unknown               Unknown  Unknown
fms.x (deleted)    000000000040DEE6  Unknown               Unknown  Unknown
fms.x (deleted)    000000000046615B  Unknown               Unknown  Unknown
fms.x (deleted)    000000000072BF73  Unknown               Unknown  Unknown
fms.x (deleted)    000000000040425E  Unknown               Unknown  Unknown
libc-2.17.so       00002B4622A1E555  __libc_start_main     Unknown  Unknown
fms.x (deleted)    0000000000404169  Unknown               Unknown  Unknown
slurmstepd: error: *** JOB 12441034 ON hpc-90-22 CANCELLED AT 2020-11-30T15:21:05 ***
forrtl: error (78): process killed (SIGTERM)
Image              PC                Routine            Line        Source             
fms.x (deleted)    0000000000959B9E  Unknown               Unknown  Unknown
libpthread-2.17.s  00002B406C9E8630  Unknown               Unknown  Unknown
libmpi.so.12       00002B406BAE0A3E  PMPIDI_CH3I_Progr     Unknown  Unknown
libmpi.so.12       00002B406BDD9F2B  MPI_Recv              Unknown  Unknown
libmpifort.so.12.  00002B406C75C7A4  pmpi_recv_            Unknown  Unknown
fms.x (deleted)    000000000086EDB1  Unknown               Unknown  Unknown
fms.x (deleted)    0000000000537845  Unknown               Unknown  Unknown
fms.x (deleted)    000000000053F9B2  Unknown               Unknown  Unknown
fms.x (deleted)    000000000040DEE6  Unknown               Unknown  Unknown
fms.x (deleted)    000000000046615B  Unknown               Unknown  Unknown
fms.x (deleted)    000000000072BF73  Unknown               Unknown  Unknown
forrtl: error (78): process killed (SIGTERM)
Image              PC                Routine            Line        Source             
fms.x (deleted)    0000000000959B9E  Unknown               Unknown  Unknown
libpthread-2.17.s  00002AC62B9B8630  Unknown               Unknown  Unknown
libc-2.17.so       00002AC62C1B2777  __sched_yield         Unknown  Unknown
libmpi.so.12       00002AC62AAB2C5E  PMPIDI_CH3I_Progr     Unknown  Unknown
libmpi.so.12       00002AC62ADA9F2B  MPI_Recv              Unknown  Unknown
libmpifort.so.12.  00002AC62B72C7A4  pmpi_recv_            Unknown  Unknown
fms.x (deleted)    000000000086EDB1  Unknown               Unknown  Unknown
fms.x (deleted)    0000000000537845  Unknown               Unknown  Unknown
fms.x (deleted)    000000000053F9B2  Unknown               Unknown  Unknown
fms.x (deleted)    000000000040DEE6  Unknown               Unknown  Unknown
fms.x (deleted)    000000000046615B  Unknown               Unknown  Unknown
fms.x (deleted)    000000000040425E  Unknown               Unknown  Unknown
libc-2.17.so       00002B406D121555  __libc_start_main     Unknown  Unknown
fms.x (deleted)    0000000000404169  Unknown               Unknown  Unknown
fms.x (deleted)    000000000072BF73  Unknown               Unknown  Unknown
fms.x (deleted)    000000000040425E  Unknown               Unknown  Unknown
libc-2.17.so       00002AC62C0F1555  __libc_start_main     Unknown  Unknown
fms.x (deleted)    0000000000404169  Unknown               Unknown  Unknown
forrtl: error (78): process killed (SIGTERM)
Image              PC                Routine            Line        Source             
fms.x (deleted)    0000000000959B9E  Unknown               Unknown  Unknown
libpthread-2.17.s  00002B4CFF2A7630  Unknown               Unknown  Unknown
libc-2.17.so       00002B4CFFAA1777  __sched_yield         Unknown  Unknown
libmpi.so.12       00002B4CFE3A1C5E  PMPIDI_CH3I_Progr     Unknown  Unknown
libmpi.so.12       00002B4CFE698F2B  MPI_Recv              Unknown  Unknown
libmpifort.so.12.  00002B4CFF01B7A4  pmpi_recv_            Unknown  Unknown
fms.x (deleted)    000000000086EDB1  Unknown               Unknown  Unknown
fms.x (deleted)    0000000000537845  Unknown               Unknown  Unknown
fms.x (deleted)    000000000053F9B2  Unknown               Unknown  Unknown
fms.x (deleted)    000000000040DEE6  Unknown               Unknown  Unknown
fms.x (deleted)    000000000046615B  Unknown               Unknown  Unknown
forrtl: error (78): process killed (SIGTERM)
Image              PC                Routine            Line        Source             
fms.x (deleted)    0000000000959B9E  Unknown               Unknown  Unknown
libpthread-2.17.s  00002B6294D94630  Unknown               Unknown  Unknown
libmpi.so.12.0     00002B6293F4D748  Unknown               Unknown  Unknown
libmpi.so.12.0     00002B62940C4380  Unknown               Unknown  Unknown
libmpi.so.12       00002B6293E8E968  PMPIDI_CH3I_Progr     Unknown  Unknown
libmpi.so.12       00002B6294185F2B  MPI_Recv              Unknown  Unknown
libmpifort.so.12.  00002B6294B087A4  pmpi_recv_            Unknown  Unknown
fms.x (deleted)    000000000086EDB1  Unknown               Unknown  Unknown
fms.x (deleted)    0000000000537845  Unknown               Unknown  Unknown
fms.x (deleted)    000000000053F9B2  Unknown               Unknown  Unknown
fms.x (deleted)    000000000040DEE6  Unknown               Unknown  Unknown
fms.x (deleted)    000000000072BF73  Unknown               Unknown  Unknown
fms.x (deleted)    000000000040425E  Unknown               Unknown  Unknown
libc-2.17.so       00002B4CFF9E0555  __libc_start_main     Unknown  Unknown
fms.x (deleted)    0000000000404169  Unknown               Unknown  Unknown
fms.x (deleted)    000000000046615B  Unknown               Unknown  Unknown
fms.x (deleted)    000000000072BF73  Unknown               Unknown  Unknown
fms.x (deleted)    000000000040425E  Unknown               Unknown  Unknown
libc-2.17.so       00002B62954CD555  __libc_start_main     Unknown  Unknown
fms.x (deleted)    0000000000404169  Unknown               Unknown  Unknown
