echo *** Running /central/groups/esm/lenka/Projects/GrowthRate/FMS_clean_two_step_GrowthRate/fms_default_public/exp/g_r/run/run_exp on hpc-93-03 ***
date
set analysis_version = analysis_3d
set analysis_script = run_analysis_moist_3d_hpc
set diagtable = /central/groups/esm/lenka/Projects/GrowthRate/FMS_clean_two_step_GrowthRate/fms_default_public/exp/g_r/input/diag_table_moist_3d
set analysis_dir = /central/groups/esm/lenka/Projects/GrowthRate/FMS_clean_two_step_GrowthRate/fms_default_public/analysis/analysis_3d/run
source /etc/profile.d/modules.csh
if ( 1 ) then
set modules_shell=tcsh
else
set exec_prefix=/software/Modules/bin
set prefix=
set postfix=
if ( 0 ) then
set histchar = !
endif
if ( 0 ) then
if ( 0 ) then
set postfix = set _exit=$status; ; /usr/bin/test 0 = $_exit;
alias module eval `/software/Modules/bin/modulecmd tcsh !*`; set _exit=$status; ; /usr/bin/test 0 = $_exit;
unset exec_prefix
unset prefix
unset postfix
setenv MODULESHOME /software/Modules
if ( ! 1 ) then
if ( ! 1 ) then
eval `/software/Modules/bin/modulecmd tcsh load intel/18.1`
/software/Modules/bin/modulecmd tcsh load intel/18.1
setenv CC icc
set _exit=0
/usr/bin/test 0 = 0
eval `/software/Modules/bin/modulecmd tcsh load hdf5/1.10.2`
/software/Modules/bin/modulecmd tcsh load hdf5/1.10.2
setenv CPATH /software/hdf5/1.10.1/include:/central/software/Intel/2018.1/compilers_and_libraries_2018.1.163/linux/ipp/include:/central/software/Intel/2018.1/compilers_and_libraries_2018.1.163/linux/mkl/include:/central/software/Intel/2018.1/compilers_and_libraries_2018.1.163/linux/pstl/include:/central/software/Intel/2018.1/compilers_and_libraries_2018.1.163/linux/tbb/include:/central/software/Intel/2018.1/compilers_and_libraries_2018.1.163/linux/tbb/include:/central/software/Intel/2018.1/compilers_and_libraries_2018.1.163/linux/daal/include
setenv HDF5_DIR /software/hdf5/1.10.1
setenv LD_LIBRARY_PATH /software/hdf5/1.10.1/lib:/central/software/Intel/2018.1/compilers_and_libraries_2018.1.163/linux/compiler/lib/intel64:/central/software/Intel/2018.1/compilers_and_libraries_2018.1.163/linux/compiler/lib/intel64_lin:/central/software/Intel/2018.1/compilers_and_libraries_2018.1.163/linux/mpi/intel64/lib:/central/software/Intel/2018.1/compilers_and_libraries_2018.1.163/linux/mpi/mic/lib:/central/software/Intel/2018.1/compilers_and_libraries_2018.1.163/linux/ipp/lib/intel64:/central/software/Intel/2018.1/compilers_and_libraries_2018.1.163/linux/mkl/lib/intel64_lin:/central/software/Intel/2018.1/compilers_and_libraries_2018.1.163/linux/tbb/lib/intel64/gcc4.7:/central/software/Intel/2018.1/debugger_2018/iga/lib:/central/software/Intel/2018.1/debugger_2018/libipt/intel64/lib:/central/software/Intel/2018.1/compilers_and_libraries_2018.1.163/linux/daal/lib/intel64_lin:/central/software/Intel/2018.1/compilers_and_libraries_2018.1.163/linux/daal/../tbb/lib/intel64_lin/gcc4.4
setenv LIBRARY_PATH /software/hdf5/1.10.1/lib:/central/software/Intel/2018.1/compilers_and_libraries_2018.1.163/linux/ipp/lib/intel64:/central/software/Intel/2018.1/compilers_and_libraries_2018.1.163/linux/compiler/lib/intel64_lin:/central/software/Intel/2018.1/compilers_and_libraries_2018.1.163/linux/mkl/lib/intel64_lin:/central/software/Intel/2018.1/compilers_and_libraries_2018.1.163/linux/tbb/lib/intel64/gcc4.7:/central/software/Intel/2018.1/compilers_and_libraries_2018.1.163/linux/daal/lib/intel64_lin:/central/software/Intel/2018.1/compilers_and_libraries_2018.1.163/linux/daal/../tbb/lib/intel64_lin/gcc4.4
setenv LOADEDMODULES intel/18.1:hdf5/1.10.2
setenv MANPATH /software/hdf5/1.10.1/share/man:/central/software/Intel/2018.1/man/common:/central/software/Intel/2018.1/compilers_and_libraries_2018.1.163/linux/mpi/man:/central/software/Intel/2018.1/documentation_2018/en/debugger//gdb-ia/man/:/central/software/Intel/2018.1/documentation_2018/en/debugger//gdb-igfx/man/:/central/slurm/install/current/share/man/:/usr/local/share/man:/usr/share/man/overrides:/usr/share/man:/opt/ibutils/share/man:/cm/local/apps/environment-modules/current/share/man
setenv PATH /software/hdf5/1.10.1/bin:/central/software/Intel/2018.1/compilers_and_libraries_2018.1.163/linux/bin/intel64:/central/software/Intel/2018.1/compilers_and_libraries_2018.1.163/linux/mpi/intel64/bin:/central/slurm/install/current/bin/:/usr/lib64/qt-3.3/bin:/usr/local/bin:/usr/bin:/usr/local/sbin:/usr/sbin:/usr/lpp/mmfs/bin:/opt/ibutils/bin:/opt/dell/srvadmin/bin:/home/elencz/.local/bin:/home/elencz/bin:.
setenv _LMFILES_ /software/Modules/modulefiles/compilers/intel/18.1:/software/Modules/modulefiles/data/hdf5/1.10.2
set _exit=0
/usr/bin/test 0 = 0
eval `/software/Modules/bin/modulecmd tcsh load netcdf-c/4.6.1`
/software/Modules/bin/modulecmd tcsh load netcdf-c/4.6.1
setenv CPATH /central/software/netcdf-c/4.6.1//include:/software/hdf5/1.10.1/include:/central/software/Intel/2018.1/compilers_and_libraries_2018.1.163/linux/ipp/include:/central/software/Intel/2018.1/compilers_and_libraries_2018.1.163/linux/mkl/include:/central/software/Intel/2018.1/compilers_and_libraries_2018.1.163/linux/pstl/include:/central/software/Intel/2018.1/compilers_and_libraries_2018.1.163/linux/tbb/include:/central/software/Intel/2018.1/compilers_and_libraries_2018.1.163/linux/tbb/include:/central/software/Intel/2018.1/compilers_and_libraries_2018.1.163/linux/daal/include
setenv LD_LIBRARY_PATH /central/software/netcdf-c/4.6.1//lib:/software/hdf5/1.10.1/lib:/central/software/Intel/2018.1/compilers_and_libraries_2018.1.163/linux/compiler/lib/intel64:/central/software/Intel/2018.1/compilers_and_libraries_2018.1.163/linux/compiler/lib/intel64_lin:/central/software/Intel/2018.1/compilers_and_libraries_2018.1.163/linux/mpi/intel64/lib:/central/software/Intel/2018.1/compilers_and_libraries_2018.1.163/linux/mpi/mic/lib:/central/software/Intel/2018.1/compilers_and_libraries_2018.1.163/linux/ipp/lib/intel64:/central/software/Intel/2018.1/compilers_and_libraries_2018.1.163/linux/mkl/lib/intel64_lin:/central/software/Intel/2018.1/compilers_and_libraries_2018.1.163/linux/tbb/lib/intel64/gcc4.7:/central/software/Intel/2018.1/debugger_2018/iga/lib:/central/software/Intel/2018.1/debugger_2018/libipt/intel64/lib:/central/software/Intel/2018.1/compilers_and_libraries_2018.1.163/linux/daal/lib/intel64_lin:/central/software/Intel/2018.1/compilers_and_libraries_2018.1.163/linux/daal/../tbb/lib/intel64_lin/gcc4.4
setenv LD_RUN_PATH /central/software/netcdf-c/4.6.1//lib
setenv LIBRARY_PATH /central/software/netcdf-c/4.6.1//lib:/software/hdf5/1.10.1/lib:/central/software/Intel/2018.1/compilers_and_libraries_2018.1.163/linux/ipp/lib/intel64:/central/software/Intel/2018.1/compilers_and_libraries_2018.1.163/linux/compiler/lib/intel64_lin:/central/software/Intel/2018.1/compilers_and_libraries_2018.1.163/linux/mkl/lib/intel64_lin:/central/software/Intel/2018.1/compilers_and_libraries_2018.1.163/linux/tbb/lib/intel64/gcc4.7:/central/software/Intel/2018.1/compilers_and_libraries_2018.1.163/linux/daal/lib/intel64_lin:/central/software/Intel/2018.1/compilers_and_libraries_2018.1.163/linux/daal/../tbb/lib/intel64_lin/gcc4.4
setenv LOADEDMODULES intel/18.1:hdf5/1.10.2:netcdf-c/4.6.1
setenv MANPATH /central/software/netcdf-c/4.6.1//share/man:/software/hdf5/1.10.1/share/man:/central/software/Intel/2018.1/man/common:/central/software/Intel/2018.1/compilers_and_libraries_2018.1.163/linux/mpi/man:/central/software/Intel/2018.1/documentation_2018/en/debugger//gdb-ia/man/:/central/software/Intel/2018.1/documentation_2018/en/debugger//gdb-igfx/man/:/central/slurm/install/current/share/man/:/usr/local/share/man:/usr/share/man/overrides:/usr/share/man:/opt/ibutils/share/man:/cm/local/apps/environment-modules/current/share/man
setenv PATH /central/software/netcdf-c/4.6.1//bin:/software/hdf5/1.10.1/bin:/central/software/Intel/2018.1/compilers_and_libraries_2018.1.163/linux/bin/intel64:/central/software/Intel/2018.1/compilers_and_libraries_2018.1.163/linux/mpi/intel64/bin:/central/slurm/install/current/bin/:/usr/lib64/qt-3.3/bin:/usr/local/bin:/usr/bin:/usr/local/sbin:/usr/sbin:/usr/lpp/mmfs/bin:/opt/ibutils/bin:/opt/dell/srvadmin/bin:/home/elencz/.local/bin:/home/elencz/bin:.
setenv _LMFILES_ /software/Modules/modulefiles/compilers/intel/18.1:/software/Modules/modulefiles/data/hdf5/1.10.2:/software/Modules/modulefiles/data/netcdf-c/4.6.1
set _exit=0
/usr/bin/test 0 = 0
eval `/software/Modules/bin/modulecmd tcsh load netcdf-fortran/4.4.4`
/software/Modules/bin/modulecmd tcsh load netcdf-fortran/4.4.4
setenv CPATH /central/software/netcdf-fortran/4.4.4/include:/central/software/netcdf-c/4.6.1//include:/software/hdf5/1.10.1/include:/central/software/Intel/2018.1/compilers_and_libraries_2018.1.163/linux/ipp/include:/central/software/Intel/2018.1/compilers_and_libraries_2018.1.163/linux/mkl/include:/central/software/Intel/2018.1/compilers_and_libraries_2018.1.163/linux/pstl/include:/central/software/Intel/2018.1/compilers_and_libraries_2018.1.163/linux/tbb/include:/central/software/Intel/2018.1/compilers_and_libraries_2018.1.163/linux/tbb/include:/central/software/Intel/2018.1/compilers_and_libraries_2018.1.163/linux/daal/include
setenv LD_LIBRARY_PATH /central/software/netcdf-fortran/4.4.4/lib:/central/software/netcdf-c/4.6.1//lib:/software/hdf5/1.10.1/lib:/central/software/Intel/2018.1/compilers_and_libraries_2018.1.163/linux/compiler/lib/intel64:/central/software/Intel/2018.1/compilers_and_libraries_2018.1.163/linux/compiler/lib/intel64_lin:/central/software/Intel/2018.1/compilers_and_libraries_2018.1.163/linux/mpi/intel64/lib:/central/software/Intel/2018.1/compilers_and_libraries_2018.1.163/linux/mpi/mic/lib:/central/software/Intel/2018.1/compilers_and_libraries_2018.1.163/linux/ipp/lib/intel64:/central/software/Intel/2018.1/compilers_and_libraries_2018.1.163/linux/mkl/lib/intel64_lin:/central/software/Intel/2018.1/compilers_and_libraries_2018.1.163/linux/tbb/lib/intel64/gcc4.7:/central/software/Intel/2018.1/debugger_2018/iga/lib:/central/software/Intel/2018.1/debugger_2018/libipt/intel64/lib:/central/software/Intel/2018.1/compilers_and_libraries_2018.1.163/linux/daal/lib/intel64_lin:/central/software/Intel/2018.1/compilers_and_libraries_2018.1.163/linux/daal/../tbb/lib/intel64_lin/gcc4.4
setenv LD_RUN_PATH /central/software/netcdf-fortran/4.4.4/lib:/central/software/netcdf-c/4.6.1//lib
setenv LIBRARY_PATH /central/software/netcdf-fortran/4.4.4/lib:/central/software/netcdf-c/4.6.1//lib:/software/hdf5/1.10.1/lib:/central/software/Intel/2018.1/compilers_and_libraries_2018.1.163/linux/ipp/lib/intel64:/central/software/Intel/2018.1/compilers_and_libraries_2018.1.163/linux/compiler/lib/intel64_lin:/central/software/Intel/2018.1/compilers_and_libraries_2018.1.163/linux/mkl/lib/intel64_lin:/central/software/Intel/2018.1/compilers_and_libraries_2018.1.163/linux/tbb/lib/intel64/gcc4.7:/central/software/Intel/2018.1/compilers_and_libraries_2018.1.163/linux/daal/lib/intel64_lin:/central/software/Intel/2018.1/compilers_and_libraries_2018.1.163/linux/daal/../tbb/lib/intel64_lin/gcc4.4
setenv LOADEDMODULES intel/18.1:hdf5/1.10.2:netcdf-c/4.6.1:netcdf-fortran/4.4.4
setenv MANPATH /central/software/netcdf-fortran/4.4.4/share/man:/central/software/netcdf-c/4.6.1//share/man:/software/hdf5/1.10.1/share/man:/central/software/Intel/2018.1/man/common:/central/software/Intel/2018.1/compilers_and_libraries_2018.1.163/linux/mpi/man:/central/software/Intel/2018.1/documentation_2018/en/debugger//gdb-ia/man/:/central/software/Intel/2018.1/documentation_2018/en/debugger//gdb-igfx/man/:/central/slurm/install/current/share/man/:/usr/local/share/man:/usr/share/man/overrides:/usr/share/man:/opt/ibutils/share/man:/cm/local/apps/environment-modules/current/share/man
setenv PATH /central/software/netcdf-fortran/4.4.4/bin:/central/software/netcdf-c/4.6.1//bin:/software/hdf5/1.10.1/bin:/central/software/Intel/2018.1/compilers_and_libraries_2018.1.163/linux/bin/intel64:/central/software/Intel/2018.1/compilers_and_libraries_2018.1.163/linux/mpi/intel64/bin:/central/slurm/install/current/bin/:/usr/lib64/qt-3.3/bin:/usr/local/bin:/usr/bin:/usr/local/sbin:/usr/sbin:/usr/lpp/mmfs/bin:/opt/ibutils/bin:/opt/dell/srvadmin/bin:/home/elencz/.local/bin:/home/elencz/bin:.
setenv _LMFILES_ /software/Modules/modulefiles/compilers/intel/18.1:/software/Modules/modulefiles/data/hdf5/1.10.2:/software/Modules/modulefiles/data/netcdf-c/4.6.1:/software/Modules/modulefiles/data/netcdf-fortran/4.4.4
set _exit=0
/usr/bin/test 0 = 0
eval `/software/Modules/bin/modulecmd tcsh load ncview`
/software/Modules/bin/modulecmd tcsh load ncview
ModuleCmd_Load.c(213):ERROR:105: Unable to locate a modulefile for 'ncview'
set _exit=0
/usr/bin/test 0 = 0
limit stacksize unlimited
cd /central/groups/esm/lenka/Projects/GrowthRate/FMS_clean_two_step_GrowthRate/fms_default_public/exp/g_r
set tmpdir = /central/groups/esm/lenka/Projects/GrowthRate/FMS_clean_two_step_GrowthRate//fms_tmp/g_r
set run_dir = /central/groups/esm/lenka/Projects/GrowthRate/FMS_clean_two_step_GrowthRate//fms_tmp/g_r/g_r_depth_10.0
set workdir = /central/groups/esm/lenka/Projects/GrowthRate/FMS_clean_two_step_GrowthRate//fms_tmp/g_r/g_r_depth_10.0/workdir
set output_dir = /central/groups/esm/lenka/Projects/GrowthRate/FMS_clean_two_step_GrowthRate//fms_tmp/g_r/g_r_depth_10.0/output
set platform = ifc
set init_cond = 
set pathnames = /central/groups/esm/lenka/Projects/GrowthRate/FMS_clean_two_step_GrowthRate/fms_default_public/exp/g_r/input/path_names
set namelist = /central/groups/esm/lenka/Projects/GrowthRate/FMS_clean_two_step_GrowthRate/fms_default_public/exp/g_r/input/namelists_moist
set fieldtable = /central/groups/esm/lenka/Projects/GrowthRate/FMS_clean_two_step_GrowthRate/fms_default_public/exp/g_r/input/field_table_moist
set execdir = /central/groups/esm/lenka/Projects/GrowthRate/FMS_clean_two_step_GrowthRate//fms_tmp/g_r/exe.fms
set run_analysis = /central/groups/esm/lenka/Projects/GrowthRate/FMS_clean_two_step_GrowthRate//fms_tmp/g_r/g_r_depth_10.0/analysis
set analysis_out_err = /central/groups/esm/lenka/Projects/GrowthRate/FMS_clean_two_step_GrowthRate//fms_tmp/g_r/g_r_depth_10.0/analysis/out_err
set mppnccombine = /central/groups/esm/lenka/Projects/GrowthRate/FMS_clean_two_step_GrowthRate//fms_tmp/g_r/mppnccombine.ifc
set template = /central/groups/esm/lenka/Projects/GrowthRate/FMS_clean_two_step_GrowthRate/fms_default_public/idealized/bin/mkmf.template.ifc_hpc_mpi
set mkmf = /central/groups/esm/lenka/Projects/GrowthRate/FMS_clean_two_step_GrowthRate/fms_default_public/idealized/bin/mkmf
set sourcedir = /central/groups/esm/lenka/Projects/GrowthRate/FMS_clean_two_step_GrowthRate/fms_default_public/idealized/src
set time_stamp = /central/groups/esm/lenka/Projects/GrowthRate/FMS_clean_two_step_GrowthRate/fms_default_public/idealized/bin/time_stamp.csh
set ireload = 1
set irun = 1
set reload_file = /central/groups/esm/lenka/Projects/GrowthRate/FMS_clean_two_step_GrowthRate//fms_tmp/g_r/g_r_depth_10.0/reload_commands
if ( -d /central/groups/esm/lenka/Projects/GrowthRate/FMS_clean_two_step_GrowthRate//fms_tmp/g_r/g_r_depth_10.0 ) then
if ( -f /central/groups/esm/lenka/Projects/GrowthRate/FMS_clean_two_step_GrowthRate//fms_tmp/g_r/g_r_depth_10.0/reload_commands ) then
source /central/groups/esm/lenka/Projects/GrowthRate/FMS_clean_two_step_GrowthRate//fms_tmp/g_r/g_r_depth_10.0/reload_commands
set irun = 1
set init_cond = /central/groups/esm/lenka/Projects/GrowthRate/FMS_clean_two_step_GrowthRate//fms_tmp/g_r/g_r_depth_10.0/output/restart/day0720h00.cpio
set ireload = 2
endif
endif
if ( ! -d /central/groups/esm/lenka/Projects/GrowthRate/FMS_clean_two_step_GrowthRate/fms_default_public/exp/g_r/run/out_err ) mkdir -p /central/groups/esm/lenka/Projects/GrowthRate/FMS_clean_two_step_GrowthRate/fms_default_public/exp/g_r/run/out_err
if ( ! -d /central/groups/esm/lenka/Projects/GrowthRate/FMS_clean_two_step_GrowthRate//fms_tmp/g_r/exe.fms ) mkdir -p /central/groups/esm/lenka/Projects/GrowthRate/FMS_clean_two_step_GrowthRate//fms_tmp/g_r/exe.fms
if ( ! -d /central/groups/esm/lenka/Projects/GrowthRate/FMS_clean_two_step_GrowthRate//fms_tmp/g_r/g_r_depth_10.0/analysis ) mkdir -p /central/groups/esm/lenka/Projects/GrowthRate/FMS_clean_two_step_GrowthRate//fms_tmp/g_r/g_r_depth_10.0/analysis
if ( ! -d /central/groups/esm/lenka/Projects/GrowthRate/FMS_clean_two_step_GrowthRate//fms_tmp/g_r/g_r_depth_10.0/analysis/out_err ) mkdir -p /central/groups/esm/lenka/Projects/GrowthRate/FMS_clean_two_step_GrowthRate//fms_tmp/g_r/g_r_depth_10.0/analysis/out_err
if ( ! -e /central/groups/esm/lenka/Projects/GrowthRate/FMS_clean_two_step_GrowthRate//fms_tmp/g_r/g_r_depth_10.0/workdir ) then
mkdir /central/groups/esm/lenka/Projects/GrowthRate/FMS_clean_two_step_GrowthRate//fms_tmp/g_r/g_r_depth_10.0/workdir /central/groups/esm/lenka/Projects/GrowthRate/FMS_clean_two_step_GrowthRate//fms_tmp/g_r/g_r_depth_10.0/workdir/INPUT /central/groups/esm/lenka/Projects/GrowthRate/FMS_clean_two_step_GrowthRate//fms_tmp/g_r/g_r_depth_10.0/workdir/RESTART
else
if ( ! -d /central/groups/esm/lenka/Projects/GrowthRate/FMS_clean_two_step_GrowthRate//fms_tmp/g_r/g_r_depth_10.0/output ) then
if ( ! -f /central/groups/esm/lenka/Projects/GrowthRate/FMS_clean_two_step_GrowthRate//fms_tmp/g_r/mppnccombine.ifc ) then
/bin/cp /central/groups/esm/lenka/Projects/GrowthRate/FMS_clean_two_step_GrowthRate/fms_default_public/idealized/bin/mkmf.template.ifc_hpc_mpi /central/groups/esm/lenka/Projects/GrowthRate/FMS_clean_two_step_GrowthRate//fms_tmp/g_r/g_r_depth_10.0/workdir/tmp_template
echo fms_home = /central/groups/esm/lenka/Projects/GrowthRate/FMS_clean_two_step_GrowthRate/fms_default_public/idealized
cd /central/groups/esm/lenka/Projects/GrowthRate/FMS_clean_two_step_GrowthRate/fms_default_public/idealized/src
depth = 10.0,
depth: Command not found.
echo Using the following sourcecode modifications:
cat /central/groups/esm/lenka/Projects/GrowthRate/FMS_clean_two_step_GrowthRate//fms_tmp/g_r/g_r_depth_10.0/workdir/tmp_pathnames
cat: /central/groups/esm/lenka/Projects/GrowthRate/FMS_clean_two_step_GrowthRate//fms_tmp/g_r/g_r_depth_10.0/workdir/tmp_pathnames: No such file or directory
cat /central/groups/esm/lenka/Projects/GrowthRate/FMS_clean_two_step_GrowthRate/fms_default_public/exp/g_r/input/path_names
cd /central/groups/esm/lenka/Projects/GrowthRate/FMS_clean_two_step_GrowthRate//fms_tmp/g_r/exe.fms
/central/groups/esm/lenka/Projects/GrowthRate/FMS_clean_two_step_GrowthRate/fms_default_public/idealized/bin/mkmf -p fms.x -t /central/groups/esm/lenka/Projects/GrowthRate/FMS_clean_two_step_GrowthRate//fms_tmp/g_r/g_r_depth_10.0/workdir/tmp_template -c -Duse_libMPI -Duse_netCDF -a /central/groups/esm/lenka/Projects/GrowthRate/FMS_clean_two_step_GrowthRate/fms_default_public/idealized/src /central/groups/esm/lenka/Projects/GrowthRate/FMS_clean_two_step_GrowthRate//fms_tmp/g_r/g_r_depth_10.0/workdir/tmp_pathnames /central/groups/esm/lenka/Projects/GrowthRate/FMS_clean_two_step_GrowthRate/fms_default_public/idealized/src/shared/include /central/groups/esm/lenka/Projects/GrowthRate/FMS_clean_two_step_GrowthRate/fms_default_public/idealized/src/shared/mpp/include
........................................................................make -f Makefile
cd /central/groups/esm/lenka/Projects/GrowthRate/FMS_clean_two_step_GrowthRate//fms_tmp/g_r/g_r_depth_10.0/workdir/INPUT
if ( /central/groups/esm/lenka/Projects/GrowthRate/FMS_clean_two_step_GrowthRate//fms_tmp/g_r/g_r_depth_10.0/output/restart/day0720h00.cpio !=  ) then
cp /central/groups/esm/lenka/Projects/GrowthRate/FMS_clean_two_step_GrowthRate//fms_tmp/g_r/g_r_depth_10.0/output/restart/day0720h00.cpio day0720h00.cpio
cpio -iv
atmos_model.res
atmosphere.res.nc
diag_table
input.nml
mixed_layer.res.nc
spectral_dynamics.res.nc
385130 blocks
endif
set ocean_mask = ocean_mask_T42.nc
if ( -e /central/groups/esm/lenka/Projects/GrowthRate/FMS_clean_two_step_GrowthRate/fms_default_public/exp/g_r/input/ocean_mask_T42.nc ) then
while ( 1 < = 60 )
cd /central/groups/esm/lenka/Projects/GrowthRate/FMS_clean_two_step_GrowthRate//fms_tmp/g_r/g_r_depth_10.0/workdir
if ( 2 == 1 && 1 == 1 ) then
cat
endif
if ( moist == dry ) then
if ( moist == moist ) then
cat
else if ( moist == moist_hydro ) then
cat
endif
cat /central/groups/esm/lenka/Projects/GrowthRate/FMS_clean_two_step_GrowthRate/fms_default_public/exp/g_r/input/namelists_moist
cp /central/groups/esm/lenka/Projects/GrowthRate/FMS_clean_two_step_GrowthRate/fms_default_public/exp/g_r/input/diag_table_moist_3d diag_table
cp /central/groups/esm/lenka/Projects/GrowthRate/FMS_clean_two_step_GrowthRate/fms_default_public/exp/g_r/input/field_table_moist field_table
cp /central/groups/esm/lenka/Projects/GrowthRate/FMS_clean_two_step_GrowthRate//fms_tmp/g_r/exe.fms/fms.x fms.x
cp input.nml /central/groups/esm/lenka/Projects/GrowthRate/FMS_clean_two_step_GrowthRate//fms_tmp/g_r/g_r_depth_10.0
set MX_RCACHE=2
srun /central/groups/esm/lenka/Projects/GrowthRate/FMS_clean_two_step_GrowthRate//fms_tmp/g_r/g_r_depth_10.0/workdir/fms.x

WARNING from PE    0: Namelist mix_snapshot_average_fields = true will cause ERROR in time coordinates of all time_averaged fields. Strongly recommend mix_snapshot_average_fields = false

set date_name = `$time_stamp -eh`
/central/groups/esm/lenka/Projects/GrowthRate/FMS_clean_two_step_GrowthRate/fms_default_public/idealized/bin/time_stamp.csh -eh
if ( day1080h00 ==  ) set date_name = tmp`date '+%j%H%M%S'`
if ( -f time_stamp.out ) rm -f time_stamp.out
rm -f time_stamp.out
mkdir /central/groups/esm/lenka/Projects/GrowthRate/FMS_clean_two_step_GrowthRate//fms_tmp/g_r/g_r_depth_10.0/output/combine/day1080h00
foreach ncfile ( `/bin/ls *.nc *.nc.????` )
/bin/ls 1xday.nc.0000 1xday.nc.0001 1xday.nc.0002 1xday.nc.0003 1xday.nc.0004 1xday.nc.0005 1xday.nc.0006 1xday.nc.0007 1xday.nc.0008 1xday.nc.0009 1xday.nc.0010 1xday.nc.0011 1xday.nc.0012 1xday.nc.0013 1xday.nc.0014 1xday.nc.0015
mv 1xday.nc.0000 /central/groups/esm/lenka/Projects/GrowthRate/FMS_clean_two_step_GrowthRate//fms_tmp/g_r/g_r_depth_10.0/output/combine/day1080h00/day1080h00.1xday.nc.0000
end
mv 1xday.nc.0001 /central/groups/esm/lenka/Projects/GrowthRate/FMS_clean_two_step_GrowthRate//fms_tmp/g_r/g_r_depth_10.0/output/combine/day1080h00/day1080h00.1xday.nc.0001
end
mv 1xday.nc.0002 /central/groups/esm/lenka/Projects/GrowthRate/FMS_clean_two_step_GrowthRate//fms_tmp/g_r/g_r_depth_10.0/output/combine/day1080h00/day1080h00.1xday.nc.0002
end
mv 1xday.nc.0003 /central/groups/esm/lenka/Projects/GrowthRate/FMS_clean_two_step_GrowthRate//fms_tmp/g_r/g_r_depth_10.0/output/combine/day1080h00/day1080h00.1xday.nc.0003
end
mv 1xday.nc.0004 /central/groups/esm/lenka/Projects/GrowthRate/FMS_clean_two_step_GrowthRate//fms_tmp/g_r/g_r_depth_10.0/output/combine/day1080h00/day1080h00.1xday.nc.0004
end
mv 1xday.nc.0005 /central/groups/esm/lenka/Projects/GrowthRate/FMS_clean_two_step_GrowthRate//fms_tmp/g_r/g_r_depth_10.0/output/combine/day1080h00/day1080h00.1xday.nc.0005
end
mv 1xday.nc.0006 /central/groups/esm/lenka/Projects/GrowthRate/FMS_clean_two_step_GrowthRate//fms_tmp/g_r/g_r_depth_10.0/output/combine/day1080h00/day1080h00.1xday.nc.0006
end
mv 1xday.nc.0007 /central/groups/esm/lenka/Projects/GrowthRate/FMS_clean_two_step_GrowthRate//fms_tmp/g_r/g_r_depth_10.0/output/combine/day1080h00/day1080h00.1xday.nc.0007
end
mv 1xday.nc.0008 /central/groups/esm/lenka/Projects/GrowthRate/FMS_clean_two_step_GrowthRate//fms_tmp/g_r/g_r_depth_10.0/output/combine/day1080h00/day1080h00.1xday.nc.0008
end
mv 1xday.nc.0009 /central/groups/esm/lenka/Projects/GrowthRate/FMS_clean_two_step_GrowthRate//fms_tmp/g_r/g_r_depth_10.0/output/combine/day1080h00/day1080h00.1xday.nc.0009
end
mv 1xday.nc.0010 /central/groups/esm/lenka/Projects/GrowthRate/FMS_clean_two_step_GrowthRate//fms_tmp/g_r/g_r_depth_10.0/output/combine/day1080h00/day1080h00.1xday.nc.0010
end
mv 1xday.nc.0011 /central/groups/esm/lenka/Projects/GrowthRate/FMS_clean_two_step_GrowthRate//fms_tmp/g_r/g_r_depth_10.0/output/combine/day1080h00/day1080h00.1xday.nc.0011
end
mv 1xday.nc.0012 /central/groups/esm/lenka/Projects/GrowthRate/FMS_clean_two_step_GrowthRate//fms_tmp/g_r/g_r_depth_10.0/output/combine/day1080h00/day1080h00.1xday.nc.0012
end
mv 1xday.nc.0013 /central/groups/esm/lenka/Projects/GrowthRate/FMS_clean_two_step_GrowthRate//fms_tmp/g_r/g_r_depth_10.0/output/combine/day1080h00/day1080h00.1xday.nc.0013
end
mv 1xday.nc.0014 /central/groups/esm/lenka/Projects/GrowthRate/FMS_clean_two_step_GrowthRate//fms_tmp/g_r/g_r_depth_10.0/output/combine/day1080h00/day1080h00.1xday.nc.0014
end
mv 1xday.nc.0015 /central/groups/esm/lenka/Projects/GrowthRate/FMS_clean_two_step_GrowthRate//fms_tmp/g_r/g_r_depth_10.0/output/combine/day1080h00/day1080h00.1xday.nc.0015
end
foreach out ( `/bin/ls *.out` )
/bin/ls logfile.0000.out
mv logfile.0000.out /central/groups/esm/lenka/Projects/GrowthRate/FMS_clean_two_step_GrowthRate//fms_tmp/g_r/g_r_depth_10.0/output/logfiles/day1080h00.logfile.0000.out
end
cd /central/groups/esm/lenka/Projects/GrowthRate/FMS_clean_two_step_GrowthRate//fms_tmp/g_r/g_r_depth_10.0/workdir/RESTART
set resfiles = `/bin/ls *.res*`
/bin/ls atmos_model.res atmosphere.res.nc mixed_layer.res.nc spectral_dynamics.res.nc
if ( 4 > 0 ) then
set restart_file = /central/groups/esm/lenka/Projects/GrowthRate/FMS_clean_two_step_GrowthRate//fms_tmp/g_r/g_r_depth_10.0/output/restart/day1080h00.cpio
if ( ! -d /central/groups/esm/lenka/Projects/GrowthRate/FMS_clean_two_step_GrowthRate//fms_tmp/g_r/g_r_depth_10.0/output/restart ) mkdir -p /central/groups/esm/lenka/Projects/GrowthRate/FMS_clean_two_step_GrowthRate//fms_tmp/g_r/g_r_depth_10.0/output/restart
cp /central/groups/esm/lenka/Projects/GrowthRate/FMS_clean_two_step_GrowthRate//fms_tmp/g_r/g_r_depth_10.0/workdir/input.nml /central/groups/esm/lenka/Projects/GrowthRate/FMS_clean_two_step_GrowthRate//fms_tmp/g_r/g_r_depth_10.0/workdir/diag_table .
set files = ( atmos_model.res atmosphere.res.nc mixed_layer.res.nc spectral_dynamics.res.nc input.nml diag_table )
/bin/ls atmos_model.res atmosphere.res.nc mixed_layer.res.nc spectral_dynamics.res.nc input.nml diag_table
cpio -ocv
atmos_model.res
atmosphere.res.nc
diag_table
input.nml
mixed_layer.res.nc
spectral_dynamics.res.nc
385130 blocks
mv day1080h00.cpio /central/groups/esm/lenka/Projects/GrowthRate/FMS_clean_two_step_GrowthRate//fms_tmp/g_r/g_r_depth_10.0/output/restart/day1080h00.cpio
if ( 1 < 60 ) then
mv -f atmos_model.res atmosphere.res.nc mixed_layer.res.nc spectral_dynamics.res.nc ../INPUT
endif
endif
cd /central/groups/esm/lenka/Projects/GrowthRate/FMS_clean_two_step_GrowthRate//fms_tmp/g_r/g_r_depth_10.0/workdir
set run_number = `expr $ireload \* $runs_per_script - $runs_per_script + $irun`
expr 2 * 60 - 60 + 1
echo Completed run 1 of 60 in bsub 2.
set irun_prev = 1
@ irun++
if ( -f /central/groups/esm/lenka/Projects/GrowthRate/FMS_clean_two_step_GrowthRate//fms_tmp/g_r/g_r_depth_10.0/reload_commands_prev ) then
set irun_tmp = 2
set ireload_tmp = 2
set init_cond_tmp = /central/groups/esm/lenka/Projects/GrowthRate/FMS_clean_two_step_GrowthRate//fms_tmp/g_r/g_r_depth_10.0/output/restart/day0720h00.cpio
source /central/groups/esm/lenka/Projects/GrowthRate/FMS_clean_two_step_GrowthRate//fms_tmp/g_r/g_r_depth_10.0/reload_commands_prev
set irun = 2
set init_cond = /central/groups/esm/lenka/Projects/GrowthRate/FMS_clean_two_step_GrowthRate//fms_tmp/g_r/g_r_depth_10.0/output/restart/day0360h00.cpio
set ireload = 1
rm -r /central/groups/esm/lenka/Projects/GrowthRate/FMS_clean_two_step_GrowthRate//fms_tmp/g_r/g_r_depth_10.0/output/restart/day0360h00.cpio
set irun = 2
set ireload = 2
set init_cond = /central/groups/esm/lenka/Projects/GrowthRate/FMS_clean_two_step_GrowthRate//fms_tmp/g_r/g_r_depth_10.0/output/restart/day0720h00.cpio
endif
if ( -f /central/groups/esm/lenka/Projects/GrowthRate/FMS_clean_two_step_GrowthRate//fms_tmp/g_r/g_r_depth_10.0/reload_commands ) mv -f /central/groups/esm/lenka/Projects/GrowthRate/FMS_clean_two_step_GrowthRate//fms_tmp/g_r/g_r_depth_10.0/reload_commands /central/groups/esm/lenka/Projects/GrowthRate/FMS_clean_two_step_GrowthRate//fms_tmp/g_r/g_r_depth_10.0/reload_commands_prev
mv -f /central/groups/esm/lenka/Projects/GrowthRate/FMS_clean_two_step_GrowthRate//fms_tmp/g_r/g_r_depth_10.0/reload_commands /central/groups/esm/lenka/Projects/GrowthRate/FMS_clean_two_step_GrowthRate//fms_tmp/g_r/g_r_depth_10.0/reload_commands_prev
if ( 2 < = 60 ) then
echo set irun         =  2
else
echo set init_cond    =  /central/groups/esm/lenka/Projects/GrowthRate/FMS_clean_two_step_GrowthRate//fms_tmp/g_r/g_r_depth_10.0/output/restart/day1080h00.cpio
echo set ireload      =  2
cd /central/groups/esm/lenka/Projects/GrowthRate/FMS_clean_two_step_GrowthRate//fms_tmp/g_r/g_r_depth_10.0/analysis
if ( 61 > = 1 ) then
set postproc_dir = /central/groups/esm/lenka/Projects/GrowthRate/FMS_clean_two_step_GrowthRate//fms_tmp/g_r/g_r_depth_10.0/analysis/day1080h00
if ( ! -e /central/groups/esm/lenka/Projects/GrowthRate/FMS_clean_two_step_GrowthRate//fms_tmp/g_r/g_r_depth_10.0/analysis/day1080h00 ) then
mkdir -p /central/groups/esm/lenka/Projects/GrowthRate/FMS_clean_two_step_GrowthRate//fms_tmp/g_r/g_r_depth_10.0/analysis/day1080h00
else
cd /central/groups/esm/lenka/Projects/GrowthRate/FMS_clean_two_step_GrowthRate//fms_tmp/g_r/g_r_depth_10.0/analysis/day1080h00
echo set exp_name = g_r
echo set data_dir = /central/groups/esm/lenka/Projects/GrowthRate/FMS_clean_two_step_GrowthRate//fms_output/g_r/g_r_depth_10.0
echo set run_name = g_r_depth_10.0
echo set date_name = day1080h00
echo set run_analysis = /central/groups/esm/lenka/Projects/GrowthRate/FMS_clean_two_step_GrowthRate//fms_tmp/g_r/g_r_depth_10.0/analysis
echo set fms_home = /central/groups/esm/lenka/Projects/GrowthRate/FMS_clean_two_step_GrowthRate/fms_default_public/idealized
echo set tmpdir = /central/groups/esm/lenka/Projects/GrowthRate/FMS_clean_two_step_GrowthRate//fms_tmp/g_r
echo set `grep num_fourier /central/groups/esm/lenka/Projects/GrowthRate/FMS_clean_two_step_GrowthRate/fms_default_public/exp/g_r/input/namelists_moist | tr ',' ' ' `
tr ,  
grep num_fourier /central/groups/esm/lenka/Projects/GrowthRate/FMS_clean_two_step_GrowthRate/fms_default_public/exp/g_r/input/namelists_moist
echo set irun = 1
echo set runs_per_script = 60
echo set days_per_segment = 1
echo set num_segments = 360
echo set isegment = 1
echo set fms_output_freq = 1xday
cp /central/groups/esm/lenka/Projects/GrowthRate/FMS_clean_two_step_GrowthRate/fms_default_public/analysis/analysis_3d/run/run_analysis_moist_3d_hpc ./
else
if ( ! -f /central/groups/esm/lenka/Projects/GrowthRate/FMS_clean_two_step_GrowthRate//fms_tmp/g_r/g_r_depth_10.0/output/restart/day1080h00.cpio ) then
end
while ( 2 < = 60 )
cd /central/groups/esm/lenka/Projects/GrowthRate/FMS_clean_two_step_GrowthRate//fms_tmp/g_r/g_r_depth_10.0/workdir
if ( 2 == 1 && 2 == 1 ) then
cat
endif
if ( moist == dry ) then
if ( moist == moist ) then
cat
else if ( moist == moist_hydro ) then
cat
endif
cat /central/groups/esm/lenka/Projects/GrowthRate/FMS_clean_two_step_GrowthRate/fms_default_public/exp/g_r/input/namelists_moist
cp /central/groups/esm/lenka/Projects/GrowthRate/FMS_clean_two_step_GrowthRate/fms_default_public/exp/g_r/input/diag_table_moist_3d diag_table
cp /central/groups/esm/lenka/Projects/GrowthRate/FMS_clean_two_step_GrowthRate/fms_default_public/exp/g_r/input/field_table_moist field_table
cp /central/groups/esm/lenka/Projects/GrowthRate/FMS_clean_two_step_GrowthRate//fms_tmp/g_r/exe.fms/fms.x fms.x
cp input.nml /central/groups/esm/lenka/Projects/GrowthRate/FMS_clean_two_step_GrowthRate//fms_tmp/g_r/g_r_depth_10.0
set MX_RCACHE=2
srun /central/groups/esm/lenka/Projects/GrowthRate/FMS_clean_two_step_GrowthRate//fms_tmp/g_r/g_r_depth_10.0/workdir/fms.x

WARNING from PE    0: Namelist mix_snapshot_average_fields = true will cause ERROR in time coordinates of all time_averaged fields. Strongly recommend mix_snapshot_average_fields = false

slurmstepd: error: *** JOB 2743407 ON hpc-93-03 CANCELLED AT 2018-10-22T01:15:08 DUE TO TIME LIMIT ***
srun: Job step aborted: Waiting up to 32 seconds for job step to finish.
forrtl: error (78): process killed (SIGTERM)
Image              PC                Routine            Line        Source             
fms.x              00000000009594FE  Unknown               Unknown  Unknown

Stack trace terminated abnormally.
forrtl: error (78): process killed (SIGTERM)
Image              PC                Routine            Line        Source             
fms.x              00000000009594FE  Unknown               Unknown  Unknown
libpthread-2.17.s  00002AAAABD0A370  Unknown               Unknown  Unknown
libc-2.17.so       00002AAAAC4FD2E7  __sched_yield         Unknown  Unknown
libmpi.so.12       00002AAAAAE04C5E  PMPIDI_CH3I_Progr     Unknown  Unknown
libmpi.so.12       00002AAAAB0FBF2B  MPI_Recv              Unknown  Unknown
libmpifort.so.12.  00002AAAABA7E7A4  pmpi_recv_            Unknown  Unknown

Stack trace terminated abnormally.
forrtl: error (78): process killed (SIGTERM)
Image              PC                Routine            Line        Source             
fms.x              00000000009594FE  Unknown               Unknown  Unknown
libpthread-2.17.s  00002AAAABD0A370  Unknown               Unknown  Unknown
libc-2.17.so       00002AAAAC4FD2E7  __sched_yield         Unknown  Unknown
libmpi.so.12       00002AAAAAE04C5E  PMPIDI_CH3I_Progr     Unknown  Unknown
libmpi.so.12       00002AAAAB0FBF2B  MPI_Recv              Unknown  Unknown
libmpifort.so.12.  00002AAAABA7E7A4  pmpi_recv_            Unknown  Unknown

Stack trace terminated abnormally.
forrtl: error (78): process killed (SIGTERM)
Image              PC                Routine            Line        Source             
fms.x              00000000009594FE  Unknown               Unknown  Unknown
libpthread-2.17.s  00002AAAABD0A370  Unknown               Unknown  Unknown
libc-2.17.so       00002AAAAC4FD2E7  __sched_yield         Unknown  Unknown
libmpi.so.12       00002AAAAAE04C5E  PMPIDI_CH3I_Progr     Unknown  Unknown
libmpi.so.12       00002AAAAB0FBF2B  MPI_Recv              Unknown  Unknown
libmpifort.so.12.  00002AAAABA7E7A4  pmpi_recv_            Unknown  Unknown

Stack trace terminated abnormally.
forrtl: error (78): process killed (SIGTERM)
Image              PC                Routine            Line        Source             
fms.x              00000000009594FE  Unknown               Unknown  Unknown
libpthread-2.17.s  00002AAAABD0A370  Unknown               Unknown  Unknown
libc-2.17.so       00002AAAAC4FD2E7  __sched_yield         Unknown  Unknown
libmpi.so.12       00002AAAAAE04C5E  PMPIDI_CH3I_Progr     Unknown  Unknown
libmpi.so.12       00002AAAAB0FBF2B  MPI_Recv              Unknown  Unknown
libmpifort.so.12.  00002AAAABA7E7A4  pmpi_recv_            Unknown  Unknown

Stack trace terminated abnormally.
forrtl: error (78): process killed (SIGTERM)
Image              PC                Routine            Line        Source             
fms.x              00000000009594FE  Unknown               Unknown  Unknown
libpthread-2.17.s  00002AAAABD0A370  Unknown               Unknown  Unknown
libc-2.17.so       00002AAAAC4FD2E7  __sched_yield         Unknown  Unknown
libmpi.so.12       00002AAAAAE04C5E  PMPIDI_CH3I_Progr     Unknown  Unknown
libmpi.so.12       00002AAAAB0FBF2B  MPI_Recv              Unknown  Unknown

Stack trace terminated abnormally.
forrtl: error (78): process killed (SIGTERM)
Image              PC                Routine            Line        Source             
fms.x              00000000009594FE  Unknown               Unknown  Unknown
libpthread-2.17.s  00002AAAABD0A370  Unknown               Unknown  Unknown
libc-2.17.so       00002AAAAC4FD2E7  __sched_yield         Unknown  Unknown
libmpi.so.12       00002AAAAAE04C5E  PMPIDI_CH3I_Progr     Unknown  Unknown
libmpi.so.12       00002AAAAB0FBF2B  MPI_Recv              Unknown  Unknown
libmpifort.so.12.  00002AAAABA7E7A4  pmpi_recv_            Unknown  Unknown

Stack trace terminated abnormally.
slurmstepd: error: *** STEP 2743407.1 ON hpc-93-03 CANCELLED AT 2018-10-22T01:15:08 DUE TO TIME LIMIT ***
