if: Badly formed number.
echo *** Running /central/groups/esm/lenka/synoptic_diffusivity/gfdl_idealized/spectral_idealized_public_release/exp/hs_hpc/run/run_exp on hpc-24-09 ***
echo *** analysis_3d analysed in 30 segments (30 days / 1 days per segment) ***
date
cd /central/groups/esm/lenka/synoptic_diffusivity/gfdl_idealized/spectral_idealized_public_release/exp/hs_hpc
if ( ! -d /central/scratch/elencz/caltech_fms_idealized/hs_hpc/hs_hpc_odp_1.0/workdir ) then
rm -rf /central/scratch/elencz/caltech_fms_idealized/hs_hpc/hs_hpc_odp_1.0/workdir
mkdir /central/scratch/elencz/caltech_fms_idealized/hs_hpc/hs_hpc_odp_1.0/workdir /central/scratch/elencz/caltech_fms_idealized/hs_hpc/hs_hpc_odp_1.0/workdir/INPUT /central/scratch/elencz/caltech_fms_idealized/hs_hpc/hs_hpc_odp_1.0/workdir/RESTART
echo WARNING: Existing work_dir /central/scratch/elencz/caltech_fms_idealized/hs_hpc/hs_hpc_odp_1.0/workdir removed.
endif
if ( -d /central/scratch/elencz/caltech_fms_idealized/hs_hpc/hs_hpc_odp_1.0/workdir ) then
if ( -f /central/scratch/elencz/caltech_fms_idealized/hs_hpc/hs_hpc_odp_1.0/workdir/reload_commands ) then
endif
if ( ! -d /central/groups/esm/lenka/synoptic_diffusivity/gfdl_idealized/spectral_idealized_public_release/exp/hs_hpc/run/out_err ) mkdir -p /central/groups/esm/lenka/synoptic_diffusivity/gfdl_idealized/spectral_idealized_public_release/exp/hs_hpc/run/out_err
if ( ! -d /central/scratch/elencz/caltech_fms_idealized/hs_hpc/hs_hpc_odp_1.0/workdir/exe.fms ) mkdir -p /central/scratch/elencz/caltech_fms_idealized/hs_hpc/hs_hpc_odp_1.0/workdir/exe.fms
mkdir -p /central/scratch/elencz/caltech_fms_idealized/hs_hpc/hs_hpc_odp_1.0/workdir/exe.fms
if ( ! -d /central/scratch/elencz/caltech_fms_idealized/hs_hpc/hs_hpc_odp_1.0/workdir/analysis ) mkdir -p /central/scratch/elencz/caltech_fms_idealized/hs_hpc/hs_hpc_odp_1.0/workdir/analysis
mkdir -p /central/scratch/elencz/caltech_fms_idealized/hs_hpc/hs_hpc_odp_1.0/workdir/analysis
if ( ! -d /central/scratch/elencz/caltech_fms_idealized/hs_hpc/hs_hpc_odp_1.0/workdir/analysis/out_err ) mkdir -p /central/scratch/elencz/caltech_fms_idealized/hs_hpc/hs_hpc_odp_1.0/workdir/analysis/out_err
mkdir -p /central/scratch/elencz/caltech_fms_idealized/hs_hpc/hs_hpc_odp_1.0/workdir/analysis/out_err
if ( ! -d /central/scratch/elencz/caltech_fms_idealized/hs_hpc/hs_hpc_odp_1.0/output ) then
if ( ! -f /central/scratch/elencz/caltech_fms_idealized/hs_hpc/hs_hpc_odp_1.0/workdir/mppnccombine.ifc ) then
gcc -O -o /central/scratch/elencz/caltech_fms_idealized/hs_hpc/hs_hpc_odp_1.0/workdir/mppnccombine.ifc -I/central/groups/esm/lenka/synoptic_diffusivity/gfdl_idealized/spectral_idealized_public_release/idealized/bin/nc_inc -L/central/groups/esm/lenka/synoptic_diffusivity/gfdl_idealized/spectral_idealized_public_release/idealized/bin/nc_lib /central/groups/esm/lenka/synoptic_diffusivity/gfdl_idealized/spectral_idealized_public_release/idealized/postprocessing/mppnccombine.c -lnetcdf
endif
/bin/cp /central/groups/esm/lenka/synoptic_diffusivity/gfdl_idealized/spectral_idealized_public_release/idealized/bin/mkmf.template.ifc_hpc_mpi /central/scratch/elencz/caltech_fms_idealized/hs_hpc/hs_hpc_odp_1.0/workdir/tmp_template
echo fms_home = /central/groups/esm/lenka/synoptic_diffusivity/gfdl_idealized/spectral_idealized_public_release/idealized
cd /central/groups/esm/lenka/synoptic_diffusivity/gfdl_idealized/spectral_idealized_public_release/idealized/src
find /central/groups/esm/lenka/synoptic_diffusivity/gfdl_idealized/spectral_idealized_public_release/exp/hs_hpc/srcmods/ -maxdepth 1 -iname *.f90 -o -iname *.inc -o -iname *.c -o -iname *.h
echo Using the following sourcecode modifications:
cat /central/scratch/elencz/caltech_fms_idealized/hs_hpc/hs_hpc_odp_1.0/workdir/tmp_pathnames
cat /central/groups/esm/lenka/synoptic_diffusivity/gfdl_idealized/spectral_idealized_public_release/exp/hs_hpc/input/path_names
cd /central/scratch/elencz/caltech_fms_idealized/hs_hpc/hs_hpc_odp_1.0/workdir/exe.fms
/central/groups/esm/lenka/synoptic_diffusivity/gfdl_idealized/spectral_idealized_public_release/idealized/bin/mkmf -p fms.x -t /central/scratch/elencz/caltech_fms_idealized/hs_hpc/hs_hpc_odp_1.0/workdir/tmp_template -c -Duse_libMPI -Duse_netCDF -a /central/groups/esm/lenka/synoptic_diffusivity/gfdl_idealized/spectral_idealized_public_release/idealized/src /central/scratch/elencz/caltech_fms_idealized/hs_hpc/hs_hpc_odp_1.0/workdir/tmp_pathnames /central/groups/esm/lenka/synoptic_diffusivity/gfdl_idealized/spectral_idealized_public_release/idealized/src/shared/include /central/groups/esm/lenka/synoptic_diffusivity/gfdl_idealized/spectral_idealized_public_release/idealized/src/shared/mpp/include
........................................................................make -f Makefile
/central/groups/esm/lenka/synoptic_diffusivity/gfdl_idealized/spectral_idealized_public_release/idealized/src/shared/mpp/include/mpp_util_mpi.inc(43): warning #7532: The number of arguments is incompatible with intrinsic procedure, assume 'external'.   [FLUSH]
        call FLUSH(stdout(),istat)
-------------^
/central/groups/esm/lenka/synoptic_diffusivity/gfdl_idealized/spectral_idealized_public_release/idealized/src/shared/mpp/include/mpp_util.inc(90): warning #7532: The number of arguments is incompatible with intrinsic procedure, assume 'external'.   [FLUSH]
          call FLUSH(log_unit,istat)
---------------^
/central/groups/esm/lenka/synoptic_diffusivity/gfdl_idealized/spectral_idealized_public_release/idealized/src/shared/mpp/include/mpp_comm_mpi.inc(142): warning #7532: The number of arguments is incompatible with intrinsic procedure, assume 'external'.   [FLUSH]
     call FLUSH( stdout(), istat )
----------^
/central/groups/esm/lenka/synoptic_diffusivity/gfdl_idealized/spectral_idealized_public_release/idealized/src/shared/mpp/include/mpp_transmit.inc(136): warning #6843: A dummy argument with an explicit INTENT(OUT) declaration is not given an explicit value.   [GET_DATA]
    subroutine mpp_recv_logical4_scalar( get_data, from_pe, glen )
-----------------------------------------^
/central/groups/esm/lenka/synoptic_diffusivity/gfdl_idealized/spectral_idealized_public_release/idealized/src/shared/mpp/include/mpp_transmit.inc(95): warning #6843: A dummy argument with an explicit INTENT(OUT) declaration is not given an explicit value.   [GET_DATA]
    subroutine mpp_transmit_logical4_5d( put_data, put_len, to_pe, get_data, get_len, from_pe )
-------------------------------------------------------------------^
/central/groups/esm/lenka/synoptic_diffusivity/gfdl_idealized/spectral_idealized_public_release/idealized/src/shared/mpp/include/mpp_transmit.inc(75): warning #6843: A dummy argument with an explicit INTENT(OUT) declaration is not given an explicit value.   [GET_DATA]
    subroutine mpp_transmit_logical4_4d( put_data, put_len, to_pe, get_data, get_len, from_pe )
-------------------------------------------------------------------^
/central/groups/esm/lenka/synoptic_diffusivity/gfdl_idealized/spectral_idealized_public_release/idealized/src/shared/mpp/include/mpp_transmit.inc(55): warning #6843: A dummy argument with an explicit INTENT(OUT) declaration is not given an explicit value.   [GET_DATA]
    subroutine mpp_transmit_logical4_3d( put_data, put_len, to_pe, get_data, get_len, from_pe )
-------------------------------------------------------------------^
/central/groups/esm/lenka/synoptic_diffusivity/gfdl_idealized/spectral_idealized_public_release/idealized/src/shared/mpp/include/mpp_transmit.inc(35): warning #6843: A dummy argument with an explicit INTENT(OUT) declaration is not given an explicit value.   [GET_DATA]
    subroutine mpp_transmit_logical4_2d( put_data, put_len, to_pe, get_data, get_len, from_pe )
-------------------------------------------------------------------^
/central/groups/esm/lenka/synoptic_diffusivity/gfdl_idealized/spectral_idealized_public_release/idealized/src/shared/mpp/include/mpp_transmit.inc(11): warning #6843: A dummy argument with an explicit INTENT(OUT) declaration is not given an explicit value.   [GET_DATA]
    subroutine mpp_transmit_logical4_scalar( put_data, to_pe, get_data, from_pe, plen, glen)
--------------------------------------------------------------^
/central/groups/esm/lenka/synoptic_diffusivity/gfdl_idealized/spectral_idealized_public_release/idealized/src/shared/mpp/include/mpp_transmit.inc(136): warning #6843: A dummy argument with an explicit INTENT(OUT) declaration is not given an explicit value.   [GET_DATA]
    subroutine mpp_recv_logical8_scalar( get_data, from_pe, glen )
-----------------------------------------^
/central/groups/esm/lenka/synoptic_diffusivity/gfdl_idealized/spectral_idealized_public_release/idealized/src/shared/mpp/include/mpp_transmit.inc(95): warning #6843: A dummy argument with an explicit INTENT(OUT) declaration is not given an explicit value.   [GET_DATA]
    subroutine mpp_transmit_logical8_5d( put_data, put_len, to_pe, get_data, get_len, from_pe )
-------------------------------------------------------------------^
/central/groups/esm/lenka/synoptic_diffusivity/gfdl_idealized/spectral_idealized_public_release/idealized/src/shared/mpp/include/mpp_transmit.inc(75): warning #6843: A dummy argument with an explicit INTENT(OUT) declaration is not given an explicit value.   [GET_DATA]
    subroutine mpp_transmit_logical8_4d( put_data, put_len, to_pe, get_data, get_len, from_pe )
-------------------------------------------------------------------^
/central/groups/esm/lenka/synoptic_diffusivity/gfdl_idealized/spectral_idealized_public_release/idealized/src/shared/mpp/include/mpp_transmit.inc(55): warning #6843: A dummy argument with an explicit INTENT(OUT) declaration is not given an explicit value.   [GET_DATA]
    subroutine mpp_transmit_logical8_3d( put_data, put_len, to_pe, get_data, get_len, from_pe )
-------------------------------------------------------------------^
/central/groups/esm/lenka/synoptic_diffusivity/gfdl_idealized/spectral_idealized_public_release/idealized/src/shared/mpp/include/mpp_transmit.inc(35): warning #6843: A dummy argument with an explicit INTENT(OUT) declaration is not given an explicit value.   [GET_DATA]
    subroutine mpp_transmit_logical8_2d( put_data, put_len, to_pe, get_data, get_len, from_pe )
-------------------------------------------------------------------^
/central/groups/esm/lenka/synoptic_diffusivity/gfdl_idealized/spectral_idealized_public_release/idealized/src/shared/mpp/include/mpp_transmit.inc(11): warning #6843: A dummy argument with an explicit INTENT(OUT) declaration is not given an explicit value.   [GET_DATA]
    subroutine mpp_transmit_logical8_scalar( put_data, to_pe, get_data, from_pe, plen, glen)
--------------------------------------------------------------^
/central/groups/esm/lenka/synoptic_diffusivity/gfdl_idealized/spectral_idealized_public_release/idealized/src/shared/mpp/include/mpp_transmit.inc(136): warning #6843: A dummy argument with an explicit INTENT(OUT) declaration is not given an explicit value.   [GET_DATA]
    subroutine mpp_recv_int4_scalar( get_data, from_pe, glen )
-------------------------------------^
/central/groups/esm/lenka/synoptic_diffusivity/gfdl_idealized/spectral_idealized_public_release/idealized/src/shared/mpp/include/mpp_transmit.inc(95): warning #6843: A dummy argument with an explicit INTENT(OUT) declaration is not given an explicit value.   [GET_DATA]
    subroutine mpp_transmit_int4_5d( put_data, put_len, to_pe, get_data, get_len, from_pe )
---------------------------------------------------------------^
/central/groups/esm/lenka/synoptic_diffusivity/gfdl_idealized/spectral_idealized_public_release/idealized/src/shared/mpp/include/mpp_transmit.inc(75): warning #6843: A dummy argument with an explicit INTENT(OUT) declaration is not given an explicit value.   [GET_DATA]
    subroutine mpp_transmit_int4_4d( put_data, put_len, to_pe, get_data, get_len, from_pe )
---------------------------------------------------------------^
/central/groups/esm/lenka/synoptic_diffusivity/gfdl_idealized/spectral_idealized_public_release/idealized/src/shared/mpp/include/mpp_transmit.inc(55): warning #6843: A dummy argument with an explicit INTENT(OUT) declaration is not given an explicit value.   [GET_DATA]
    subroutine mpp_transmit_int4_3d( put_data, put_len, to_pe, get_data, get_len, from_pe )
---------------------------------------------------------------^
/central/groups/esm/lenka/synoptic_diffusivity/gfdl_idealized/spectral_idealized_public_release/idealized/src/shared/mpp/include/mpp_transmit.inc(35): warning #6843: A dummy argument with an explicit INTENT(OUT) declaration is not given an explicit value.   [GET_DATA]
    subroutine mpp_transmit_int4_2d( put_data, put_len, to_pe, get_data, get_len, from_pe )
---------------------------------------------------------------^
/central/groups/esm/lenka/synoptic_diffusivity/gfdl_idealized/spectral_idealized_public_release/idealized/src/shared/mpp/include/mpp_transmit.inc(11): warning #6843: A dummy argument with an explicit INTENT(OUT) declaration is not given an explicit value.   [GET_DATA]
    subroutine mpp_transmit_int4_scalar( put_data, to_pe, get_data, from_pe, plen, glen)
----------------------------------------------------------^
/central/groups/esm/lenka/synoptic_diffusivity/gfdl_idealized/spectral_idealized_public_release/idealized/src/shared/mpp/include/mpp_transmit.inc(136): warning #6843: A dummy argument with an explicit INTENT(OUT) declaration is not given an explicit value.   [GET_DATA]
    subroutine mpp_recv_int8_scalar( get_data, from_pe, glen )
-------------------------------------^
/central/groups/esm/lenka/synoptic_diffusivity/gfdl_idealized/spectral_idealized_public_release/idealized/src/shared/mpp/include/mpp_transmit.inc(95): warning #6843: A dummy argument with an explicit INTENT(OUT) declaration is not given an explicit value.   [GET_DATA]
    subroutine mpp_transmit_int8_5d( put_data, put_len, to_pe, get_data, get_len, from_pe )
---------------------------------------------------------------^
/central/groups/esm/lenka/synoptic_diffusivity/gfdl_idealized/spectral_idealized_public_release/idealized/src/shared/mpp/include/mpp_transmit.inc(75): warning #6843: A dummy argument with an explicit INTENT(OUT) declaration is not given an explicit value.   [GET_DATA]
    subroutine mpp_transmit_int8_4d( put_data, put_len, to_pe, get_data, get_len, from_pe )
---------------------------------------------------------------^
/central/groups/esm/lenka/synoptic_diffusivity/gfdl_idealized/spectral_idealized_public_release/idealized/src/shared/mpp/include/mpp_transmit.inc(55): warning #6843: A dummy argument with an explicit INTENT(OUT) declaration is not given an explicit value.   [GET_DATA]
    subroutine mpp_transmit_int8_3d( put_data, put_len, to_pe, get_data, get_len, from_pe )
---------------------------------------------------------------^
/central/groups/esm/lenka/synoptic_diffusivity/gfdl_idealized/spectral_idealized_public_release/idealized/src/shared/mpp/include/mpp_transmit.inc(35): warning #6843: A dummy argument with an explicit INTENT(OUT) declaration is not given an explicit value.   [GET_DATA]
    subroutine mpp_transmit_int8_2d( put_data, put_len, to_pe, get_data, get_len, from_pe )
---------------------------------------------------------------^
/central/groups/esm/lenka/synoptic_diffusivity/gfdl_idealized/spectral_idealized_public_release/idealized/src/shared/mpp/include/mpp_transmit.inc(11): warning #6843: A dummy argument with an explicit INTENT(OUT) declaration is not given an explicit value.   [GET_DATA]
    subroutine mpp_transmit_int8_scalar( put_data, to_pe, get_data, from_pe, plen, glen)
----------------------------------------------------------^
/central/groups/esm/lenka/synoptic_diffusivity/gfdl_idealized/spectral_idealized_public_release/idealized/src/shared/mpp/include/mpp_transmit.inc(136): warning #6843: A dummy argument with an explicit INTENT(OUT) declaration is not given an explicit value.   [GET_DATA]
    subroutine mpp_recv_cmplx4_scalar( get_data, from_pe, glen )
---------------------------------------^
/central/groups/esm/lenka/synoptic_diffusivity/gfdl_idealized/spectral_idealized_public_release/idealized/src/shared/mpp/include/mpp_transmit.inc(95): warning #6843: A dummy argument with an explicit INTENT(OUT) declaration is not given an explicit value.   [GET_DATA]
    subroutine mpp_transmit_cmplx4_5d( put_data, put_len, to_pe, get_data, get_len, from_pe )
-----------------------------------------------------------------^
/central/groups/esm/lenka/synoptic_diffusivity/gfdl_idealized/spectral_idealized_public_release/idealized/src/shared/mpp/include/mpp_transmit.inc(75): warning #6843: A dummy argument with an explicit INTENT(OUT) declaration is not given an explicit value.   [GET_DATA]
    subroutine mpp_transmit_cmplx4_4d( put_data, put_len, to_pe, get_data, get_len, from_pe )
-----------------------------------------------------------------^
/central/groups/esm/lenka/synoptic_diffusivity/gfdl_idealized/spectral_idealized_public_release/idealized/src/shared/mpp/include/mpp_transmit.inc(55): warning #6843: A dummy argument with an explicit INTENT(OUT) declaration is not given an explicit value.   [GET_DATA]
    subroutine mpp_transmit_cmplx4_3d( put_data, put_len, to_pe, get_data, get_len, from_pe )
-----------------------------------------------------------------^
/central/groups/esm/lenka/synoptic_diffusivity/gfdl_idealized/spectral_idealized_public_release/idealized/src/shared/mpp/include/mpp_transmit.inc(35): warning #6843: A dummy argument with an explicit INTENT(OUT) declaration is not given an explicit value.   [GET_DATA]
    subroutine mpp_transmit_cmplx4_2d( put_data, put_len, to_pe, get_data, get_len, from_pe )
-----------------------------------------------------------------^
/central/groups/esm/lenka/synoptic_diffusivity/gfdl_idealized/spectral_idealized_public_release/idealized/src/shared/mpp/include/mpp_transmit.inc(11): warning #6843: A dummy argument with an explicit INTENT(OUT) declaration is not given an explicit value.   [GET_DATA]
    subroutine mpp_transmit_cmplx4_scalar( put_data, to_pe, get_data, from_pe, plen, glen)
------------------------------------------------------------^
/central/groups/esm/lenka/synoptic_diffusivity/gfdl_idealized/spectral_idealized_public_release/idealized/src/shared/mpp/include/mpp_transmit.inc(136): warning #6843: A dummy argument with an explicit INTENT(OUT) declaration is not given an explicit value.   [GET_DATA]
    subroutine mpp_recv_real4_scalar( get_data, from_pe, glen )
--------------------------------------^
/central/groups/esm/lenka/synoptic_diffusivity/gfdl_idealized/spectral_idealized_public_release/idealized/src/shared/mpp/include/mpp_transmit.inc(95): warning #6843: A dummy argument with an explicit INTENT(OUT) declaration is not given an explicit value.   [GET_DATA]
    subroutine mpp_transmit_real4_5d( put_data, put_len, to_pe, get_data, get_len, from_pe )
----------------------------------------------------------------^
/central/groups/esm/lenka/synoptic_diffusivity/gfdl_idealized/spectral_idealized_public_release/idealized/src/shared/mpp/include/mpp_transmit.inc(75): warning #6843: A dummy argument with an explicit INTENT(OUT) declaration is not given an explicit value.   [GET_DATA]
    subroutine mpp_transmit_real4_4d( put_data, put_len, to_pe, get_data, get_len, from_pe )
----------------------------------------------------------------^
/central/groups/esm/lenka/synoptic_diffusivity/gfdl_idealized/spectral_idealized_public_release/idealized/src/shared/mpp/include/mpp_transmit.inc(55): warning #6843: A dummy argument with an explicit INTENT(OUT) declaration is not given an explicit value.   [GET_DATA]
    subroutine mpp_transmit_real4_3d( put_data, put_len, to_pe, get_data, get_len, from_pe )
----------------------------------------------------------------^
/central/groups/esm/lenka/synoptic_diffusivity/gfdl_idealized/spectral_idealized_public_release/idealized/src/shared/mpp/include/mpp_transmit.inc(35): warning #6843: A dummy argument with an explicit INTENT(OUT) declaration is not given an explicit value.   [GET_DATA]
    subroutine mpp_transmit_real4_2d( put_data, put_len, to_pe, get_data, get_len, from_pe )
----------------------------------------------------------------^
/central/groups/esm/lenka/synoptic_diffusivity/gfdl_idealized/spectral_idealized_public_release/idealized/src/shared/mpp/include/mpp_transmit.inc(11): warning #6843: A dummy argument with an explicit INTENT(OUT) declaration is not given an explicit value.   [GET_DATA]
    subroutine mpp_transmit_real4_scalar( put_data, to_pe, get_data, from_pe, plen, glen)
-----------------------------------------------------------^
/central/groups/esm/lenka/synoptic_diffusivity/gfdl_idealized/spectral_idealized_public_release/idealized/src/shared/mpp/include/mpp_transmit.inc(136): warning #6843: A dummy argument with an explicit INTENT(OUT) declaration is not given an explicit value.   [GET_DATA]
    subroutine mpp_recv_cmplx8_scalar( get_data, from_pe, glen )
---------------------------------------^
/central/groups/esm/lenka/synoptic_diffusivity/gfdl_idealized/spectral_idealized_public_release/idealized/src/shared/mpp/include/mpp_transmit.inc(95): warning #6843: A dummy argument with an explicit INTENT(OUT) declaration is not given an explicit value.   [GET_DATA]
    subroutine mpp_transmit_cmplx8_5d( put_data, put_len, to_pe, get_data, get_len, from_pe )
-----------------------------------------------------------------^
/central/groups/esm/lenka/synoptic_diffusivity/gfdl_idealized/spectral_idealized_public_release/idealized/src/shared/mpp/include/mpp_transmit.inc(75): warning #6843: A dummy argument with an explicit INTENT(OUT) declaration is not given an explicit value.   [GET_DATA]
    subroutine mpp_transmit_cmplx8_4d( put_data, put_len, to_pe, get_data, get_len, from_pe )
-----------------------------------------------------------------^
/central/groups/esm/lenka/synoptic_diffusivity/gfdl_idealized/spectral_idealized_public_release/idealized/src/shared/mpp/include/mpp_transmit.inc(55): warning #6843: A dummy argument with an explicit INTENT(OUT) declaration is not given an explicit value.   [GET_DATA]
    subroutine mpp_transmit_cmplx8_3d( put_data, put_len, to_pe, get_data, get_len, from_pe )
-----------------------------------------------------------------^
/central/groups/esm/lenka/synoptic_diffusivity/gfdl_idealized/spectral_idealized_public_release/idealized/src/shared/mpp/include/mpp_transmit.inc(35): warning #6843: A dummy argument with an explicit INTENT(OUT) declaration is not given an explicit value.   [GET_DATA]
    subroutine mpp_transmit_cmplx8_2d( put_data, put_len, to_pe, get_data, get_len, from_pe )
-----------------------------------------------------------------^
/central/groups/esm/lenka/synoptic_diffusivity/gfdl_idealized/spectral_idealized_public_release/idealized/src/shared/mpp/include/mpp_transmit.inc(11): warning #6843: A dummy argument with an explicit INTENT(OUT) declaration is not given an explicit value.   [GET_DATA]
    subroutine mpp_transmit_cmplx8_scalar( put_data, to_pe, get_data, from_pe, plen, glen)
------------------------------------------------------------^
/central/groups/esm/lenka/synoptic_diffusivity/gfdl_idealized/spectral_idealized_public_release/idealized/src/shared/mpp/include/mpp_transmit.inc(136): warning #6843: A dummy argument with an explicit INTENT(OUT) declaration is not given an explicit value.   [GET_DATA]
    subroutine mpp_recv_real8_scalar( get_data, from_pe, glen )
--------------------------------------^
/central/groups/esm/lenka/synoptic_diffusivity/gfdl_idealized/spectral_idealized_public_release/idealized/src/shared/mpp/include/mpp_transmit.inc(95): warning #6843: A dummy argument with an explicit INTENT(OUT) declaration is not given an explicit value.   [GET_DATA]
    subroutine mpp_transmit_real8_5d( put_data, put_len, to_pe, get_data, get_len, from_pe )
----------------------------------------------------------------^
/central/groups/esm/lenka/synoptic_diffusivity/gfdl_idealized/spectral_idealized_public_release/idealized/src/shared/mpp/include/mpp_transmit.inc(75): warning #6843: A dummy argument with an explicit INTENT(OUT) declaration is not given an explicit value.   [GET_DATA]
    subroutine mpp_transmit_real8_4d( put_data, put_len, to_pe, get_data, get_len, from_pe )
----------------------------------------------------------------^
/central/groups/esm/lenka/synoptic_diffusivity/gfdl_idealized/spectral_idealized_public_release/idealized/src/shared/mpp/include/mpp_transmit.inc(55): warning #6843: A dummy argument with an explicit INTENT(OUT) declaration is not given an explicit value.   [GET_DATA]
    subroutine mpp_transmit_real8_3d( put_data, put_len, to_pe, get_data, get_len, from_pe )
----------------------------------------------------------------^
/central/groups/esm/lenka/synoptic_diffusivity/gfdl_idealized/spectral_idealized_public_release/idealized/src/shared/mpp/include/mpp_transmit.inc(35): warning #6843: A dummy argument with an explicit INTENT(OUT) declaration is not given an explicit value.   [GET_DATA]
    subroutine mpp_transmit_real8_2d( put_data, put_len, to_pe, get_data, get_len, from_pe )
----------------------------------------------------------------^
/central/groups/esm/lenka/synoptic_diffusivity/gfdl_idealized/spectral_idealized_public_release/idealized/src/shared/mpp/include/mpp_transmit.inc(11): warning #6843: A dummy argument with an explicit INTENT(OUT) declaration is not given an explicit value.   [GET_DATA]
    subroutine mpp_transmit_real8_scalar( put_data, to_pe, get_data, from_pe, plen, glen)
-----------------------------------------------------------^
/central/groups/esm/lenka/synoptic_diffusivity/gfdl_idealized/spectral_idealized_public_release/idealized/src/shared/mpp/include/mpp_global_field.h(89): warning #6843: A dummy argument with an explicit INTENT(OUT) declaration is not given an explicit value.   [GLOBAL]
    subroutine mpp_global_field2D_l4_5d( domain, local, global, flags, new, dc_handle )
--------------------------------------------------------^
/central/groups/esm/lenka/synoptic_diffusivity/gfdl_idealized/spectral_idealized_public_release/idealized/src/shared/mpp/include/mpp_global_field.h(66): warning #6843: A dummy argument with an explicit INTENT(OUT) declaration is not given an explicit value.   [GLOBAL]
    subroutine mpp_global_field2D_l4_4d( domain, local, global, flags, new, dc_handle )
--------------------------------------------------------^
/central/groups/esm/lenka/synoptic_diffusivity/gfdl_idealized/spectral_idealized_public_release/idealized/src/shared/mpp/include/mpp_global_field.h(1): warning #6843: A dummy argument with an explicit INTENT(OUT) declaration is not given an explicit value.   [GLOBAL]
    subroutine mpp_global_field2D_l4_2d( domain, local, global, flags, new, dc_handle)
--------------------------------------------------------^
/central/groups/esm/lenka/synoptic_diffusivity/gfdl_idealized/spectral_idealized_public_release/idealized/src/shared/mpp/include/mpp_global_field.h(89): warning #6843: A dummy argument with an explicit INTENT(OUT) declaration is not given an explicit value.   [GLOBAL]
    subroutine mpp_global_field2D_i4_5d( domain, local, global, flags, new, dc_handle )
--------------------------------------------------------^
/central/groups/esm/lenka/synoptic_diffusivity/gfdl_idealized/spectral_idealized_public_release/idealized/src/shared/mpp/include/mpp_global_field.h(66): warning #6843: A dummy argument with an explicit INTENT(OUT) declaration is not given an explicit value.   [GLOBAL]
    subroutine mpp_global_field2D_i4_4d( domain, local, global, flags, new, dc_handle )
--------------------------------------------------------^
/central/groups/esm/lenka/synoptic_diffusivity/gfdl_idealized/spectral_idealized_public_release/idealized/src/shared/mpp/include/mpp_global_field.h(1): warning #6843: A dummy argument with an explicit INTENT(OUT) declaration is not given an explicit value.   [GLOBAL]
    subroutine mpp_global_field2D_i4_2d( domain, local, global, flags, new, dc_handle)
--------------------------------------------------------^
/central/groups/esm/lenka/synoptic_diffusivity/gfdl_idealized/spectral_idealized_public_release/idealized/src/shared/mpp/include/mpp_global_field.h(89): warning #6843: A dummy argument with an explicit INTENT(OUT) declaration is not given an explicit value.   [GLOBAL]
    subroutine mpp_global_field2D_c4_5d( domain, local, global, flags, new, dc_handle )
--------------------------------------------------------^
/central/groups/esm/lenka/synoptic_diffusivity/gfdl_idealized/spectral_idealized_public_release/idealized/src/shared/mpp/include/mpp_global_field.h(66): warning #6843: A dummy argument with an explicit INTENT(OUT) declaration is not given an explicit value.   [GLOBAL]
    subroutine mpp_global_field2D_c4_4d( domain, local, global, flags, new, dc_handle )
--------------------------------------------------------^
/central/groups/esm/lenka/synoptic_diffusivity/gfdl_idealized/spectral_idealized_public_release/idealized/src/shared/mpp/include/mpp_global_field.h(1): warning #6843: A dummy argument with an explicit INTENT(OUT) declaration is not given an explicit value.   [GLOBAL]
    subroutine mpp_global_field2D_c4_2d( domain, local, global, flags, new, dc_handle)
--------------------------------------------------------^
/central/groups/esm/lenka/synoptic_diffusivity/gfdl_idealized/spectral_idealized_public_release/idealized/src/shared/mpp/include/mpp_global_field.h(89): warning #6843: A dummy argument with an explicit INTENT(OUT) declaration is not given an explicit value.   [GLOBAL]
    subroutine mpp_global_field2D_r4_5d( domain, local, global, flags, new, dc_handle )
--------------------------------------------------------^
/central/groups/esm/lenka/synoptic_diffusivity/gfdl_idealized/spectral_idealized_public_release/idealized/src/shared/mpp/include/mpp_global_field.h(66): warning #6843: A dummy argument with an explicit INTENT(OUT) declaration is not given an explicit value.   [GLOBAL]
    subroutine mpp_global_field2D_r4_4d( domain, local, global, flags, new, dc_handle )
--------------------------------------------------------^
/central/groups/esm/lenka/synoptic_diffusivity/gfdl_idealized/spectral_idealized_public_release/idealized/src/shared/mpp/include/mpp_global_field.h(1): warning #6843: A dummy argument with an explicit INTENT(OUT) declaration is not given an explicit value.   [GLOBAL]
    subroutine mpp_global_field2D_r4_2d( domain, local, global, flags, new, dc_handle)
--------------------------------------------------------^
/central/groups/esm/lenka/synoptic_diffusivity/gfdl_idealized/spectral_idealized_public_release/idealized/src/shared/mpp/include/mpp_global_field.h(89): warning #6843: A dummy argument with an explicit INTENT(OUT) declaration is not given an explicit value.   [GLOBAL]
    subroutine mpp_global_field2D_l8_5d( domain, local, global, flags, new, dc_handle )
--------------------------------------------------------^
/central/groups/esm/lenka/synoptic_diffusivity/gfdl_idealized/spectral_idealized_public_release/idealized/src/shared/mpp/include/mpp_global_field.h(66): warning #6843: A dummy argument with an explicit INTENT(OUT) declaration is not given an explicit value.   [GLOBAL]
    subroutine mpp_global_field2D_l8_4d( domain, local, global, flags, new, dc_handle )
--------------------------------------------------------^
/central/groups/esm/lenka/synoptic_diffusivity/gfdl_idealized/spectral_idealized_public_release/idealized/src/shared/mpp/include/mpp_global_field.h(1): warning #6843: A dummy argument with an explicit INTENT(OUT) declaration is not given an explicit value.   [GLOBAL]
    subroutine mpp_global_field2D_l8_2d( domain, local, global, flags, new, dc_handle)
--------------------------------------------------------^
/central/groups/esm/lenka/synoptic_diffusivity/gfdl_idealized/spectral_idealized_public_release/idealized/src/shared/mpp/include/mpp_global_field.h(89): warning #6843: A dummy argument with an explicit INTENT(OUT) declaration is not given an explicit value.   [GLOBAL]
    subroutine mpp_global_field2D_i8_5d( domain, local, global, flags, new, dc_handle )
--------------------------------------------------------^
/central/groups/esm/lenka/synoptic_diffusivity/gfdl_idealized/spectral_idealized_public_release/idealized/src/shared/mpp/include/mpp_global_field.h(66): warning #6843: A dummy argument with an explicit INTENT(OUT) declaration is not given an explicit value.   [GLOBAL]
    subroutine mpp_global_field2D_i8_4d( domain, local, global, flags, new, dc_handle )
--------------------------------------------------------^
/central/groups/esm/lenka/synoptic_diffusivity/gfdl_idealized/spectral_idealized_public_release/idealized/src/shared/mpp/include/mpp_global_field.h(1): warning #6843: A dummy argument with an explicit INTENT(OUT) declaration is not given an explicit value.   [GLOBAL]
    subroutine mpp_global_field2D_i8_2d( domain, local, global, flags, new, dc_handle)
--------------------------------------------------------^
/central/groups/esm/lenka/synoptic_diffusivity/gfdl_idealized/spectral_idealized_public_release/idealized/src/shared/mpp/include/mpp_global_field.h(89): warning #6843: A dummy argument with an explicit INTENT(OUT) declaration is not given an explicit value.   [GLOBAL]
    subroutine mpp_global_field2D_c8_5d( domain, local, global, flags, new, dc_handle )
--------------------------------------------------------^
/central/groups/esm/lenka/synoptic_diffusivity/gfdl_idealized/spectral_idealized_public_release/idealized/src/shared/mpp/include/mpp_global_field.h(66): warning #6843: A dummy argument with an explicit INTENT(OUT) declaration is not given an explicit value.   [GLOBAL]
    subroutine mpp_global_field2D_c8_4d( domain, local, global, flags, new, dc_handle )
--------------------------------------------------------^
/central/groups/esm/lenka/synoptic_diffusivity/gfdl_idealized/spectral_idealized_public_release/idealized/src/shared/mpp/include/mpp_global_field.h(1): warning #6843: A dummy argument with an explicit INTENT(OUT) declaration is not given an explicit value.   [GLOBAL]
    subroutine mpp_global_field2D_c8_2d( domain, local, global, flags, new, dc_handle)
--------------------------------------------------------^
/central/groups/esm/lenka/synoptic_diffusivity/gfdl_idealized/spectral_idealized_public_release/idealized/src/shared/mpp/include/mpp_global_field.h(89): warning #6843: A dummy argument with an explicit INTENT(OUT) declaration is not given an explicit value.   [GLOBAL]
    subroutine mpp_global_field2D_r8_5d( domain, local, global, flags, new, dc_handle )
--------------------------------------------------------^
/central/groups/esm/lenka/synoptic_diffusivity/gfdl_idealized/spectral_idealized_public_release/idealized/src/shared/mpp/include/mpp_global_field.h(66): warning #6843: A dummy argument with an explicit INTENT(OUT) declaration is not given an explicit value.   [GLOBAL]
    subroutine mpp_global_field2D_r8_4d( domain, local, global, flags, new, dc_handle )
--------------------------------------------------------^
/central/groups/esm/lenka/synoptic_diffusivity/gfdl_idealized/spectral_idealized_public_release/idealized/src/shared/mpp/include/mpp_global_field.h(1): warning #6843: A dummy argument with an explicit INTENT(OUT) declaration is not given an explicit value.   [GLOBAL]
    subroutine mpp_global_field2D_r8_2d( domain, local, global, flags, new, dc_handle)
--------------------------------------------------------^
/central/groups/esm/lenka/synoptic_diffusivity/gfdl_idealized/spectral_idealized_public_release/idealized/src/shared/mpp/include/mpp_update_domains2D.h(299): warning #6843: A dummy argument with an explicit INTENT(OUT) declaration is not given an explicit value.   [FIELD_OUT]
    subroutine mpp_redistribute_l4_5D( domain_in, field_in, domain_out, field_out, complete, free, list_size, dc_handle, position )
------------------------------------------------------------------------^
/central/groups/esm/lenka/synoptic_diffusivity/gfdl_idealized/spectral_idealized_public_release/idealized/src/shared/mpp/include/mpp_update_domains2D.h(274): warning #6843: A dummy argument with an explicit INTENT(OUT) declaration is not given an explicit value.   [FIELD_OUT]
    subroutine mpp_redistribute_l4_4D( domain_in, field_in, domain_out, field_out, complete, free, list_size, dc_handle, position )
------------------------------------------------------------------------^
/central/groups/esm/lenka/synoptic_diffusivity/gfdl_idealized/spectral_idealized_public_release/idealized/src/shared/mpp/include/mpp_update_domains2D.h(151): warning #6843: A dummy argument with an explicit INTENT(OUT) declaration is not given an explicit value.   [FIELD_OUT]
    subroutine mpp_redistribute_l4_2D( domain_in, field_in, domain_out, field_out, complete, free, list_size, dc_handle, position )
------------------------------------------------------------------------^
/central/groups/esm/lenka/synoptic_diffusivity/gfdl_idealized/spectral_idealized_public_release/idealized/src/shared/mpp/include/mpp_update_domains2D.h(299): warning #6843: A dummy argument with an explicit INTENT(OUT) declaration is not given an explicit value.   [FIELD_OUT]
    subroutine mpp_redistribute_i4_5D( domain_in, field_in, domain_out, field_out, complete, free, list_size, dc_handle, position )
------------------------------------------------------------------------^
/central/groups/esm/lenka/synoptic_diffusivity/gfdl_idealized/spectral_idealized_public_release/idealized/src/shared/mpp/include/mpp_update_domains2D.h(274): warning #6843: A dummy argument with an explicit INTENT(OUT) declaration is not given an explicit value.   [FIELD_OUT]
    subroutine mpp_redistribute_i4_4D( domain_in, field_in, domain_out, field_out, complete, free, list_size, dc_handle, position )
------------------------------------------------------------------------^
/central/groups/esm/lenka/synoptic_diffusivity/gfdl_idealized/spectral_idealized_public_release/idealized/src/shared/mpp/include/mpp_update_domains2D.h(151): warning #6843: A dummy argument with an explicit INTENT(OUT) declaration is not given an explicit value.   [FIELD_OUT]
    subroutine mpp_redistribute_i4_2D( domain_in, field_in, domain_out, field_out, complete, free, list_size, dc_handle, position )
------------------------------------------------------------------------^
/central/groups/esm/lenka/synoptic_diffusivity/gfdl_idealized/spectral_idealized_public_release/idealized/src/shared/mpp/include/mpp_update_domains2D.h(299): warning #6843: A dummy argument with an explicit INTENT(OUT) declaration is not given an explicit value.   [FIELD_OUT]
    subroutine mpp_redistribute_c4_5D( domain_in, field_in, domain_out, field_out, complete, free, list_size, dc_handle, position )
------------------------------------------------------------------------^
/central/groups/esm/lenka/synoptic_diffusivity/gfdl_idealized/spectral_idealized_public_release/idealized/src/shared/mpp/include/mpp_update_domains2D.h(274): warning #6843: A dummy argument with an explicit INTENT(OUT) declaration is not given an explicit value.   [FIELD_OUT]
    subroutine mpp_redistribute_c4_4D( domain_in, field_in, domain_out, field_out, complete, free, list_size, dc_handle, position )
------------------------------------------------------------------------^
/central/groups/esm/lenka/synoptic_diffusivity/gfdl_idealized/spectral_idealized_public_release/idealized/src/shared/mpp/include/mpp_update_domains2D.h(151): warning #6843: A dummy argument with an explicit INTENT(OUT) declaration is not given an explicit value.   [FIELD_OUT]
    subroutine mpp_redistribute_c4_2D( domain_in, field_in, domain_out, field_out, complete, free, list_size, dc_handle, position )
------------------------------------------------------------------------^
/central/groups/esm/lenka/synoptic_diffusivity/gfdl_idealized/spectral_idealized_public_release/idealized/src/shared/mpp/include/mpp_update_domains2D.h(299): warning #6843: A dummy argument with an explicit INTENT(OUT) declaration is not given an explicit value.   [FIELD_OUT]
    subroutine mpp_redistribute_r4_5D( domain_in, field_in, domain_out, field_out, complete, free, list_size, dc_handle, position )
------------------------------------------------------------------------^
/central/groups/esm/lenka/synoptic_diffusivity/gfdl_idealized/spectral_idealized_public_release/idealized/src/shared/mpp/include/mpp_update_domains2D.h(274): warning #6843: A dummy argument with an explicit INTENT(OUT) declaration is not given an explicit value.   [FIELD_OUT]
    subroutine mpp_redistribute_r4_4D( domain_in, field_in, domain_out, field_out, complete, free, list_size, dc_handle, position )
------------------------------------------------------------------------^
/central/groups/esm/lenka/synoptic_diffusivity/gfdl_idealized/spectral_idealized_public_release/idealized/src/shared/mpp/include/mpp_update_domains2D.h(151): warning #6843: A dummy argument with an explicit INTENT(OUT) declaration is not given an explicit value.   [FIELD_OUT]
    subroutine mpp_redistribute_r4_2D( domain_in, field_in, domain_out, field_out, complete, free, list_size, dc_handle, position )
------------------------------------------------------------------------^
/central/groups/esm/lenka/synoptic_diffusivity/gfdl_idealized/spectral_idealized_public_release/idealized/src/shared/mpp/include/mpp_update_domains2D.h(299): warning #6843: A dummy argument with an explicit INTENT(OUT) declaration is not given an explicit value.   [FIELD_OUT]
    subroutine mpp_redistribute_l8_5D( domain_in, field_in, domain_out, field_out, complete, free, list_size, dc_handle, position )
------------------------------------------------------------------------^
/central/groups/esm/lenka/synoptic_diffusivity/gfdl_idealized/spectral_idealized_public_release/idealized/src/shared/mpp/include/mpp_update_domains2D.h(274): warning #6843: A dummy argument with an explicit INTENT(OUT) declaration is not given an explicit value.   [FIELD_OUT]
    subroutine mpp_redistribute_l8_4D( domain_in, field_in, domain_out, field_out, complete, free, list_size, dc_handle, position )
------------------------------------------------------------------------^
/central/groups/esm/lenka/synoptic_diffusivity/gfdl_idealized/spectral_idealized_public_release/idealized/src/shared/mpp/include/mpp_update_domains2D.h(151): warning #6843: A dummy argument with an explicit INTENT(OUT) declaration is not given an explicit value.   [FIELD_OUT]
    subroutine mpp_redistribute_l8_2D( domain_in, field_in, domain_out, field_out, complete, free, list_size, dc_handle, position )
------------------------------------------------------------------------^
/central/groups/esm/lenka/synoptic_diffusivity/gfdl_idealized/spectral_idealized_public_release/idealized/src/shared/mpp/include/mpp_update_domains2D.h(299): warning #6843: A dummy argument with an explicit INTENT(OUT) declaration is not given an explicit value.   [FIELD_OUT]
    subroutine mpp_redistribute_i8_5D( domain_in, field_in, domain_out, field_out, complete, free, list_size, dc_handle, position )
------------------------------------------------------------------------^
/central/groups/esm/lenka/synoptic_diffusivity/gfdl_idealized/spectral_idealized_public_release/idealized/src/shared/mpp/include/mpp_update_domains2D.h(274): warning #6843: A dummy argument with an explicit INTENT(OUT) declaration is not given an explicit value.   [FIELD_OUT]
    subroutine mpp_redistribute_i8_4D( domain_in, field_in, domain_out, field_out, complete, free, list_size, dc_handle, position )
------------------------------------------------------------------------^
/central/groups/esm/lenka/synoptic_diffusivity/gfdl_idealized/spectral_idealized_public_release/idealized/src/shared/mpp/include/mpp_update_domains2D.h(151): warning #6843: A dummy argument with an explicit INTENT(OUT) declaration is not given an explicit value.   [FIELD_OUT]
    subroutine mpp_redistribute_i8_2D( domain_in, field_in, domain_out, field_out, complete, free, list_size, dc_handle, position )
------------------------------------------------------------------------^
/central/groups/esm/lenka/synoptic_diffusivity/gfdl_idealized/spectral_idealized_public_release/idealized/src/shared/mpp/include/mpp_update_domains2D.h(299): warning #6843: A dummy argument with an explicit INTENT(OUT) declaration is not given an explicit value.   [FIELD_OUT]
    subroutine mpp_redistribute_c8_5D( domain_in, field_in, domain_out, field_out, complete, free, list_size, dc_handle, position )
------------------------------------------------------------------------^
/central/groups/esm/lenka/synoptic_diffusivity/gfdl_idealized/spectral_idealized_public_release/idealized/src/shared/mpp/include/mpp_update_domains2D.h(274): warning #6843: A dummy argument with an explicit INTENT(OUT) declaration is not given an explicit value.   [FIELD_OUT]
    subroutine mpp_redistribute_c8_4D( domain_in, field_in, domain_out, field_out, complete, free, list_size, dc_handle, position )
------------------------------------------------------------------------^
/central/groups/esm/lenka/synoptic_diffusivity/gfdl_idealized/spectral_idealized_public_release/idealized/src/shared/mpp/include/mpp_update_domains2D.h(151): warning #6843: A dummy argument with an explicit INTENT(OUT) declaration is not given an explicit value.   [FIELD_OUT]
    subroutine mpp_redistribute_c8_2D( domain_in, field_in, domain_out, field_out, complete, free, list_size, dc_handle, position )
------------------------------------------------------------------------^
/central/groups/esm/lenka/synoptic_diffusivity/gfdl_idealized/spectral_idealized_public_release/idealized/src/shared/mpp/include/mpp_update_domains2D.h(299): warning #6843: A dummy argument with an explicit INTENT(OUT) declaration is not given an explicit value.   [FIELD_OUT]
    subroutine mpp_redistribute_r8_5D( domain_in, field_in, domain_out, field_out, complete, free, list_size, dc_handle, position )
------------------------------------------------------------------------^
/central/groups/esm/lenka/synoptic_diffusivity/gfdl_idealized/spectral_idealized_public_release/idealized/src/shared/mpp/include/mpp_update_domains2D.h(274): warning #6843: A dummy argument with an explicit INTENT(OUT) declaration is not given an explicit value.   [FIELD_OUT]
    subroutine mpp_redistribute_r8_4D( domain_in, field_in, domain_out, field_out, complete, free, list_size, dc_handle, position )
------------------------------------------------------------------------^
/central/groups/esm/lenka/synoptic_diffusivity/gfdl_idealized/spectral_idealized_public_release/idealized/src/shared/mpp/include/mpp_update_domains2D.h(151): warning #6843: A dummy argument with an explicit INTENT(OUT) declaration is not given an explicit value.   [FIELD_OUT]
    subroutine mpp_redistribute_r8_2D( domain_in, field_in, domain_out, field_out, complete, free, list_size, dc_handle, position )
------------------------------------------------------------------------^
/central/groups/esm/lenka/synoptic_diffusivity/gfdl_idealized/spectral_idealized_public_release/idealized/src/shared/mpp/include/mpp_io_misc.inc(160): warning #7532: The number of arguments is incompatible with intrinsic procedure, assume 'external'.   [FLUSH]
         if( mpp_file(unit)%opened )call FLUSH(unit,istat)
-----------------------------------------^
/central/groups/esm/lenka/synoptic_diffusivity/gfdl_idealized/spectral_idealized_public_release/idealized/src/shared/mpp/include/mpp_io_util.inc(380): warning #6843: A dummy argument with an explicit INTENT(OUT) declaration is not given an explicit value.   [IOSPEC]
    subroutine mpp_get_iospec( unit, iospec )
-------------------------------------^
/central/groups/esm/lenka/synoptic_diffusivity/gfdl_idealized/spectral_idealized_public_release/idealized/src/shared/tracer_manager/tracer_manager.F90(1115): remark #8291: Recommended relationship between field width 'W' and the number of fractional digits 'D' in this edit descriptor is 'W>=D+7'.
901 FORMAT(E12.6,1x,E12.6)
------------^
/central/groups/esm/lenka/synoptic_diffusivity/gfdl_idealized/spectral_idealized_public_release/idealized/src/shared/tracer_manager/tracer_manager.F90(1115): remark #8291: Recommended relationship between field width 'W' and the number of fractional digits 'D' in this edit descriptor is 'W>=D+7'.
901 FORMAT(E12.6,1x,E12.6)
---------------------^
/central/groups/esm/lenka/synoptic_diffusivity/gfdl_idealized/spectral_idealized_public_release/idealized/src/shared/tracer_manager/tracer_manager.F90(1114): remark #8291: Recommended relationship between field width 'W' and the number of fractional digits 'D' in this edit descriptor is 'W>=D+7'.
900 FORMAT(A,2(1x,E12.6))
-------------------^
/central/groups/esm/lenka/synoptic_diffusivity/gfdl_idealized/spectral_idealized_public_release/idealized/src/shared/tracer_manager/tracer_manager.F90(1867): remark #8291: Recommended relationship between field width 'W' and the number of fractional digits 'D' in this edit descriptor is 'W>=D+7'.
  700 FORMAT (3A,E12.6,A,F10.6)
------------------^
/central/groups/esm/lenka/synoptic_diffusivity/gfdl_idealized/spectral_idealized_public_release/idealized/src/atmos_param/tapio_forcing/grid_physics_simple.f90(138): remark #8291: Recommended relationship between field width 'W' and the number of fractional digits 'D' in this edit descriptor is 'W>=D+7'.
20  format(1x,a,1x,e8.2,1x,a)
--------------------^
/central/groups/esm/lenka/synoptic_diffusivity/gfdl_idealized/spectral_idealized_public_release/idealized/src/coupler/surface_flux.f90(280): warning #6843: A dummy argument with an explicit INTENT(OUT) declaration is not given an explicit value.   [DEDQ_SURF_0]
     dhdt_surf_0, dedt_surf_0,  dedq_surf_0,  drdt_surf_0,                   &
--------------------------------^
/central/groups/esm/lenka/synoptic_diffusivity/gfdl_idealized/spectral_idealized_public_release/idealized/src/shared/memutils/memuse.c(36): warning #47: incompatible redefinition of macro "RUSAGE_SELF" (declared at line 162 of "/usr/include/bits/resource.h")
  #define RUSAGE_SELF      0         /* calling process */
          ^

/central/groups/esm/lenka/synoptic_diffusivity/gfdl_idealized/spectral_idealized_public_release/idealized/src/shared/memutils/memuse.c(37): warning #47: incompatible redefinition of macro "RUSAGE_CHILDREN" (declared at line 166 of "/usr/include/bits/resource.h")
  #define RUSAGE_CHILDREN  -1        /* terminated child processes */
          ^

cd /central/scratch/elencz/caltech_fms_idealized/hs_hpc/hs_hpc_odp_1.0/workdir/INPUT
if ( !=  ) then
set ocean_mask = ocean_mask_T42.nc
if ( -e /central/groups/esm/lenka/synoptic_diffusivity/gfdl_idealized/spectral_idealized_public_release/exp/hs_hpc/input/ocean_mask_T42.nc ) then
while ( 1 < = 1 )
cd /central/scratch/elencz/caltech_fms_idealized/hs_hpc/hs_hpc_odp_1.0/workdir
if ( 1 == 1 && 1 == 1 ) then
cat
else
if ( dry == dry ) then
cat
else if ( dry == moist ) then
cat
endif
cat /central/groups/esm/lenka/synoptic_diffusivity/gfdl_idealized/spectral_idealized_public_release/exp/hs_hpc/input/namelists_dry
cp /central/groups/esm/lenka/synoptic_diffusivity/gfdl_idealized/spectral_idealized_public_release/exp/hs_hpc/input/diag_table_dry_3d diag_table
cp /central/groups/esm/lenka/synoptic_diffusivity/gfdl_idealized/spectral_idealized_public_release/exp/hs_hpc/input/field_table_dry field_table
cp /central/scratch/elencz/caltech_fms_idealized/hs_hpc/hs_hpc_odp_1.0/workdir/exe.fms/fms.x fms.x
cp input.nml /central/scratch/elencz/caltech_fms_idealized/hs_hpc/hs_hpc_odp_1.0/workdir
cp: input.nml and /central/scratch/elencz/caltech_fms_idealized/hs_hpc/hs_hpc_odp_1.0/workdir/input.nml are the same file
set MX_RCACHE=2
srun /central/scratch/elencz/caltech_fms_idealized/hs_hpc/hs_hpc_odp_1.0/workdir/fms.x

WARNING: Namelist mix_snapshot_average_fields = true will cause ERROR in time coordinates of all time_averaged fields. Strongly recommend mix_snapshot_average_fields = false


WARNING: diag_util opening_file: module/field_name grid_physics/tdt_total_grid_physics NOT registered, ALL fields should be registered BEFORE the first send_data


WARNING: diag_util opening_file: module/field_name dry_convection/dt_tg NOT registered, ALL fields should be registered BEFORE the first send_data


WARNING: diag_util opening_file: module/field_name atmosphere/dt_tg_diffusion NOT registered, ALL fields should be registered BEFORE the first send_data

set date_name = `$time_stamp -eh`
/central/groups/esm/lenka/synoptic_diffusivity/gfdl_idealized/spectral_idealized_public_release/idealized/bin/time_stamp.csh -eh
if ( day0030h00 ==  ) set date_name = tmp`date '+%j%H%M%S'`
if ( -f time_stamp.out ) rm -f time_stamp.out
rm -f time_stamp.out
mkdir /central/scratch/elencz/caltech_fms_idealized/hs_hpc/hs_hpc_odp_1.0/output/combine/day0030h00
mkdir: cannot create directory /central/scratch/elencz/caltech_fms_idealized/hs_hpc/hs_hpc_odp_1.0/output/combine/day0030h00: File exists
foreach ncfile ( `/bin/ls *.nc *.nc.????` )
/bin/ls 1xday.nc
mv 1xday.nc /central/scratch/elencz/caltech_fms_idealized/hs_hpc/hs_hpc_odp_1.0/output/combine/day0030h00/day0030h00.1xday.nc
end
foreach out ( `/bin/ls *.out` )
/bin/ls logfile.0000.out
mv logfile.0000.out /central/scratch/elencz/caltech_fms_idealized/hs_hpc/hs_hpc_odp_1.0/output/logfiles/day0030h00.logfile.0000.out
end
cd /central/scratch/elencz/caltech_fms_idealized/hs_hpc/hs_hpc_odp_1.0/workdir/RESTART
set resfiles = `/bin/ls *.res*`
/bin/ls atmos_model.res atmosphere.res.nc spectral_dynamics.res.nc
if ( 3 > 0 ) then
set restart_file = /central/scratch/elencz/caltech_fms_idealized/hs_hpc/hs_hpc_odp_1.0/output/restart/day0030h00.cpio
if ( ! -d /central/scratch/elencz/caltech_fms_idealized/hs_hpc/hs_hpc_odp_1.0/output/restart ) mkdir -p /central/scratch/elencz/caltech_fms_idealized/hs_hpc/hs_hpc_odp_1.0/output/restart
cp /central/scratch/elencz/caltech_fms_idealized/hs_hpc/hs_hpc_odp_1.0/workdir/input.nml /central/scratch/elencz/caltech_fms_idealized/hs_hpc/hs_hpc_odp_1.0/workdir/diag_table .
set files = ( atmos_model.res atmosphere.res.nc spectral_dynamics.res.nc input.nml diag_table )
cpio -ocv
/bin/ls atmos_model.res atmosphere.res.nc spectral_dynamics.res.nc input.nml diag_table
atmos_model.res
atmosphere.res.nc
diag_table
input.nml
spectral_dynamics.res.nc
32628 blocks
mv day0030h00.cpio /central/scratch/elencz/caltech_fms_idealized/hs_hpc/hs_hpc_odp_1.0/output/restart/day0030h00.cpio
if ( 1 < 1 ) then
endif
cd /central/scratch/elencz/caltech_fms_idealized/hs_hpc/hs_hpc_odp_1.0/workdir
set run_number = `expr $ireload \* $runs_per_script - $runs_per_script + $irun`
expr 1 * 1 - 1 + 1
echo Completed run 1 of 1 in bsub 1.
set irun_prev = 1
@ irun++
if ( -f /central/scratch/elencz/caltech_fms_idealized/hs_hpc/hs_hpc_odp_1.0/workdir/reload_commands_prev ) then
if ( -f /central/scratch/elencz/caltech_fms_idealized/hs_hpc/hs_hpc_odp_1.0/workdir/reload_commands ) mv -f /central/scratch/elencz/caltech_fms_idealized/hs_hpc/hs_hpc_odp_1.0/workdir/reload_commands /central/scratch/elencz/caltech_fms_idealized/hs_hpc/hs_hpc_odp_1.0/workdir/reload_commands_prev
if ( 2 < = 1 ) then
@ ireload++
echo set irun         =  1
endif
echo set init_cond    =  /central/scratch/elencz/caltech_fms_idealized/hs_hpc/hs_hpc_odp_1.0/output/restart/day0030h00.cpio
echo set ireload      =  2
cd /central/scratch/elencz/caltech_fms_idealized/hs_hpc/hs_hpc_odp_1.0/workdir/analysis
if ( 1 > = 1 ) then
set postproc_dir = /central/scratch/elencz/caltech_fms_idealized/hs_hpc/hs_hpc_odp_1.0/workdir/analysis/day0030h00
if ( ! -e /central/scratch/elencz/caltech_fms_idealized/hs_hpc/hs_hpc_odp_1.0/workdir/analysis/day0030h00 ) then
mkdir -p /central/scratch/elencz/caltech_fms_idealized/hs_hpc/hs_hpc_odp_1.0/workdir/analysis/day0030h00
else
cd /central/scratch/elencz/caltech_fms_idealized/hs_hpc/hs_hpc_odp_1.0/workdir/analysis/day0030h00
echo set exp_name = hs_hpc
echo set run_name = hs_hpc_odp_1.0
echo set date_name = day0030h00
echo set run_analysis = /central/scratch/elencz/caltech_fms_idealized/hs_hpc/hs_hpc_odp_1.0/workdir/analysis
echo set fms_home = /central/groups/esm/lenka/synoptic_diffusivity/gfdl_idealized/spectral_idealized_public_release/idealized
echo set work_dir = /central/scratch/elencz/caltech_fms_idealized/hs_hpc/hs_hpc_odp_1.0/workdir
echo set tmpdir = /central/scratch/elencz/caltech_fms_idealized/hs_hpc/hs_hpc_odp_1.0/workdir
echo set `grep num_fourier /central/groups/esm/lenka/synoptic_diffusivity/gfdl_idealized/spectral_idealized_public_release/exp/hs_hpc/input/namelists_dry | tr ',' ' ' `
tr ,  
grep num_fourier /central/groups/esm/lenka/synoptic_diffusivity/gfdl_idealized/spectral_idealized_public_release/exp/hs_hpc/input/namelists_dry
echo set irun = 1
echo set runs_per_script = 1
echo set days_per_segment = 1
echo set num_segments = 30
echo set isegment = 1
echo set fms_output_freq = 1xday
cp /central/groups/esm/lenka/synoptic_diffusivity/gfdl_idealized/spectral_idealized_public_release/analysis/analysis_3d/run/run_analysis_dry_3d_hpc ./
else
if ( ! -f /central/scratch/elencz/caltech_fms_idealized/hs_hpc/hs_hpc_odp_1.0/output/restart/day0030h00.cpio ) then
end
while ( 2 < = 1 )
cd /central/groups/esm/lenka/synoptic_diffusivity/gfdl_idealized/spectral_idealized_public_release/exp/hs_hpc/run
if ( 2 > 1 ) then
echo Note: not resubmitting job.
else
date
cd /central/scratch/elencz/caltech_fms_idealized/hs_hpc/hs_hpc_odp_1.0/workdir/analysis
echo #!/bin/bash
echo  
echo module load intel/18.1
echo for d in day*; do
echo     test -d "${d}" && cd "${d}" && sbatch run_analysis_* && cd "../"
echo done
