echo *** Running /central/groups/esm/lenka/synoptic_diffusivity/gfdl_idealized/spectral_idealized_public_release/exp/hs_syn_diff/run/run_exp on hpc-89-18 ***
echo *** analysis_3d analysed in 360 segments (360 days / 1 days per segment) ***
date
cd /central/groups/esm/lenka/synoptic_diffusivity/gfdl_idealized/spectral_idealized_public_release/exp/hs_syn_diff
if ( -d /central/scratch/elencz/caltech_fms_idealized/hs_syn_diff/hs_syn_diff_num_fourier_42_lat0_s_6.0_background_m_0.5_background_t_0.5_kf_0_stable_option_2_drag_min_100.e-05/workdir ) then
mkdir /central/scratch/elencz/caltech_fms_idealized/hs_syn_diff/hs_syn_diff_num_fourier_42_lat0_s_6.0_background_m_0.5_background_t_0.5_kf_0_stable_option_2_drag_min_100.e-05/workdir
mkdir: cannot create directory ‘/central/scratch/elencz/caltech_fms_idealized/hs_syn_diff/hs_syn_diff_num_fourier_42_lat0_s_6.0_background_m_0.5_background_t_0.5_kf_0_stable_option_2_drag_min_100.e-05/workdir’: No such file or directory
mkdir /central/scratch/elencz/caltech_fms_idealized/hs_syn_diff/hs_syn_diff_num_fourier_42_lat0_s_6.0_background_m_0.5_background_t_0.5_kf_0_stable_option_2_drag_min_100.e-05/workdir/INPUT
mkdir: cannot create directory ‘/central/scratch/elencz/caltech_fms_idealized/hs_syn_diff/hs_syn_diff_num_fourier_42_lat0_s_6.0_background_m_0.5_background_t_0.5_kf_0_stable_option_2_drag_min_100.e-05/workdir/INPUT’: No such file or directory
mkdir /central/scratch/elencz/caltech_fms_idealized/hs_syn_diff/hs_syn_diff_num_fourier_42_lat0_s_6.0_background_m_0.5_background_t_0.5_kf_0_stable_option_2_drag_min_100.e-05/workdir/RESTART
mkdir: cannot create directory ‘/central/scratch/elencz/caltech_fms_idealized/hs_syn_diff/hs_syn_diff_num_fourier_42_lat0_s_6.0_background_m_0.5_background_t_0.5_kf_0_stable_option_2_drag_min_100.e-05/workdir/RESTART’: No such file or directory
if ( -d /central/scratch/elencz/caltech_fms_idealized/hs_syn_diff/hs_syn_diff_num_fourier_42_lat0_s_6.0_background_m_0.5_background_t_0.5_kf_0_stable_option_2_drag_min_100.e-05/workdir ) then
if ( ! -d /central/groups/esm/lenka/synoptic_diffusivity/gfdl_idealized/spectral_idealized_public_release/exp/hs_syn_diff/run/out_err ) mkdir -p /central/groups/esm/lenka/synoptic_diffusivity/gfdl_idealized/spectral_idealized_public_release/exp/hs_syn_diff/run/out_err
if ( ! -d /central/scratch/elencz/caltech_fms_idealized/hs_syn_diff/hs_syn_diff_num_fourier_42_lat0_s_6.0_background_m_0.5_background_t_0.5_kf_0_stable_option_2_drag_min_100.e-05/workdir/exe.fms ) mkdir -p /central/scratch/elencz/caltech_fms_idealized/hs_syn_diff/hs_syn_diff_num_fourier_42_lat0_s_6.0_background_m_0.5_background_t_0.5_kf_0_stable_option_2_drag_min_100.e-05/workdir/exe.fms
mkdir -p /central/scratch/elencz/caltech_fms_idealized/hs_syn_diff/hs_syn_diff_num_fourier_42_lat0_s_6.0_background_m_0.5_background_t_0.5_kf_0_stable_option_2_drag_min_100.e-05/workdir/exe.fms
if ( ! -d /central/scratch/elencz/caltech_fms_idealized/hs_syn_diff/hs_syn_diff_num_fourier_42_lat0_s_6.0_background_m_0.5_background_t_0.5_kf_0_stable_option_2_drag_min_100.e-05/workdir/analysis ) mkdir -p /central/scratch/elencz/caltech_fms_idealized/hs_syn_diff/hs_syn_diff_num_fourier_42_lat0_s_6.0_background_m_0.5_background_t_0.5_kf_0_stable_option_2_drag_min_100.e-05/workdir/analysis
mkdir -p /central/scratch/elencz/caltech_fms_idealized/hs_syn_diff/hs_syn_diff_num_fourier_42_lat0_s_6.0_background_m_0.5_background_t_0.5_kf_0_stable_option_2_drag_min_100.e-05/workdir/analysis
if ( ! -d /central/scratch/elencz/caltech_fms_idealized/hs_syn_diff/hs_syn_diff_num_fourier_42_lat0_s_6.0_background_m_0.5_background_t_0.5_kf_0_stable_option_2_drag_min_100.e-05/workdir/analysis/out_err ) mkdir -p /central/scratch/elencz/caltech_fms_idealized/hs_syn_diff/hs_syn_diff_num_fourier_42_lat0_s_6.0_background_m_0.5_background_t_0.5_kf_0_stable_option_2_drag_min_100.e-05/workdir/analysis/out_err
mkdir -p /central/scratch/elencz/caltech_fms_idealized/hs_syn_diff/hs_syn_diff_num_fourier_42_lat0_s_6.0_background_m_0.5_background_t_0.5_kf_0_stable_option_2_drag_min_100.e-05/workdir/analysis/out_err
if ( ! -d /central/scratch/elencz/caltech_fms_idealized/hs_syn_diff/hs_syn_diff_num_fourier_42_lat0_s_6.0_background_m_0.5_background_t_0.5_kf_0_stable_option_2_drag_min_100.e-05/output ) then
mkdir -p /central/scratch/elencz/caltech_fms_idealized/hs_syn_diff/hs_syn_diff_num_fourier_42_lat0_s_6.0_background_m_0.5_background_t_0.5_kf_0_stable_option_2_drag_min_100.e-05/output
mkdir -p /central/scratch/elencz/caltech_fms_idealized/hs_syn_diff/hs_syn_diff_num_fourier_42_lat0_s_6.0_background_m_0.5_background_t_0.5_kf_0_stable_option_2_drag_min_100.e-05/output/combine
mkdir -p /central/scratch/elencz/caltech_fms_idealized/hs_syn_diff/hs_syn_diff_num_fourier_42_lat0_s_6.0_background_m_0.5_background_t_0.5_kf_0_stable_option_2_drag_min_100.e-05/output/logfiles
mkdir -p /central/scratch/elencz/caltech_fms_idealized/hs_syn_diff/hs_syn_diff_num_fourier_42_lat0_s_6.0_background_m_0.5_background_t_0.5_kf_0_stable_option_2_drag_min_100.e-05/output/restart
endif
if ( ! -f /central/scratch/elencz/caltech_fms_idealized/hs_syn_diff/hs_syn_diff_num_fourier_42_lat0_s_6.0_background_m_0.5_background_t_0.5_kf_0_stable_option_2_drag_min_100.e-05/workdir/mppnccombine.ifc ) then
gcc -O -o /central/scratch/elencz/caltech_fms_idealized/hs_syn_diff/hs_syn_diff_num_fourier_42_lat0_s_6.0_background_m_0.5_background_t_0.5_kf_0_stable_option_2_drag_min_100.e-05/workdir/mppnccombine.ifc -I/central/groups/esm/lenka/synoptic_diffusivity/gfdl_idealized/spectral_idealized_public_release/idealized/bin/nc_inc -L/central/groups/esm/lenka/synoptic_diffusivity/gfdl_idealized/spectral_idealized_public_release/idealized/bin/nc_lib /central/groups/esm/lenka/synoptic_diffusivity/gfdl_idealized/spectral_idealized_public_release/idealized/postprocessing/mppnccombine.c -lnetcdf
endif
/bin/cp /central/groups/esm/lenka/synoptic_diffusivity/gfdl_idealized/spectral_idealized_public_release/idealized/bin/mkmf.template.ifc_hpc_mpi /central/scratch/elencz/caltech_fms_idealized/hs_syn_diff/hs_syn_diff_num_fourier_42_lat0_s_6.0_background_m_0.5_background_t_0.5_kf_0_stable_option_2_drag_min_100.e-05/workdir/tmp_template
echo fms_home = /central/groups/esm/lenka/synoptic_diffusivity/gfdl_idealized/spectral_idealized_public_release/idealized
cd /central/groups/esm/lenka/synoptic_diffusivity/gfdl_idealized/spectral_idealized_public_release/idealized/src
find /central/groups/esm/lenka/synoptic_diffusivity/gfdl_idealized/spectral_idealized_public_release/exp/hs_syn_diff/srcmods/ -maxdepth 1 -iname *.f90 -o -iname *.inc -o -iname *.c -o -iname *.h
echo Using the following sourcecode modifications:
cat /central/scratch/elencz/caltech_fms_idealized/hs_syn_diff/hs_syn_diff_num_fourier_42_lat0_s_6.0_background_m_0.5_background_t_0.5_kf_0_stable_option_2_drag_min_100.e-05/workdir/tmp_pathnames
cat /central/groups/esm/lenka/synoptic_diffusivity/gfdl_idealized/spectral_idealized_public_release/exp/hs_syn_diff/input/path_names
cd /central/scratch/elencz/caltech_fms_idealized/hs_syn_diff/hs_syn_diff_num_fourier_42_lat0_s_6.0_background_m_0.5_background_t_0.5_kf_0_stable_option_2_drag_min_100.e-05/workdir/exe.fms
/central/groups/esm/lenka/synoptic_diffusivity/gfdl_idealized/spectral_idealized_public_release/idealized/bin/mkmf -p fms.x -t /central/scratch/elencz/caltech_fms_idealized/hs_syn_diff/hs_syn_diff_num_fourier_42_lat0_s_6.0_background_m_0.5_background_t_0.5_kf_0_stable_option_2_drag_min_100.e-05/workdir/tmp_template -c -Duse_libMPI -Duse_netCDF -a /central/groups/esm/lenka/synoptic_diffusivity/gfdl_idealized/spectral_idealized_public_release/idealized/src /central/scratch/elencz/caltech_fms_idealized/hs_syn_diff/hs_syn_diff_num_fourier_42_lat0_s_6.0_background_m_0.5_background_t_0.5_kf_0_stable_option_2_drag_min_100.e-05/workdir/tmp_pathnames /central/groups/esm/lenka/synoptic_diffusivity/gfdl_idealized/spectral_idealized_public_release/idealized/src/shared/include /central/groups/esm/lenka/synoptic_diffusivity/gfdl_idealized/spectral_idealized_public_release/idealized/src/shared/mpp/include
........................................................................make -f Makefile
/central/groups/esm/lenka/synoptic_diffusivity/gfdl_idealized/spectral_idealized_public_release/idealized/src/shared/mpp/include/mpp_util_mpi.inc(43): warning #7532: The number of arguments is incompatible with intrinsic procedure, assume 'external'.   [FLUSH]
        call FLUSH(stdout(),istat)
-------------^
/central/groups/esm/lenka/synoptic_diffusivity/gfdl_idealized/spectral_idealized_public_release/idealized/src/shared/mpp/include/mpp_util.inc(90): warning #7532: The number of arguments is incompatible with intrinsic procedure, assume 'external'.   [FLUSH]
          call FLUSH(log_unit,istat)
---------------^
/central/groups/esm/lenka/synoptic_diffusivity/gfdl_idealized/spectral_idealized_public_release/idealized/src/shared/mpp/include/mpp_comm_mpi.inc(142): warning #7532: The number of arguments is incompatible with intrinsic procedure, assume 'external'.   [FLUSH]
     call FLUSH( stdout(), istat )
----------^
/central/groups/esm/lenka/synoptic_diffusivity/gfdl_idealized/spectral_idealized_public_release/idealized/src/shared/mpp/include/mpp_transmit.inc(136): warning #6843: A dummy argument with an explicit INTENT(OUT) declaration is not given an explicit value.   [GET_DATA]
    subroutine mpp_recv_logical4_scalar( get_data, from_pe, glen )
-----------------------------------------^
/central/groups/esm/lenka/synoptic_diffusivity/gfdl_idealized/spectral_idealized_public_release/idealized/src/shared/mpp/include/mpp_transmit.inc(95): warning #6843: A dummy argument with an explicit INTENT(OUT) declaration is not given an explicit value.   [GET_DATA]
    subroutine mpp_transmit_logical4_5d( put_data, put_len, to_pe, get_data, get_len, from_pe )
-------------------------------------------------------------------^
/central/groups/esm/lenka/synoptic_diffusivity/gfdl_idealized/spectral_idealized_public_release/idealized/src/shared/mpp/include/mpp_transmit.inc(75): warning #6843: A dummy argument with an explicit INTENT(OUT) declaration is not given an explicit value.   [GET_DATA]
    subroutine mpp_transmit_logical4_4d( put_data, put_len, to_pe, get_data, get_len, from_pe )
-------------------------------------------------------------------^
/central/groups/esm/lenka/synoptic_diffusivity/gfdl_idealized/spectral_idealized_public_release/idealized/src/shared/mpp/include/mpp_transmit.inc(55): warning #6843: A dummy argument with an explicit INTENT(OUT) declaration is not given an explicit value.   [GET_DATA]
    subroutine mpp_transmit_logical4_3d( put_data, put_len, to_pe, get_data, get_len, from_pe )
-------------------------------------------------------------------^
/central/groups/esm/lenka/synoptic_diffusivity/gfdl_idealized/spectral_idealized_public_release/idealized/src/shared/mpp/include/mpp_transmit.inc(35): warning #6843: A dummy argument with an explicit INTENT(OUT) declaration is not given an explicit value.   [GET_DATA]
    subroutine mpp_transmit_logical4_2d( put_data, put_len, to_pe, get_data, get_len, from_pe )
-------------------------------------------------------------------^
/central/groups/esm/lenka/synoptic_diffusivity/gfdl_idealized/spectral_idealized_public_release/idealized/src/shared/mpp/include/mpp_transmit.inc(11): warning #6843: A dummy argument with an explicit INTENT(OUT) declaration is not given an explicit value.   [GET_DATA]
    subroutine mpp_transmit_logical4_scalar( put_data, to_pe, get_data, from_pe, plen, glen)
--------------------------------------------------------------^
/central/groups/esm/lenka/synoptic_diffusivity/gfdl_idealized/spectral_idealized_public_release/idealized/src/shared/mpp/include/mpp_transmit.inc(136): warning #6843: A dummy argument with an explicit INTENT(OUT) declaration is not given an explicit value.   [GET_DATA]
    subroutine mpp_recv_logical8_scalar( get_data, from_pe, glen )
-----------------------------------------^
/central/groups/esm/lenka/synoptic_diffusivity/gfdl_idealized/spectral_idealized_public_release/idealized/src/shared/mpp/include/mpp_transmit.inc(95): warning #6843: A dummy argument with an explicit INTENT(OUT) declaration is not given an explicit value.   [GET_DATA]
    subroutine mpp_transmit_logical8_5d( put_data, put_len, to_pe, get_data, get_len, from_pe )
-------------------------------------------------------------------^
/central/groups/esm/lenka/synoptic_diffusivity/gfdl_idealized/spectral_idealized_public_release/idealized/src/shared/mpp/include/mpp_transmit.inc(75): warning #6843: A dummy argument with an explicit INTENT(OUT) declaration is not given an explicit value.   [GET_DATA]
    subroutine mpp_transmit_logical8_4d( put_data, put_len, to_pe, get_data, get_len, from_pe )
-------------------------------------------------------------------^
/central/groups/esm/lenka/synoptic_diffusivity/gfdl_idealized/spectral_idealized_public_release/idealized/src/shared/mpp/include/mpp_transmit.inc(55): warning #6843: A dummy argument with an explicit INTENT(OUT) declaration is not given an explicit value.   [GET_DATA]
    subroutine mpp_transmit_logical8_3d( put_data, put_len, to_pe, get_data, get_len, from_pe )
-------------------------------------------------------------------^
/central/groups/esm/lenka/synoptic_diffusivity/gfdl_idealized/spectral_idealized_public_release/idealized/src/shared/mpp/include/mpp_transmit.inc(35): warning #6843: A dummy argument with an explicit INTENT(OUT) declaration is not given an explicit value.   [GET_DATA]
    subroutine mpp_transmit_logical8_2d( put_data, put_len, to_pe, get_data, get_len, from_pe )
-------------------------------------------------------------------^
/central/groups/esm/lenka/synoptic_diffusivity/gfdl_idealized/spectral_idealized_public_release/idealized/src/shared/mpp/include/mpp_transmit.inc(11): warning #6843: A dummy argument with an explicit INTENT(OUT) declaration is not given an explicit value.   [GET_DATA]
    subroutine mpp_transmit_logical8_scalar( put_data, to_pe, get_data, from_pe, plen, glen)
--------------------------------------------------------------^
/central/groups/esm/lenka/synoptic_diffusivity/gfdl_idealized/spectral_idealized_public_release/idealized/src/shared/mpp/include/mpp_transmit.inc(136): warning #6843: A dummy argument with an explicit INTENT(OUT) declaration is not given an explicit value.   [GET_DATA]
    subroutine mpp_recv_int4_scalar( get_data, from_pe, glen )
-------------------------------------^
/central/groups/esm/lenka/synoptic_diffusivity/gfdl_idealized/spectral_idealized_public_release/idealized/src/shared/mpp/include/mpp_transmit.inc(95): warning #6843: A dummy argument with an explicit INTENT(OUT) declaration is not given an explicit value.   [GET_DATA]
    subroutine mpp_transmit_int4_5d( put_data, put_len, to_pe, get_data, get_len, from_pe )
---------------------------------------------------------------^
/central/groups/esm/lenka/synoptic_diffusivity/gfdl_idealized/spectral_idealized_public_release/idealized/src/shared/mpp/include/mpp_transmit.inc(75): warning #6843: A dummy argument with an explicit INTENT(OUT) declaration is not given an explicit value.   [GET_DATA]
    subroutine mpp_transmit_int4_4d( put_data, put_len, to_pe, get_data, get_len, from_pe )
---------------------------------------------------------------^
/central/groups/esm/lenka/synoptic_diffusivity/gfdl_idealized/spectral_idealized_public_release/idealized/src/shared/mpp/include/mpp_transmit.inc(55): warning #6843: A dummy argument with an explicit INTENT(OUT) declaration is not given an explicit value.   [GET_DATA]
    subroutine mpp_transmit_int4_3d( put_data, put_len, to_pe, get_data, get_len, from_pe )
---------------------------------------------------------------^
/central/groups/esm/lenka/synoptic_diffusivity/gfdl_idealized/spectral_idealized_public_release/idealized/src/shared/mpp/include/mpp_transmit.inc(35): warning #6843: A dummy argument with an explicit INTENT(OUT) declaration is not given an explicit value.   [GET_DATA]
    subroutine mpp_transmit_int4_2d( put_data, put_len, to_pe, get_data, get_len, from_pe )
---------------------------------------------------------------^
/central/groups/esm/lenka/synoptic_diffusivity/gfdl_idealized/spectral_idealized_public_release/idealized/src/shared/mpp/include/mpp_transmit.inc(11): warning #6843: A dummy argument with an explicit INTENT(OUT) declaration is not given an explicit value.   [GET_DATA]
    subroutine mpp_transmit_int4_scalar( put_data, to_pe, get_data, from_pe, plen, glen)
----------------------------------------------------------^
/central/groups/esm/lenka/synoptic_diffusivity/gfdl_idealized/spectral_idealized_public_release/idealized/src/shared/mpp/include/mpp_transmit.inc(136): warning #6843: A dummy argument with an explicit INTENT(OUT) declaration is not given an explicit value.   [GET_DATA]
    subroutine mpp_recv_int8_scalar( get_data, from_pe, glen )
-------------------------------------^
/central/groups/esm/lenka/synoptic_diffusivity/gfdl_idealized/spectral_idealized_public_release/idealized/src/shared/mpp/include/mpp_transmit.inc(95): warning #6843: A dummy argument with an explicit INTENT(OUT) declaration is not given an explicit value.   [GET_DATA]
    subroutine mpp_transmit_int8_5d( put_data, put_len, to_pe, get_data, get_len, from_pe )
---------------------------------------------------------------^
/central/groups/esm/lenka/synoptic_diffusivity/gfdl_idealized/spectral_idealized_public_release/idealized/src/shared/mpp/include/mpp_transmit.inc(75): warning #6843: A dummy argument with an explicit INTENT(OUT) declaration is not given an explicit value.   [GET_DATA]
    subroutine mpp_transmit_int8_4d( put_data, put_len, to_pe, get_data, get_len, from_pe )
---------------------------------------------------------------^
/central/groups/esm/lenka/synoptic_diffusivity/gfdl_idealized/spectral_idealized_public_release/idealized/src/shared/mpp/include/mpp_transmit.inc(55): warning #6843: A dummy argument with an explicit INTENT(OUT) declaration is not given an explicit value.   [GET_DATA]
    subroutine mpp_transmit_int8_3d( put_data, put_len, to_pe, get_data, get_len, from_pe )
---------------------------------------------------------------^
/central/groups/esm/lenka/synoptic_diffusivity/gfdl_idealized/spectral_idealized_public_release/idealized/src/shared/mpp/include/mpp_transmit.inc(35): warning #6843: A dummy argument with an explicit INTENT(OUT) declaration is not given an explicit value.   [GET_DATA]
    subroutine mpp_transmit_int8_2d( put_data, put_len, to_pe, get_data, get_len, from_pe )
---------------------------------------------------------------^
/central/groups/esm/lenka/synoptic_diffusivity/gfdl_idealized/spectral_idealized_public_release/idealized/src/shared/mpp/include/mpp_transmit.inc(11): warning #6843: A dummy argument with an explicit INTENT(OUT) declaration is not given an explicit value.   [GET_DATA]
    subroutine mpp_transmit_int8_scalar( put_data, to_pe, get_data, from_pe, plen, glen)
----------------------------------------------------------^
/central/groups/esm/lenka/synoptic_diffusivity/gfdl_idealized/spectral_idealized_public_release/idealized/src/shared/mpp/include/mpp_transmit.inc(136): warning #6843: A dummy argument with an explicit INTENT(OUT) declaration is not given an explicit value.   [GET_DATA]
    subroutine mpp_recv_cmplx4_scalar( get_data, from_pe, glen )
---------------------------------------^
/central/groups/esm/lenka/synoptic_diffusivity/gfdl_idealized/spectral_idealized_public_release/idealized/src/shared/mpp/include/mpp_transmit.inc(95): warning #6843: A dummy argument with an explicit INTENT(OUT) declaration is not given an explicit value.   [GET_DATA]
    subroutine mpp_transmit_cmplx4_5d( put_data, put_len, to_pe, get_data, get_len, from_pe )
-----------------------------------------------------------------^
/central/groups/esm/lenka/synoptic_diffusivity/gfdl_idealized/spectral_idealized_public_release/idealized/src/shared/mpp/include/mpp_transmit.inc(75): warning #6843: A dummy argument with an explicit INTENT(OUT) declaration is not given an explicit value.   [GET_DATA]
    subroutine mpp_transmit_cmplx4_4d( put_data, put_len, to_pe, get_data, get_len, from_pe )
-----------------------------------------------------------------^
/central/groups/esm/lenka/synoptic_diffusivity/gfdl_idealized/spectral_idealized_public_release/idealized/src/shared/mpp/include/mpp_transmit.inc(55): warning #6843: A dummy argument with an explicit INTENT(OUT) declaration is not given an explicit value.   [GET_DATA]
    subroutine mpp_transmit_cmplx4_3d( put_data, put_len, to_pe, get_data, get_len, from_pe )
-----------------------------------------------------------------^
/central/groups/esm/lenka/synoptic_diffusivity/gfdl_idealized/spectral_idealized_public_release/idealized/src/shared/mpp/include/mpp_transmit.inc(35): warning #6843: A dummy argument with an explicit INTENT(OUT) declaration is not given an explicit value.   [GET_DATA]
    subroutine mpp_transmit_cmplx4_2d( put_data, put_len, to_pe, get_data, get_len, from_pe )
-----------------------------------------------------------------^
/central/groups/esm/lenka/synoptic_diffusivity/gfdl_idealized/spectral_idealized_public_release/idealized/src/shared/mpp/include/mpp_transmit.inc(11): warning #6843: A dummy argument with an explicit INTENT(OUT) declaration is not given an explicit value.   [GET_DATA]
    subroutine mpp_transmit_cmplx4_scalar( put_data, to_pe, get_data, from_pe, plen, glen)
------------------------------------------------------------^
/central/groups/esm/lenka/synoptic_diffusivity/gfdl_idealized/spectral_idealized_public_release/idealized/src/shared/mpp/include/mpp_transmit.inc(136): warning #6843: A dummy argument with an explicit INTENT(OUT) declaration is not given an explicit value.   [GET_DATA]
    subroutine mpp_recv_real4_scalar( get_data, from_pe, glen )
--------------------------------------^
/central/groups/esm/lenka/synoptic_diffusivity/gfdl_idealized/spectral_idealized_public_release/idealized/src/shared/mpp/include/mpp_transmit.inc(95): warning #6843: A dummy argument with an explicit INTENT(OUT) declaration is not given an explicit value.   [GET_DATA]
    subroutine mpp_transmit_real4_5d( put_data, put_len, to_pe, get_data, get_len, from_pe )
----------------------------------------------------------------^
/central/groups/esm/lenka/synoptic_diffusivity/gfdl_idealized/spectral_idealized_public_release/idealized/src/shared/mpp/include/mpp_transmit.inc(75): warning #6843: A dummy argument with an explicit INTENT(OUT) declaration is not given an explicit value.   [GET_DATA]
    subroutine mpp_transmit_real4_4d( put_data, put_len, to_pe, get_data, get_len, from_pe )
----------------------------------------------------------------^
/central/groups/esm/lenka/synoptic_diffusivity/gfdl_idealized/spectral_idealized_public_release/idealized/src/shared/mpp/include/mpp_transmit.inc(55): warning #6843: A dummy argument with an explicit INTENT(OUT) declaration is not given an explicit value.   [GET_DATA]
    subroutine mpp_transmit_real4_3d( put_data, put_len, to_pe, get_data, get_len, from_pe )
----------------------------------------------------------------^
/central/groups/esm/lenka/synoptic_diffusivity/gfdl_idealized/spectral_idealized_public_release/idealized/src/shared/mpp/include/mpp_transmit.inc(35): warning #6843: A dummy argument with an explicit INTENT(OUT) declaration is not given an explicit value.   [GET_DATA]
    subroutine mpp_transmit_real4_2d( put_data, put_len, to_pe, get_data, get_len, from_pe )
----------------------------------------------------------------^
/central/groups/esm/lenka/synoptic_diffusivity/gfdl_idealized/spectral_idealized_public_release/idealized/src/shared/mpp/include/mpp_transmit.inc(11): warning #6843: A dummy argument with an explicit INTENT(OUT) declaration is not given an explicit value.   [GET_DATA]
    subroutine mpp_transmit_real4_scalar( put_data, to_pe, get_data, from_pe, plen, glen)
-----------------------------------------------------------^
/central/groups/esm/lenka/synoptic_diffusivity/gfdl_idealized/spectral_idealized_public_release/idealized/src/shared/mpp/include/mpp_transmit.inc(136): warning #6843: A dummy argument with an explicit INTENT(OUT) declaration is not given an explicit value.   [GET_DATA]
    subroutine mpp_recv_cmplx8_scalar( get_data, from_pe, glen )
---------------------------------------^
/central/groups/esm/lenka/synoptic_diffusivity/gfdl_idealized/spectral_idealized_public_release/idealized/src/shared/mpp/include/mpp_transmit.inc(95): warning #6843: A dummy argument with an explicit INTENT(OUT) declaration is not given an explicit value.   [GET_DATA]
    subroutine mpp_transmit_cmplx8_5d( put_data, put_len, to_pe, get_data, get_len, from_pe )
-----------------------------------------------------------------^
/central/groups/esm/lenka/synoptic_diffusivity/gfdl_idealized/spectral_idealized_public_release/idealized/src/shared/mpp/include/mpp_transmit.inc(75): warning #6843: A dummy argument with an explicit INTENT(OUT) declaration is not given an explicit value.   [GET_DATA]
    subroutine mpp_transmit_cmplx8_4d( put_data, put_len, to_pe, get_data, get_len, from_pe )
-----------------------------------------------------------------^
/central/groups/esm/lenka/synoptic_diffusivity/gfdl_idealized/spectral_idealized_public_release/idealized/src/shared/mpp/include/mpp_transmit.inc(55): warning #6843: A dummy argument with an explicit INTENT(OUT) declaration is not given an explicit value.   [GET_DATA]
    subroutine mpp_transmit_cmplx8_3d( put_data, put_len, to_pe, get_data, get_len, from_pe )
-----------------------------------------------------------------^
/central/groups/esm/lenka/synoptic_diffusivity/gfdl_idealized/spectral_idealized_public_release/idealized/src/shared/mpp/include/mpp_transmit.inc(35): warning #6843: A dummy argument with an explicit INTENT(OUT) declaration is not given an explicit value.   [GET_DATA]
    subroutine mpp_transmit_cmplx8_2d( put_data, put_len, to_pe, get_data, get_len, from_pe )
-----------------------------------------------------------------^
/central/groups/esm/lenka/synoptic_diffusivity/gfdl_idealized/spectral_idealized_public_release/idealized/src/shared/mpp/include/mpp_transmit.inc(11): warning #6843: A dummy argument with an explicit INTENT(OUT) declaration is not given an explicit value.   [GET_DATA]
    subroutine mpp_transmit_cmplx8_scalar( put_data, to_pe, get_data, from_pe, plen, glen)
------------------------------------------------------------^
/central/groups/esm/lenka/synoptic_diffusivity/gfdl_idealized/spectral_idealized_public_release/idealized/src/shared/mpp/include/mpp_transmit.inc(136): warning #6843: A dummy argument with an explicit INTENT(OUT) declaration is not given an explicit value.   [GET_DATA]
    subroutine mpp_recv_real8_scalar( get_data, from_pe, glen )
--------------------------------------^
/central/groups/esm/lenka/synoptic_diffusivity/gfdl_idealized/spectral_idealized_public_release/idealized/src/shared/mpp/include/mpp_transmit.inc(95): warning #6843: A dummy argument with an explicit INTENT(OUT) declaration is not given an explicit value.   [GET_DATA]
    subroutine mpp_transmit_real8_5d( put_data, put_len, to_pe, get_data, get_len, from_pe )
----------------------------------------------------------------^
/central/groups/esm/lenka/synoptic_diffusivity/gfdl_idealized/spectral_idealized_public_release/idealized/src/shared/mpp/include/mpp_transmit.inc(75): warning #6843: A dummy argument with an explicit INTENT(OUT) declaration is not given an explicit value.   [GET_DATA]
    subroutine mpp_transmit_real8_4d( put_data, put_len, to_pe, get_data, get_len, from_pe )
----------------------------------------------------------------^
/central/groups/esm/lenka/synoptic_diffusivity/gfdl_idealized/spectral_idealized_public_release/idealized/src/shared/mpp/include/mpp_transmit.inc(55): warning #6843: A dummy argument with an explicit INTENT(OUT) declaration is not given an explicit value.   [GET_DATA]
    subroutine mpp_transmit_real8_3d( put_data, put_len, to_pe, get_data, get_len, from_pe )
----------------------------------------------------------------^
/central/groups/esm/lenka/synoptic_diffusivity/gfdl_idealized/spectral_idealized_public_release/idealized/src/shared/mpp/include/mpp_transmit.inc(35): warning #6843: A dummy argument with an explicit INTENT(OUT) declaration is not given an explicit value.   [GET_DATA]
    subroutine mpp_transmit_real8_2d( put_data, put_len, to_pe, get_data, get_len, from_pe )
----------------------------------------------------------------^
/central/groups/esm/lenka/synoptic_diffusivity/gfdl_idealized/spectral_idealized_public_release/idealized/src/shared/mpp/include/mpp_transmit.inc(11): warning #6843: A dummy argument with an explicit INTENT(OUT) declaration is not given an explicit value.   [GET_DATA]
    subroutine mpp_transmit_real8_scalar( put_data, to_pe, get_data, from_pe, plen, glen)
-----------------------------------------------------------^
/central/groups/esm/lenka/synoptic_diffusivity/gfdl_idealized/spectral_idealized_public_release/idealized/src/shared/mpp/include/mpp_global_field.h(89): warning #6843: A dummy argument with an explicit INTENT(OUT) declaration is not given an explicit value.   [GLOBAL]
    subroutine mpp_global_field2D_l4_5d( domain, local, global, flags, new, dc_handle )
--------------------------------------------------------^
/central/groups/esm/lenka/synoptic_diffusivity/gfdl_idealized/spectral_idealized_public_release/idealized/src/shared/mpp/include/mpp_global_field.h(66): warning #6843: A dummy argument with an explicit INTENT(OUT) declaration is not given an explicit value.   [GLOBAL]
    subroutine mpp_global_field2D_l4_4d( domain, local, global, flags, new, dc_handle )
--------------------------------------------------------^
/central/groups/esm/lenka/synoptic_diffusivity/gfdl_idealized/spectral_idealized_public_release/idealized/src/shared/mpp/include/mpp_global_field.h(1): warning #6843: A dummy argument with an explicit INTENT(OUT) declaration is not given an explicit value.   [GLOBAL]
    subroutine mpp_global_field2D_l4_2d( domain, local, global, flags, new, dc_handle)
--------------------------------------------------------^
/central/groups/esm/lenka/synoptic_diffusivity/gfdl_idealized/spectral_idealized_public_release/idealized/src/shared/mpp/include/mpp_global_field.h(89): warning #6843: A dummy argument with an explicit INTENT(OUT) declaration is not given an explicit value.   [GLOBAL]
    subroutine mpp_global_field2D_i4_5d( domain, local, global, flags, new, dc_handle )
--------------------------------------------------------^
/central/groups/esm/lenka/synoptic_diffusivity/gfdl_idealized/spectral_idealized_public_release/idealized/src/shared/mpp/include/mpp_global_field.h(66): warning #6843: A dummy argument with an explicit INTENT(OUT) declaration is not given an explicit value.   [GLOBAL]
    subroutine mpp_global_field2D_i4_4d( domain, local, global, flags, new, dc_handle )
--------------------------------------------------------^
/central/groups/esm/lenka/synoptic_diffusivity/gfdl_idealized/spectral_idealized_public_release/idealized/src/shared/mpp/include/mpp_global_field.h(1): warning #6843: A dummy argument with an explicit INTENT(OUT) declaration is not given an explicit value.   [GLOBAL]
    subroutine mpp_global_field2D_i4_2d( domain, local, global, flags, new, dc_handle)
--------------------------------------------------------^
/central/groups/esm/lenka/synoptic_diffusivity/gfdl_idealized/spectral_idealized_public_release/idealized/src/shared/mpp/include/mpp_global_field.h(89): warning #6843: A dummy argument with an explicit INTENT(OUT) declaration is not given an explicit value.   [GLOBAL]
    subroutine mpp_global_field2D_c4_5d( domain, local, global, flags, new, dc_handle )
--------------------------------------------------------^
/central/groups/esm/lenka/synoptic_diffusivity/gfdl_idealized/spectral_idealized_public_release/idealized/src/shared/mpp/include/mpp_global_field.h(66): warning #6843: A dummy argument with an explicit INTENT(OUT) declaration is not given an explicit value.   [GLOBAL]
    subroutine mpp_global_field2D_c4_4d( domain, local, global, flags, new, dc_handle )
--------------------------------------------------------^
/central/groups/esm/lenka/synoptic_diffusivity/gfdl_idealized/spectral_idealized_public_release/idealized/src/shared/mpp/include/mpp_global_field.h(1): warning #6843: A dummy argument with an explicit INTENT(OUT) declaration is not given an explicit value.   [GLOBAL]
    subroutine mpp_global_field2D_c4_2d( domain, local, global, flags, new, dc_handle)
--------------------------------------------------------^
/central/groups/esm/lenka/synoptic_diffusivity/gfdl_idealized/spectral_idealized_public_release/idealized/src/shared/mpp/include/mpp_global_field.h(89): warning #6843: A dummy argument with an explicit INTENT(OUT) declaration is not given an explicit value.   [GLOBAL]
    subroutine mpp_global_field2D_r4_5d( domain, local, global, flags, new, dc_handle )
--------------------------------------------------------^
/central/groups/esm/lenka/synoptic_diffusivity/gfdl_idealized/spectral_idealized_public_release/idealized/src/shared/mpp/include/mpp_global_field.h(66): warning #6843: A dummy argument with an explicit INTENT(OUT) declaration is not given an explicit value.   [GLOBAL]
    subroutine mpp_global_field2D_r4_4d( domain, local, global, flags, new, dc_handle )
--------------------------------------------------------^
/central/groups/esm/lenka/synoptic_diffusivity/gfdl_idealized/spectral_idealized_public_release/idealized/src/shared/mpp/include/mpp_global_field.h(1): warning #6843: A dummy argument with an explicit INTENT(OUT) declaration is not given an explicit value.   [GLOBAL]
    subroutine mpp_global_field2D_r4_2d( domain, local, global, flags, new, dc_handle)
--------------------------------------------------------^
/central/groups/esm/lenka/synoptic_diffusivity/gfdl_idealized/spectral_idealized_public_release/idealized/src/shared/mpp/include/mpp_global_field.h(89): warning #6843: A dummy argument with an explicit INTENT(OUT) declaration is not given an explicit value.   [GLOBAL]
    subroutine mpp_global_field2D_l8_5d( domain, local, global, flags, new, dc_handle )
--------------------------------------------------------^
/central/groups/esm/lenka/synoptic_diffusivity/gfdl_idealized/spectral_idealized_public_release/idealized/src/shared/mpp/include/mpp_global_field.h(66): warning #6843: A dummy argument with an explicit INTENT(OUT) declaration is not given an explicit value.   [GLOBAL]
    subroutine mpp_global_field2D_l8_4d( domain, local, global, flags, new, dc_handle )
--------------------------------------------------------^
/central/groups/esm/lenka/synoptic_diffusivity/gfdl_idealized/spectral_idealized_public_release/idealized/src/shared/mpp/include/mpp_global_field.h(1): warning #6843: A dummy argument with an explicit INTENT(OUT) declaration is not given an explicit value.   [GLOBAL]
    subroutine mpp_global_field2D_l8_2d( domain, local, global, flags, new, dc_handle)
--------------------------------------------------------^
/central/groups/esm/lenka/synoptic_diffusivity/gfdl_idealized/spectral_idealized_public_release/idealized/src/shared/mpp/include/mpp_global_field.h(89): warning #6843: A dummy argument with an explicit INTENT(OUT) declaration is not given an explicit value.   [GLOBAL]
    subroutine mpp_global_field2D_i8_5d( domain, local, global, flags, new, dc_handle )
--------------------------------------------------------^
/central/groups/esm/lenka/synoptic_diffusivity/gfdl_idealized/spectral_idealized_public_release/idealized/src/shared/mpp/include/mpp_global_field.h(66): warning #6843: A dummy argument with an explicit INTENT(OUT) declaration is not given an explicit value.   [GLOBAL]
    subroutine mpp_global_field2D_i8_4d( domain, local, global, flags, new, dc_handle )
--------------------------------------------------------^
/central/groups/esm/lenka/synoptic_diffusivity/gfdl_idealized/spectral_idealized_public_release/idealized/src/shared/mpp/include/mpp_global_field.h(1): warning #6843: A dummy argument with an explicit INTENT(OUT) declaration is not given an explicit value.   [GLOBAL]
    subroutine mpp_global_field2D_i8_2d( domain, local, global, flags, new, dc_handle)
--------------------------------------------------------^
/central/groups/esm/lenka/synoptic_diffusivity/gfdl_idealized/spectral_idealized_public_release/idealized/src/shared/mpp/include/mpp_global_field.h(89): warning #6843: A dummy argument with an explicit INTENT(OUT) declaration is not given an explicit value.   [GLOBAL]
    subroutine mpp_global_field2D_c8_5d( domain, local, global, flags, new, dc_handle )
--------------------------------------------------------^
/central/groups/esm/lenka/synoptic_diffusivity/gfdl_idealized/spectral_idealized_public_release/idealized/src/shared/mpp/include/mpp_global_field.h(66): warning #6843: A dummy argument with an explicit INTENT(OUT) declaration is not given an explicit value.   [GLOBAL]
    subroutine mpp_global_field2D_c8_4d( domain, local, global, flags, new, dc_handle )
--------------------------------------------------------^
/central/groups/esm/lenka/synoptic_diffusivity/gfdl_idealized/spectral_idealized_public_release/idealized/src/shared/mpp/include/mpp_global_field.h(1): warning #6843: A dummy argument with an explicit INTENT(OUT) declaration is not given an explicit value.   [GLOBAL]
    subroutine mpp_global_field2D_c8_2d( domain, local, global, flags, new, dc_handle)
--------------------------------------------------------^
/central/groups/esm/lenka/synoptic_diffusivity/gfdl_idealized/spectral_idealized_public_release/idealized/src/shared/mpp/include/mpp_global_field.h(89): warning #6843: A dummy argument with an explicit INTENT(OUT) declaration is not given an explicit value.   [GLOBAL]
    subroutine mpp_global_field2D_r8_5d( domain, local, global, flags, new, dc_handle )
--------------------------------------------------------^
/central/groups/esm/lenka/synoptic_diffusivity/gfdl_idealized/spectral_idealized_public_release/idealized/src/shared/mpp/include/mpp_global_field.h(66): warning #6843: A dummy argument with an explicit INTENT(OUT) declaration is not given an explicit value.   [GLOBAL]
    subroutine mpp_global_field2D_r8_4d( domain, local, global, flags, new, dc_handle )
--------------------------------------------------------^
/central/groups/esm/lenka/synoptic_diffusivity/gfdl_idealized/spectral_idealized_public_release/idealized/src/shared/mpp/include/mpp_global_field.h(1): warning #6843: A dummy argument with an explicit INTENT(OUT) declaration is not given an explicit value.   [GLOBAL]
    subroutine mpp_global_field2D_r8_2d( domain, local, global, flags, new, dc_handle)
--------------------------------------------------------^
/central/groups/esm/lenka/synoptic_diffusivity/gfdl_idealized/spectral_idealized_public_release/idealized/src/shared/mpp/include/mpp_update_domains2D.h(299): warning #6843: A dummy argument with an explicit INTENT(OUT) declaration is not given an explicit value.   [FIELD_OUT]
    subroutine mpp_redistribute_l4_5D( domain_in, field_in, domain_out, field_out, complete, free, list_size, dc_handle, position )
------------------------------------------------------------------------^
/central/groups/esm/lenka/synoptic_diffusivity/gfdl_idealized/spectral_idealized_public_release/idealized/src/shared/mpp/include/mpp_update_domains2D.h(274): warning #6843: A dummy argument with an explicit INTENT(OUT) declaration is not given an explicit value.   [FIELD_OUT]
    subroutine mpp_redistribute_l4_4D( domain_in, field_in, domain_out, field_out, complete, free, list_size, dc_handle, position )
------------------------------------------------------------------------^
/central/groups/esm/lenka/synoptic_diffusivity/gfdl_idealized/spectral_idealized_public_release/idealized/src/shared/mpp/include/mpp_update_domains2D.h(151): warning #6843: A dummy argument with an explicit INTENT(OUT) declaration is not given an explicit value.   [FIELD_OUT]
    subroutine mpp_redistribute_l4_2D( domain_in, field_in, domain_out, field_out, complete, free, list_size, dc_handle, position )
------------------------------------------------------------------------^
/central/groups/esm/lenka/synoptic_diffusivity/gfdl_idealized/spectral_idealized_public_release/idealized/src/shared/mpp/include/mpp_update_domains2D.h(299): warning #6843: A dummy argument with an explicit INTENT(OUT) declaration is not given an explicit value.   [FIELD_OUT]
    subroutine mpp_redistribute_i4_5D( domain_in, field_in, domain_out, field_out, complete, free, list_size, dc_handle, position )
------------------------------------------------------------------------^
/central/groups/esm/lenka/synoptic_diffusivity/gfdl_idealized/spectral_idealized_public_release/idealized/src/shared/mpp/include/mpp_update_domains2D.h(274): warning #6843: A dummy argument with an explicit INTENT(OUT) declaration is not given an explicit value.   [FIELD_OUT]
    subroutine mpp_redistribute_i4_4D( domain_in, field_in, domain_out, field_out, complete, free, list_size, dc_handle, position )
------------------------------------------------------------------------^
/central/groups/esm/lenka/synoptic_diffusivity/gfdl_idealized/spectral_idealized_public_release/idealized/src/shared/mpp/include/mpp_update_domains2D.h(151): warning #6843: A dummy argument with an explicit INTENT(OUT) declaration is not given an explicit value.   [FIELD_OUT]
    subroutine mpp_redistribute_i4_2D( domain_in, field_in, domain_out, field_out, complete, free, list_size, dc_handle, position )
------------------------------------------------------------------------^
/central/groups/esm/lenka/synoptic_diffusivity/gfdl_idealized/spectral_idealized_public_release/idealized/src/shared/mpp/include/mpp_update_domains2D.h(299): warning #6843: A dummy argument with an explicit INTENT(OUT) declaration is not given an explicit value.   [FIELD_OUT]
    subroutine mpp_redistribute_c4_5D( domain_in, field_in, domain_out, field_out, complete, free, list_size, dc_handle, position )
------------------------------------------------------------------------^
/central/groups/esm/lenka/synoptic_diffusivity/gfdl_idealized/spectral_idealized_public_release/idealized/src/shared/mpp/include/mpp_update_domains2D.h(274): warning #6843: A dummy argument with an explicit INTENT(OUT) declaration is not given an explicit value.   [FIELD_OUT]
    subroutine mpp_redistribute_c4_4D( domain_in, field_in, domain_out, field_out, complete, free, list_size, dc_handle, position )
------------------------------------------------------------------------^
/central/groups/esm/lenka/synoptic_diffusivity/gfdl_idealized/spectral_idealized_public_release/idealized/src/shared/mpp/include/mpp_update_domains2D.h(151): warning #6843: A dummy argument with an explicit INTENT(OUT) declaration is not given an explicit value.   [FIELD_OUT]
    subroutine mpp_redistribute_c4_2D( domain_in, field_in, domain_out, field_out, complete, free, list_size, dc_handle, position )
------------------------------------------------------------------------^
/central/groups/esm/lenka/synoptic_diffusivity/gfdl_idealized/spectral_idealized_public_release/idealized/src/shared/mpp/include/mpp_update_domains2D.h(299): warning #6843: A dummy argument with an explicit INTENT(OUT) declaration is not given an explicit value.   [FIELD_OUT]
    subroutine mpp_redistribute_r4_5D( domain_in, field_in, domain_out, field_out, complete, free, list_size, dc_handle, position )
------------------------------------------------------------------------^
/central/groups/esm/lenka/synoptic_diffusivity/gfdl_idealized/spectral_idealized_public_release/idealized/src/shared/mpp/include/mpp_update_domains2D.h(274): warning #6843: A dummy argument with an explicit INTENT(OUT) declaration is not given an explicit value.   [FIELD_OUT]
    subroutine mpp_redistribute_r4_4D( domain_in, field_in, domain_out, field_out, complete, free, list_size, dc_handle, position )
------------------------------------------------------------------------^
/central/groups/esm/lenka/synoptic_diffusivity/gfdl_idealized/spectral_idealized_public_release/idealized/src/shared/mpp/include/mpp_update_domains2D.h(151): warning #6843: A dummy argument with an explicit INTENT(OUT) declaration is not given an explicit value.   [FIELD_OUT]
    subroutine mpp_redistribute_r4_2D( domain_in, field_in, domain_out, field_out, complete, free, list_size, dc_handle, position )
------------------------------------------------------------------------^
/central/groups/esm/lenka/synoptic_diffusivity/gfdl_idealized/spectral_idealized_public_release/idealized/src/shared/mpp/include/mpp_update_domains2D.h(299): warning #6843: A dummy argument with an explicit INTENT(OUT) declaration is not given an explicit value.   [FIELD_OUT]
    subroutine mpp_redistribute_l8_5D( domain_in, field_in, domain_out, field_out, complete, free, list_size, dc_handle, position )
------------------------------------------------------------------------^
/central/groups/esm/lenka/synoptic_diffusivity/gfdl_idealized/spectral_idealized_public_release/idealized/src/shared/mpp/include/mpp_update_domains2D.h(274): warning #6843: A dummy argument with an explicit INTENT(OUT) declaration is not given an explicit value.   [FIELD_OUT]
    subroutine mpp_redistribute_l8_4D( domain_in, field_in, domain_out, field_out, complete, free, list_size, dc_handle, position )
------------------------------------------------------------------------^
/central/groups/esm/lenka/synoptic_diffusivity/gfdl_idealized/spectral_idealized_public_release/idealized/src/shared/mpp/include/mpp_update_domains2D.h(151): warning #6843: A dummy argument with an explicit INTENT(OUT) declaration is not given an explicit value.   [FIELD_OUT]
    subroutine mpp_redistribute_l8_2D( domain_in, field_in, domain_out, field_out, complete, free, list_size, dc_handle, position )
------------------------------------------------------------------------^
/central/groups/esm/lenka/synoptic_diffusivity/gfdl_idealized/spectral_idealized_public_release/idealized/src/shared/mpp/include/mpp_update_domains2D.h(299): warning #6843: A dummy argument with an explicit INTENT(OUT) declaration is not given an explicit value.   [FIELD_OUT]
    subroutine mpp_redistribute_i8_5D( domain_in, field_in, domain_out, field_out, complete, free, list_size, dc_handle, position )
------------------------------------------------------------------------^
/central/groups/esm/lenka/synoptic_diffusivity/gfdl_idealized/spectral_idealized_public_release/idealized/src/shared/mpp/include/mpp_update_domains2D.h(274): warning #6843: A dummy argument with an explicit INTENT(OUT) declaration is not given an explicit value.   [FIELD_OUT]
    subroutine mpp_redistribute_i8_4D( domain_in, field_in, domain_out, field_out, complete, free, list_size, dc_handle, position )
------------------------------------------------------------------------^
/central/groups/esm/lenka/synoptic_diffusivity/gfdl_idealized/spectral_idealized_public_release/idealized/src/shared/mpp/include/mpp_update_domains2D.h(151): warning #6843: A dummy argument with an explicit INTENT(OUT) declaration is not given an explicit value.   [FIELD_OUT]
    subroutine mpp_redistribute_i8_2D( domain_in, field_in, domain_out, field_out, complete, free, list_size, dc_handle, position )
------------------------------------------------------------------------^
/central/groups/esm/lenka/synoptic_diffusivity/gfdl_idealized/spectral_idealized_public_release/idealized/src/shared/mpp/include/mpp_update_domains2D.h(299): warning #6843: A dummy argument with an explicit INTENT(OUT) declaration is not given an explicit value.   [FIELD_OUT]
    subroutine mpp_redistribute_c8_5D( domain_in, field_in, domain_out, field_out, complete, free, list_size, dc_handle, position )
------------------------------------------------------------------------^
/central/groups/esm/lenka/synoptic_diffusivity/gfdl_idealized/spectral_idealized_public_release/idealized/src/shared/mpp/include/mpp_update_domains2D.h(274): warning #6843: A dummy argument with an explicit INTENT(OUT) declaration is not given an explicit value.   [FIELD_OUT]
    subroutine mpp_redistribute_c8_4D( domain_in, field_in, domain_out, field_out, complete, free, list_size, dc_handle, position )
------------------------------------------------------------------------^
/central/groups/esm/lenka/synoptic_diffusivity/gfdl_idealized/spectral_idealized_public_release/idealized/src/shared/mpp/include/mpp_update_domains2D.h(151): warning #6843: A dummy argument with an explicit INTENT(OUT) declaration is not given an explicit value.   [FIELD_OUT]
    subroutine mpp_redistribute_c8_2D( domain_in, field_in, domain_out, field_out, complete, free, list_size, dc_handle, position )
------------------------------------------------------------------------^
/central/groups/esm/lenka/synoptic_diffusivity/gfdl_idealized/spectral_idealized_public_release/idealized/src/shared/mpp/include/mpp_update_domains2D.h(299): warning #6843: A dummy argument with an explicit INTENT(OUT) declaration is not given an explicit value.   [FIELD_OUT]
    subroutine mpp_redistribute_r8_5D( domain_in, field_in, domain_out, field_out, complete, free, list_size, dc_handle, position )
------------------------------------------------------------------------^
/central/groups/esm/lenka/synoptic_diffusivity/gfdl_idealized/spectral_idealized_public_release/idealized/src/shared/mpp/include/mpp_update_domains2D.h(274): warning #6843: A dummy argument with an explicit INTENT(OUT) declaration is not given an explicit value.   [FIELD_OUT]
    subroutine mpp_redistribute_r8_4D( domain_in, field_in, domain_out, field_out, complete, free, list_size, dc_handle, position )
------------------------------------------------------------------------^
/central/groups/esm/lenka/synoptic_diffusivity/gfdl_idealized/spectral_idealized_public_release/idealized/src/shared/mpp/include/mpp_update_domains2D.h(151): warning #6843: A dummy argument with an explicit INTENT(OUT) declaration is not given an explicit value.   [FIELD_OUT]
    subroutine mpp_redistribute_r8_2D( domain_in, field_in, domain_out, field_out, complete, free, list_size, dc_handle, position )
------------------------------------------------------------------------^
/central/groups/esm/lenka/synoptic_diffusivity/gfdl_idealized/spectral_idealized_public_release/idealized/src/shared/mpp/include/mpp_io_misc.inc(160): warning #7532: The number of arguments is incompatible with intrinsic procedure, assume 'external'.   [FLUSH]
         if( mpp_file(unit)%opened )call FLUSH(unit,istat)
-----------------------------------------^
/central/groups/esm/lenka/synoptic_diffusivity/gfdl_idealized/spectral_idealized_public_release/idealized/src/shared/mpp/include/mpp_io_util.inc(380): warning #6843: A dummy argument with an explicit INTENT(OUT) declaration is not given an explicit value.   [IOSPEC]
    subroutine mpp_get_iospec( unit, iospec )
-------------------------------------^
error: can't open file tracer_manager.o for write
compilation aborted for /central/groups/esm/lenka/synoptic_diffusivity/gfdl_idealized/spectral_idealized_public_release/idealized/src/shared/tracer_manager/tracer_manager.F90 (code 1)
make: *** [tracer_manager.o] Error 1
cd /central/scratch/elencz/caltech_fms_idealized/hs_syn_diff/hs_syn_diff_num_fourier_42_lat0_s_6.0_background_m_0.5_background_t_0.5_kf_0_stable_option_2_drag_min_100.e-05/workdir/INPUT
if ( !=  ) then
set ocean_mask = ocean_mask_T42.nc
if ( -e /central/groups/esm/lenka/synoptic_diffusivity/gfdl_idealized/spectral_idealized_public_release/exp/hs_syn_diff/input/ocean_mask_T42.nc ) then
while ( 1 < = 5 )
cd /central/scratch/elencz/caltech_fms_idealized/hs_syn_diff/hs_syn_diff_num_fourier_42_lat0_s_6.0_background_m_0.5_background_t_0.5_kf_0_stable_option_2_drag_min_100.e-05/workdir
if ( 1 == 1 && 1 == 1 ) then
cat
else
if ( dry == dry ) then
cat
else if ( dry == moist ) then
cat
endif
cat /central/groups/esm/lenka/synoptic_diffusivity/gfdl_idealized/spectral_idealized_public_release/exp/hs_syn_diff/input/namelists_dry
cp /central/groups/esm/lenka/synoptic_diffusivity/gfdl_idealized/spectral_idealized_public_release/exp/hs_syn_diff/input/diag_table_dry_3d diag_table
cp /central/groups/esm/lenka/synoptic_diffusivity/gfdl_idealized/spectral_idealized_public_release/exp/hs_syn_diff/input/field_table_dry field_table
cp /central/scratch/elencz/caltech_fms_idealized/hs_syn_diff/hs_syn_diff_num_fourier_42_lat0_s_6.0_background_m_0.5_background_t_0.5_kf_0_stable_option_2_drag_min_100.e-05/workdir/exe.fms/fms.x fms.x
cp: cannot stat ‘/central/scratch/elencz/caltech_fms_idealized/hs_syn_diff/hs_syn_diff_num_fourier_42_lat0_s_6.0_background_m_0.5_background_t_0.5_kf_0_stable_option_2_drag_min_100.e-05/workdir/exe.fms/fms.x’: No such file or directory
cp input.nml /central/scratch/elencz/caltech_fms_idealized/hs_syn_diff/hs_syn_diff_num_fourier_42_lat0_s_6.0_background_m_0.5_background_t_0.5_kf_0_stable_option_2_drag_min_100.e-05/workdir
cp: ‘input.nml’ and ‘/central/scratch/elencz/caltech_fms_idealized/hs_syn_diff/hs_syn_diff_num_fourier_42_lat0_s_6.0_background_m_0.5_background_t_0.5_kf_0_stable_option_2_drag_min_100.e-05/workdir/input.nml’ are the same file
set MX_RCACHE=2
srun /central/scratch/elencz/caltech_fms_idealized/hs_syn_diff/hs_syn_diff_num_fourier_42_lat0_s_6.0_background_m_0.5_background_t_0.5_kf_0_stable_option_2_drag_min_100.e-05/workdir/fms.x
slurmstepd: error: execve(): /central/scratch/elencz/caltech_fms_idealized/hs_syn_diff/hs_syn_diff_num_fourier_42_lat0_s_6.0_background_m_0.5_background_t_0.5_kf_0_stable_option_2_drag_min_100.e-05/workdir/fms.x: No such file or directory
slurmstepd: error: execve(): /central/scratch/elencz/caltech_fms_idealized/hs_syn_diff/hs_syn_diff_num_fourier_42_lat0_s_6.0_background_m_0.5_background_t_0.5_kf_0_stable_option_2_drag_min_100.e-05/workdir/fms.x: No such file or directory
slurmstepd: error: execve(): /central/scratch/elencz/caltech_fms_idealized/hs_syn_diff/hs_syn_diff_num_fourier_42_lat0_s_6.0_background_m_0.5_background_t_0.5_kf_0_stable_option_2_drag_min_100.e-05/workdir/fms.x: No such file or directory
slurmstepd: error: execve(): /central/scratch/elencz/caltech_fms_idealized/hs_syn_diff/hs_syn_diff_num_fourier_42_lat0_s_6.0_background_m_0.5_background_t_0.5_kf_0_stable_option_2_drag_min_100.e-05/workdir/fms.x: No such file or directory
slurmstepd: error: execve(): /central/scratch/elencz/caltech_fms_idealized/hs_syn_diff/hs_syn_diff_num_fourier_42_lat0_s_6.0_background_m_0.5_background_t_0.5_kf_0_stable_option_2_drag_min_100.e-05/workdir/fms.x: No such file or directory
slurmstepd: error: execve(): /central/scratch/elencz/caltech_fms_idealized/hs_syn_diff/hs_syn_diff_num_fourier_42_lat0_s_6.0_background_m_0.5_background_t_0.5_kf_0_stable_option_2_drag_min_100.e-05/workdir/fms.x: No such file or directory
slurmstepd: error: execve(): /central/scratch/elencz/caltech_fms_idealized/hs_syn_diff/hs_syn_diff_num_fourier_42_lat0_s_6.0_background_m_0.5_background_t_0.5_kf_0_stable_option_2_drag_min_100.e-05/workdir/fms.x: No such file or directory
slurmstepd: error: execve(): /central/scratch/elencz/caltech_fms_idealized/hs_syn_diff/hs_syn_diff_num_fourier_42_lat0_s_6.0_background_m_0.5_background_t_0.5_kf_0_stable_option_2_drag_min_100.e-05/workdir/fms.x: No such file or directory
slurmstepd: error: execve(): /central/scratch/elencz/caltech_fms_idealized/hs_syn_diff/hs_syn_diff_num_fourier_42_lat0_s_6.0_background_m_0.5_background_t_0.5_kf_0_stable_option_2_drag_min_100.e-05/workdir/fms.x: No such file or directory
slurmstepd: error: execve(): /central/scratch/elencz/caltech_fms_idealized/hs_syn_diff/hs_syn_diff_num_fourier_42_lat0_s_6.0_background_m_0.5_background_t_0.5_kf_0_stable_option_2_drag_min_100.e-05/workdir/fms.x: No such file or directory
slurmstepd: error: execve(): /central/scratch/elencz/caltech_fms_idealized/hs_syn_diff/hs_syn_diff_num_fourier_42_lat0_s_6.0_background_m_0.5_background_t_0.5_kf_0_stable_option_2_drag_min_100.e-05/workdir/fms.x: No such file or directory
slurmstepd: error: execve(): /central/scratch/elencz/caltech_fms_idealized/hs_syn_diff/hs_syn_diff_num_fourier_42_lat0_s_6.0_background_m_0.5_background_t_0.5_kf_0_stable_option_2_drag_min_100.e-05/workdir/fms.x: No such file or directory
slurmstepd: error: execve(): /central/scratch/elencz/caltech_fms_idealized/hs_syn_diff/hs_syn_diff_num_fourier_42_lat0_s_6.0_background_m_0.5_background_t_0.5_kf_0_stable_option_2_drag_min_100.e-05/workdir/fms.x: No such file or directory
slurmstepd: error: execve(): /central/scratch/elencz/caltech_fms_idealized/hs_syn_diff/hs_syn_diff_num_fourier_42_lat0_s_6.0_background_m_0.5_background_t_0.5_kf_0_stable_option_2_drag_min_100.e-05/workdir/fms.x: No such file or directory
slurmstepd: error: execve(): /central/scratch/elencz/caltech_fms_idealized/hs_syn_diff/hs_syn_diff_num_fourier_42_lat0_s_6.0_background_m_0.5_background_t_0.5_kf_0_stable_option_2_drag_min_100.e-05/workdir/fms.x: No such file or directory
slurmstepd: error: execve(): /central/scratch/elencz/caltech_fms_idealized/hs_syn_diff/hs_syn_diff_num_fourier_42_lat0_s_6.0_background_m_0.5_background_t_0.5_kf_0_stable_option_2_drag_min_100.e-05/workdir/fms.x: No such file or directory
slurmstepd: error: execve(): /central/scratch/elencz/caltech_fms_idealized/hs_syn_diff/hs_syn_diff_num_fourier_42_lat0_s_6.0_background_m_0.5_background_t_0.5_kf_0_stable_option_2_drag_min_100.e-05/workdir/fms.x: No such file or directory
slurmstepd: error: execve(): /central/scratch/elencz/caltech_fms_idealized/hs_syn_diff/hs_syn_diff_num_fourier_42_lat0_s_6.0_background_m_0.5_background_t_0.5_kf_0_stable_option_2_drag_min_100.e-05/workdir/fms.x: No such file or directory
slurmstepd: error: execve(): /central/scratch/elencz/caltech_fms_idealized/hs_syn_diff/hs_syn_diff_num_fourier_42_lat0_s_6.0_background_m_0.5_background_t_0.5_kf_0_stable_option_2_drag_min_100.e-05/workdir/fms.x: No such file or directory
slurmstepd: error: execve(): /central/scratch/elencz/caltech_fms_idealized/hs_syn_diff/hs_syn_diff_num_fourier_42_lat0_s_6.0_background_m_0.5_background_t_0.5_kf_0_stable_option_2_drag_min_100.e-05/workdir/fms.x: No such file or directory
slurmstepd: error: execve(): /central/scratch/elencz/caltech_fms_idealized/hs_syn_diff/hs_syn_diff_num_fourier_42_lat0_s_6.0_background_m_0.5_background_t_0.5_kf_0_stable_option_2_drag_min_100.e-05/workdir/fms.x: No such file or directory
slurmstepd: error: execve(): /central/scratch/elencz/caltech_fms_idealized/hs_syn_diff/hs_syn_diff_num_fourier_42_lat0_s_6.0_background_m_0.5_background_t_0.5_kf_0_stable_option_2_drag_min_100.e-05/workdir/fms.x: No such file or directory
slurmstepd: error: execve(): /central/scratch/elencz/caltech_fms_idealized/hs_syn_diff/hs_syn_diff_num_fourier_42_lat0_s_6.0_background_m_0.5_background_t_0.5_kf_0_stable_option_2_drag_min_100.e-05/workdir/fms.x: No such file or directory
slurmstepd: error: execve(): /central/scratch/elencz/caltech_fms_idealized/hs_syn_diff/hs_syn_diff_num_fourier_42_lat0_s_6.0_background_m_0.5_background_t_0.5_kf_0_stable_option_2_drag_min_100.e-05/workdir/fms.x: No such file or directory
slurmstepd: error: execve(): /central/scratch/elencz/caltech_fms_idealized/hs_syn_diff/hs_syn_diff_num_fourier_42_lat0_s_6.0_background_m_0.5_background_t_0.5_kf_0_stable_option_2_drag_min_100.e-05/workdir/fms.x: No such file or directory
slurmstepd: error: execve(): /central/scratch/elencz/caltech_fms_idealized/hs_syn_diff/hs_syn_diff_num_fourier_42_lat0_s_6.0_background_m_0.5_background_t_0.5_kf_0_stable_option_2_drag_min_100.e-05/workdir/fms.x: No such file or directory
slurmstepd: error: execve(): /central/scratch/elencz/caltech_fms_idealized/hs_syn_diff/hs_syn_diff_num_fourier_42_lat0_s_6.0_background_m_0.5_background_t_0.5_kf_0_stable_option_2_drag_min_100.e-05/workdir/fms.x: No such file or directory
slurmstepd: error: execve(): /central/scratch/elencz/caltech_fms_idealized/hs_syn_diff/hs_syn_diff_num_fourier_42_lat0_s_6.0_background_m_0.5_background_t_0.5_kf_0_stable_option_2_drag_min_100.e-05/workdir/fms.x: No such file or directory
slurmstepd: error: execve(): /central/scratch/elencz/caltech_fms_idealized/hs_syn_diff/hs_syn_diff_num_fourier_42_lat0_s_6.0_background_m_0.5_background_t_0.5_kf_0_stable_option_2_drag_min_100.e-05/workdir/fms.x: No such file or directory
slurmstepd: error: execve(): /central/scratch/elencz/caltech_fms_idealized/hs_syn_diff/hs_syn_diff_num_fourier_42_lat0_s_6.0_background_m_0.5_background_t_0.5_kf_0_stable_option_2_drag_min_100.e-05/workdir/fms.x: No such file or directory
slurmstepd: error: execve(): /central/scratch/elencz/caltech_fms_idealized/hs_syn_diff/hs_syn_diff_num_fourier_42_lat0_s_6.0_background_m_0.5_background_t_0.5_kf_0_stable_option_2_drag_min_100.e-05/workdir/fms.x: No such file or directory
slurmstepd: error: execve(): /central/scratch/elencz/caltech_fms_idealized/hs_syn_diff/hs_syn_diff_num_fourier_42_lat0_s_6.0_background_m_0.5_background_t_0.5_kf_0_stable_option_2_drag_min_100.e-05/workdir/fms.x: No such file or directory
srun: error: hpc-89-18: tasks 0-15: Exited with exit code 2
srun: error: hpc-89-19: tasks 16-31: Exited with exit code 2
set date_name = `$time_stamp -eh`
/central/groups/esm/lenka/synoptic_diffusivity/gfdl_idealized/spectral_idealized_public_release/idealized/bin/time_stamp.csh -eh
if ( no_time_stamp ==  ) set date_name = tmp`date '+%j%H%M%S'`
if ( -f time_stamp.out ) rm -f time_stamp.out
mkdir /central/scratch/elencz/caltech_fms_idealized/hs_syn_diff/hs_syn_diff_num_fourier_42_lat0_s_6.0_background_m_0.5_background_t_0.5_kf_0_stable_option_2_drag_min_100.e-05/output/combine/no_time_stamp
foreach ncfile ( `/bin/ls *.nc *.nc.????` )
/bin/ls: No match.
foreach out ( `/bin/ls *.out` )
/bin/ls: No match.
cd /central/scratch/elencz/caltech_fms_idealized/hs_syn_diff/hs_syn_diff_num_fourier_42_lat0_s_6.0_background_m_0.5_background_t_0.5_kf_0_stable_option_2_drag_min_100.e-05/workdir/RESTART
set resfiles = `/bin/ls *.res*`
/bin/ls: No match.
if ( 0 > 0 ) then
cd /central/scratch/elencz/caltech_fms_idealized/hs_syn_diff/hs_syn_diff_num_fourier_42_lat0_s_6.0_background_m_0.5_background_t_0.5_kf_0_stable_option_2_drag_min_100.e-05/workdir
set run_number = `expr $ireload \* $runs_per_script - $runs_per_script + $irun`
expr 1 * 5 - 5 + 1
echo Completed run 1 of 5 in bsub 1.
set irun_prev = 1
@ irun++
if ( -f /central/scratch/elencz/caltech_fms_idealized/hs_syn_diff/hs_syn_diff_num_fourier_42_lat0_s_6.0_background_m_0.5_background_t_0.5_kf_0_stable_option_2_drag_min_100.e-05/workdir/reload_commands_prev ) then
if ( -f /central/scratch/elencz/caltech_fms_idealized/hs_syn_diff/hs_syn_diff_num_fourier_42_lat0_s_6.0_background_m_0.5_background_t_0.5_kf_0_stable_option_2_drag_min_100.e-05/workdir/reload_commands ) mv -f /central/scratch/elencz/caltech_fms_idealized/hs_syn_diff/hs_syn_diff_num_fourier_42_lat0_s_6.0_background_m_0.5_background_t_0.5_kf_0_stable_option_2_drag_min_100.e-05/workdir/reload_commands /central/scratch/elencz/caltech_fms_idealized/hs_syn_diff/hs_syn_diff_num_fourier_42_lat0_s_6.0_background_m_0.5_background_t_0.5_kf_0_stable_option_2_drag_min_100.e-05/workdir/reload_commands_prev
if ( 2 < = 5 ) then
echo set irun         =  2
else
restart_file: Undefined variable.
