echo *** Running /central/groups/esm/lenka/GFDL_idealized_GCM_Caltech/exp/hs_control/run/run_exp on hpc-23-19 ***
echo *** analysis_3d analysed in 1000 segments (1000 days / 1 days per segment) ***
date
cd /central/groups/esm/lenka/GFDL_idealized_GCM_Caltech/exp/hs_control
if ( -d /central/scratch/elencz/caltech_fms_idealized/hs_control/hs_control_num_fourier_63_num_num_spherical_64_lon_max_192_lat_max_96_num_levels_30_include_surface_flux_.false._turb_.false._damping_coeff_0.0_dt_atmos_2400/workdir ) then
mv /central/scratch/elencz/caltech_fms_idealized/hs_control/hs_control_num_fourier_63_num_num_spherical_64_lon_max_192_lat_max_96_num_levels_30_include_surface_flux_.false._turb_.false._damping_coeff_0.0_dt_atmos_2400/workdir work_dir_old
echo WARNING: Existing work_dir /central/scratch/elencz/caltech_fms_idealized/hs_control/hs_control_num_fourier_63_num_num_spherical_64_lon_max_192_lat_max_96_num_levels_30_include_surface_flux_.false._turb_.false._damping_coeff_0.0_dt_atmos_2400/workdir removed.
rm -rf work_dir_old
endif
mkdir /central/scratch/elencz/caltech_fms_idealized/hs_control/hs_control_num_fourier_63_num_num_spherical_64_lon_max_192_lat_max_96_num_levels_30_include_surface_flux_.false._turb_.false._damping_coeff_0.0_dt_atmos_2400/workdir
mkdir /central/scratch/elencz/caltech_fms_idealized/hs_control/hs_control_num_fourier_63_num_num_spherical_64_lon_max_192_lat_max_96_num_levels_30_include_surface_flux_.false._turb_.false._damping_coeff_0.0_dt_atmos_2400/workdir/INPUT
mkdir /central/scratch/elencz/caltech_fms_idealized/hs_control/hs_control_num_fourier_63_num_num_spherical_64_lon_max_192_lat_max_96_num_levels_30_include_surface_flux_.false._turb_.false._damping_coeff_0.0_dt_atmos_2400/workdir/RESTART
if ( -d /central/scratch/elencz/caltech_fms_idealized/hs_control/hs_control_num_fourier_63_num_num_spherical_64_lon_max_192_lat_max_96_num_levels_30_include_surface_flux_.false._turb_.false._damping_coeff_0.0_dt_atmos_2400/workdir ) then
if ( -f /central/scratch/elencz/caltech_fms_idealized/hs_control/hs_control_num_fourier_63_num_num_spherical_64_lon_max_192_lat_max_96_num_levels_30_include_surface_flux_.false._turb_.false._damping_coeff_0.0_dt_atmos_2400/workdir/reload_commands ) then
endif
if ( ! -d /central/groups/esm/lenka/GFDL_idealized_GCM_Caltech/exp/hs_control/run/out_err ) mkdir -p /central/groups/esm/lenka/GFDL_idealized_GCM_Caltech/exp/hs_control/run/out_err
if ( ! -d /central/scratch/elencz/caltech_fms_idealized/hs_control/hs_control_num_fourier_63_num_num_spherical_64_lon_max_192_lat_max_96_num_levels_30_include_surface_flux_.false._turb_.false._damping_coeff_0.0_dt_atmos_2400/workdir/exe.fms ) mkdir -p /central/scratch/elencz/caltech_fms_idealized/hs_control/hs_control_num_fourier_63_num_num_spherical_64_lon_max_192_lat_max_96_num_levels_30_include_surface_flux_.false._turb_.false._damping_coeff_0.0_dt_atmos_2400/workdir/exe.fms
mkdir -p /central/scratch/elencz/caltech_fms_idealized/hs_control/hs_control_num_fourier_63_num_num_spherical_64_lon_max_192_lat_max_96_num_levels_30_include_surface_flux_.false._turb_.false._damping_coeff_0.0_dt_atmos_2400/workdir/exe.fms
if ( ! -d /central/scratch/elencz/caltech_fms_idealized/hs_control/hs_control_num_fourier_63_num_num_spherical_64_lon_max_192_lat_max_96_num_levels_30_include_surface_flux_.false._turb_.false._damping_coeff_0.0_dt_atmos_2400/workdir/analysis ) mkdir -p /central/scratch/elencz/caltech_fms_idealized/hs_control/hs_control_num_fourier_63_num_num_spherical_64_lon_max_192_lat_max_96_num_levels_30_include_surface_flux_.false._turb_.false._damping_coeff_0.0_dt_atmos_2400/workdir/analysis
mkdir -p /central/scratch/elencz/caltech_fms_idealized/hs_control/hs_control_num_fourier_63_num_num_spherical_64_lon_max_192_lat_max_96_num_levels_30_include_surface_flux_.false._turb_.false._damping_coeff_0.0_dt_atmos_2400/workdir/analysis
if ( ! -d /central/scratch/elencz/caltech_fms_idealized/hs_control/hs_control_num_fourier_63_num_num_spherical_64_lon_max_192_lat_max_96_num_levels_30_include_surface_flux_.false._turb_.false._damping_coeff_0.0_dt_atmos_2400/workdir/analysis/out_err ) mkdir -p /central/scratch/elencz/caltech_fms_idealized/hs_control/hs_control_num_fourier_63_num_num_spherical_64_lon_max_192_lat_max_96_num_levels_30_include_surface_flux_.false._turb_.false._damping_coeff_0.0_dt_atmos_2400/workdir/analysis/out_err
mkdir -p /central/scratch/elencz/caltech_fms_idealized/hs_control/hs_control_num_fourier_63_num_num_spherical_64_lon_max_192_lat_max_96_num_levels_30_include_surface_flux_.false._turb_.false._damping_coeff_0.0_dt_atmos_2400/workdir/analysis/out_err
if ( ! -d /central/scratch/elencz/caltech_fms_idealized/hs_control/hs_control_num_fourier_63_num_num_spherical_64_lon_max_192_lat_max_96_num_levels_30_include_surface_flux_.false._turb_.false._damping_coeff_0.0_dt_atmos_2400/output ) then
if ( ! -f /central/scratch/elencz/caltech_fms_idealized/hs_control/hs_control_num_fourier_63_num_num_spherical_64_lon_max_192_lat_max_96_num_levels_30_include_surface_flux_.false._turb_.false._damping_coeff_0.0_dt_atmos_2400/workdir/mppnccombine.ifc ) then
gcc -O -o /central/scratch/elencz/caltech_fms_idealized/hs_control/hs_control_num_fourier_63_num_num_spherical_64_lon_max_192_lat_max_96_num_levels_30_include_surface_flux_.false._turb_.false._damping_coeff_0.0_dt_atmos_2400/workdir/mppnccombine.ifc -I/central/groups/esm/lenka/GFDL_idealized_GCM_Caltech/idealized/bin/nc_inc -L/central/groups/esm/lenka/GFDL_idealized_GCM_Caltech/idealized/bin/nc_lib /central/groups/esm/lenka/GFDL_idealized_GCM_Caltech/idealized/postprocessing/mppnccombine.c -lnetcdf
endif
/bin/cp /central/groups/esm/lenka/GFDL_idealized_GCM_Caltech/idealized/bin/mkmf.template.ifc_hpc_mpi /central/scratch/elencz/caltech_fms_idealized/hs_control/hs_control_num_fourier_63_num_num_spherical_64_lon_max_192_lat_max_96_num_levels_30_include_surface_flux_.false._turb_.false._damping_coeff_0.0_dt_atmos_2400/workdir/tmp_template
echo fms_home = /central/groups/esm/lenka/GFDL_idealized_GCM_Caltech/idealized
cd /central/groups/esm/lenka/GFDL_idealized_GCM_Caltech/idealized/src
find /central/groups/esm/lenka/GFDL_idealized_GCM_Caltech/exp/hs_control/srcmods/ -maxdepth 1 -iname *.f90 -o -iname *.inc -o -iname *.c -o -iname *.h
echo Using the following sourcecode modifications:
cat /central/scratch/elencz/caltech_fms_idealized/hs_control/hs_control_num_fourier_63_num_num_spherical_64_lon_max_192_lat_max_96_num_levels_30_include_surface_flux_.false._turb_.false._damping_coeff_0.0_dt_atmos_2400/workdir/tmp_pathnames
cat /central/groups/esm/lenka/GFDL_idealized_GCM_Caltech/exp/hs_control/input/path_names
cd /central/scratch/elencz/caltech_fms_idealized/hs_control/hs_control_num_fourier_63_num_num_spherical_64_lon_max_192_lat_max_96_num_levels_30_include_surface_flux_.false._turb_.false._damping_coeff_0.0_dt_atmos_2400/workdir/exe.fms
/central/groups/esm/lenka/GFDL_idealized_GCM_Caltech/idealized/bin/mkmf -p fms.x -t /central/scratch/elencz/caltech_fms_idealized/hs_control/hs_control_num_fourier_63_num_num_spherical_64_lon_max_192_lat_max_96_num_levels_30_include_surface_flux_.false._turb_.false._damping_coeff_0.0_dt_atmos_2400/workdir/tmp_template -c -Duse_libMPI -Duse_netCDF -a /central/groups/esm/lenka/GFDL_idealized_GCM_Caltech/idealized/src /central/scratch/elencz/caltech_fms_idealized/hs_control/hs_control_num_fourier_63_num_num_spherical_64_lon_max_192_lat_max_96_num_levels_30_include_surface_flux_.false._turb_.false._damping_coeff_0.0_dt_atmos_2400/workdir/tmp_pathnames /central/groups/esm/lenka/GFDL_idealized_GCM_Caltech/idealized/src/shared/include /central/groups/esm/lenka/GFDL_idealized_GCM_Caltech/idealized/src/shared/mpp/include
........................................................................make -f Makefile
/central/groups/esm/lenka/GFDL_idealized_GCM_Caltech/idealized/src/shared/mpp/include/mpp_util_mpi.inc(43): warning #7532: The number of arguments is incompatible with intrinsic procedure, assume 'external'.   [FLUSH]
        call FLUSH(stdout(),istat)
-------------^
/central/groups/esm/lenka/GFDL_idealized_GCM_Caltech/idealized/src/shared/mpp/include/mpp_util.inc(90): warning #7532: The number of arguments is incompatible with intrinsic procedure, assume 'external'.   [FLUSH]
          call FLUSH(log_unit,istat)
---------------^
/central/groups/esm/lenka/GFDL_idealized_GCM_Caltech/idealized/src/shared/mpp/include/mpp_comm_mpi.inc(142): warning #7532: The number of arguments is incompatible with intrinsic procedure, assume 'external'.   [FLUSH]
     call FLUSH( stdout(), istat )
----------^
/central/groups/esm/lenka/GFDL_idealized_GCM_Caltech/idealized/src/shared/mpp/include/mpp_transmit.inc(136): warning #6843: A dummy argument with an explicit INTENT(OUT) declaration is not given an explicit value.   [GET_DATA]
    subroutine mpp_recv_logical4_scalar( get_data, from_pe, glen )
-----------------------------------------^
/central/groups/esm/lenka/GFDL_idealized_GCM_Caltech/idealized/src/shared/mpp/include/mpp_transmit.inc(95): warning #6843: A dummy argument with an explicit INTENT(OUT) declaration is not given an explicit value.   [GET_DATA]
    subroutine mpp_transmit_logical4_5d( put_data, put_len, to_pe, get_data, get_len, from_pe )
-------------------------------------------------------------------^
/central/groups/esm/lenka/GFDL_idealized_GCM_Caltech/idealized/src/shared/mpp/include/mpp_transmit.inc(75): warning #6843: A dummy argument with an explicit INTENT(OUT) declaration is not given an explicit value.   [GET_DATA]
    subroutine mpp_transmit_logical4_4d( put_data, put_len, to_pe, get_data, get_len, from_pe )
-------------------------------------------------------------------^
/central/groups/esm/lenka/GFDL_idealized_GCM_Caltech/idealized/src/shared/mpp/include/mpp_transmit.inc(55): warning #6843: A dummy argument with an explicit INTENT(OUT) declaration is not given an explicit value.   [GET_DATA]
    subroutine mpp_transmit_logical4_3d( put_data, put_len, to_pe, get_data, get_len, from_pe )
-------------------------------------------------------------------^
/central/groups/esm/lenka/GFDL_idealized_GCM_Caltech/idealized/src/shared/mpp/include/mpp_transmit.inc(35): warning #6843: A dummy argument with an explicit INTENT(OUT) declaration is not given an explicit value.   [GET_DATA]
    subroutine mpp_transmit_logical4_2d( put_data, put_len, to_pe, get_data, get_len, from_pe )
-------------------------------------------------------------------^
/central/groups/esm/lenka/GFDL_idealized_GCM_Caltech/idealized/src/shared/mpp/include/mpp_transmit.inc(11): warning #6843: A dummy argument with an explicit INTENT(OUT) declaration is not given an explicit value.   [GET_DATA]
    subroutine mpp_transmit_logical4_scalar( put_data, to_pe, get_data, from_pe, plen, glen)
--------------------------------------------------------------^
/central/groups/esm/lenka/GFDL_idealized_GCM_Caltech/idealized/src/shared/mpp/include/mpp_transmit.inc(136): warning #6843: A dummy argument with an explicit INTENT(OUT) declaration is not given an explicit value.   [GET_DATA]
    subroutine mpp_recv_logical8_scalar( get_data, from_pe, glen )
-----------------------------------------^
/central/groups/esm/lenka/GFDL_idealized_GCM_Caltech/idealized/src/shared/mpp/include/mpp_transmit.inc(95): warning #6843: A dummy argument with an explicit INTENT(OUT) declaration is not given an explicit value.   [GET_DATA]
    subroutine mpp_transmit_logical8_5d( put_data, put_len, to_pe, get_data, get_len, from_pe )
-------------------------------------------------------------------^
/central/groups/esm/lenka/GFDL_idealized_GCM_Caltech/idealized/src/shared/mpp/include/mpp_transmit.inc(75): warning #6843: A dummy argument with an explicit INTENT(OUT) declaration is not given an explicit value.   [GET_DATA]
    subroutine mpp_transmit_logical8_4d( put_data, put_len, to_pe, get_data, get_len, from_pe )
-------------------------------------------------------------------^
/central/groups/esm/lenka/GFDL_idealized_GCM_Caltech/idealized/src/shared/mpp/include/mpp_transmit.inc(55): warning #6843: A dummy argument with an explicit INTENT(OUT) declaration is not given an explicit value.   [GET_DATA]
    subroutine mpp_transmit_logical8_3d( put_data, put_len, to_pe, get_data, get_len, from_pe )
-------------------------------------------------------------------^
/central/groups/esm/lenka/GFDL_idealized_GCM_Caltech/idealized/src/shared/mpp/include/mpp_transmit.inc(35): warning #6843: A dummy argument with an explicit INTENT(OUT) declaration is not given an explicit value.   [GET_DATA]
    subroutine mpp_transmit_logical8_2d( put_data, put_len, to_pe, get_data, get_len, from_pe )
-------------------------------------------------------------------^
/central/groups/esm/lenka/GFDL_idealized_GCM_Caltech/idealized/src/shared/mpp/include/mpp_transmit.inc(11): warning #6843: A dummy argument with an explicit INTENT(OUT) declaration is not given an explicit value.   [GET_DATA]
    subroutine mpp_transmit_logical8_scalar( put_data, to_pe, get_data, from_pe, plen, glen)
--------------------------------------------------------------^
/central/groups/esm/lenka/GFDL_idealized_GCM_Caltech/idealized/src/shared/mpp/include/mpp_transmit.inc(136): warning #6843: A dummy argument with an explicit INTENT(OUT) declaration is not given an explicit value.   [GET_DATA]
    subroutine mpp_recv_int4_scalar( get_data, from_pe, glen )
-------------------------------------^
/central/groups/esm/lenka/GFDL_idealized_GCM_Caltech/idealized/src/shared/mpp/include/mpp_transmit.inc(95): warning #6843: A dummy argument with an explicit INTENT(OUT) declaration is not given an explicit value.   [GET_DATA]
    subroutine mpp_transmit_int4_5d( put_data, put_len, to_pe, get_data, get_len, from_pe )
---------------------------------------------------------------^
/central/groups/esm/lenka/GFDL_idealized_GCM_Caltech/idealized/src/shared/mpp/include/mpp_transmit.inc(75): warning #6843: A dummy argument with an explicit INTENT(OUT) declaration is not given an explicit value.   [GET_DATA]
    subroutine mpp_transmit_int4_4d( put_data, put_len, to_pe, get_data, get_len, from_pe )
---------------------------------------------------------------^
/central/groups/esm/lenka/GFDL_idealized_GCM_Caltech/idealized/src/shared/mpp/include/mpp_transmit.inc(55): warning #6843: A dummy argument with an explicit INTENT(OUT) declaration is not given an explicit value.   [GET_DATA]
    subroutine mpp_transmit_int4_3d( put_data, put_len, to_pe, get_data, get_len, from_pe )
---------------------------------------------------------------^
/central/groups/esm/lenka/GFDL_idealized_GCM_Caltech/idealized/src/shared/mpp/include/mpp_transmit.inc(35): warning #6843: A dummy argument with an explicit INTENT(OUT) declaration is not given an explicit value.   [GET_DATA]
    subroutine mpp_transmit_int4_2d( put_data, put_len, to_pe, get_data, get_len, from_pe )
---------------------------------------------------------------^
/central/groups/esm/lenka/GFDL_idealized_GCM_Caltech/idealized/src/shared/mpp/include/mpp_transmit.inc(11): warning #6843: A dummy argument with an explicit INTENT(OUT) declaration is not given an explicit value.   [GET_DATA]
    subroutine mpp_transmit_int4_scalar( put_data, to_pe, get_data, from_pe, plen, glen)
----------------------------------------------------------^
/central/groups/esm/lenka/GFDL_idealized_GCM_Caltech/idealized/src/shared/mpp/include/mpp_transmit.inc(136): warning #6843: A dummy argument with an explicit INTENT(OUT) declaration is not given an explicit value.   [GET_DATA]
    subroutine mpp_recv_int8_scalar( get_data, from_pe, glen )
-------------------------------------^
/central/groups/esm/lenka/GFDL_idealized_GCM_Caltech/idealized/src/shared/mpp/include/mpp_transmit.inc(95): warning #6843: A dummy argument with an explicit INTENT(OUT) declaration is not given an explicit value.   [GET_DATA]
    subroutine mpp_transmit_int8_5d( put_data, put_len, to_pe, get_data, get_len, from_pe )
---------------------------------------------------------------^
/central/groups/esm/lenka/GFDL_idealized_GCM_Caltech/idealized/src/shared/mpp/include/mpp_transmit.inc(75): warning #6843: A dummy argument with an explicit INTENT(OUT) declaration is not given an explicit value.   [GET_DATA]
    subroutine mpp_transmit_int8_4d( put_data, put_len, to_pe, get_data, get_len, from_pe )
---------------------------------------------------------------^
/central/groups/esm/lenka/GFDL_idealized_GCM_Caltech/idealized/src/shared/mpp/include/mpp_transmit.inc(55): warning #6843: A dummy argument with an explicit INTENT(OUT) declaration is not given an explicit value.   [GET_DATA]
    subroutine mpp_transmit_int8_3d( put_data, put_len, to_pe, get_data, get_len, from_pe )
---------------------------------------------------------------^
/central/groups/esm/lenka/GFDL_idealized_GCM_Caltech/idealized/src/shared/mpp/include/mpp_transmit.inc(35): warning #6843: A dummy argument with an explicit INTENT(OUT) declaration is not given an explicit value.   [GET_DATA]
    subroutine mpp_transmit_int8_2d( put_data, put_len, to_pe, get_data, get_len, from_pe )
---------------------------------------------------------------^
/central/groups/esm/lenka/GFDL_idealized_GCM_Caltech/idealized/src/shared/mpp/include/mpp_transmit.inc(11): warning #6843: A dummy argument with an explicit INTENT(OUT) declaration is not given an explicit value.   [GET_DATA]
    subroutine mpp_transmit_int8_scalar( put_data, to_pe, get_data, from_pe, plen, glen)
----------------------------------------------------------^
/central/groups/esm/lenka/GFDL_idealized_GCM_Caltech/idealized/src/shared/mpp/include/mpp_transmit.inc(136): warning #6843: A dummy argument with an explicit INTENT(OUT) declaration is not given an explicit value.   [GET_DATA]
    subroutine mpp_recv_cmplx4_scalar( get_data, from_pe, glen )
---------------------------------------^
/central/groups/esm/lenka/GFDL_idealized_GCM_Caltech/idealized/src/shared/mpp/include/mpp_transmit.inc(95): warning #6843: A dummy argument with an explicit INTENT(OUT) declaration is not given an explicit value.   [GET_DATA]
    subroutine mpp_transmit_cmplx4_5d( put_data, put_len, to_pe, get_data, get_len, from_pe )
-----------------------------------------------------------------^
/central/groups/esm/lenka/GFDL_idealized_GCM_Caltech/idealized/src/shared/mpp/include/mpp_transmit.inc(75): warning #6843: A dummy argument with an explicit INTENT(OUT) declaration is not given an explicit value.   [GET_DATA]
    subroutine mpp_transmit_cmplx4_4d( put_data, put_len, to_pe, get_data, get_len, from_pe )
-----------------------------------------------------------------^
/central/groups/esm/lenka/GFDL_idealized_GCM_Caltech/idealized/src/shared/mpp/include/mpp_transmit.inc(55): warning #6843: A dummy argument with an explicit INTENT(OUT) declaration is not given an explicit value.   [GET_DATA]
    subroutine mpp_transmit_cmplx4_3d( put_data, put_len, to_pe, get_data, get_len, from_pe )
-----------------------------------------------------------------^
/central/groups/esm/lenka/GFDL_idealized_GCM_Caltech/idealized/src/shared/mpp/include/mpp_transmit.inc(35): warning #6843: A dummy argument with an explicit INTENT(OUT) declaration is not given an explicit value.   [GET_DATA]
    subroutine mpp_transmit_cmplx4_2d( put_data, put_len, to_pe, get_data, get_len, from_pe )
-----------------------------------------------------------------^
/central/groups/esm/lenka/GFDL_idealized_GCM_Caltech/idealized/src/shared/mpp/include/mpp_transmit.inc(11): warning #6843: A dummy argument with an explicit INTENT(OUT) declaration is not given an explicit value.   [GET_DATA]
    subroutine mpp_transmit_cmplx4_scalar( put_data, to_pe, get_data, from_pe, plen, glen)
------------------------------------------------------------^
/central/groups/esm/lenka/GFDL_idealized_GCM_Caltech/idealized/src/shared/mpp/include/mpp_transmit.inc(136): warning #6843: A dummy argument with an explicit INTENT(OUT) declaration is not given an explicit value.   [GET_DATA]
    subroutine mpp_recv_real4_scalar( get_data, from_pe, glen )
--------------------------------------^
/central/groups/esm/lenka/GFDL_idealized_GCM_Caltech/idealized/src/shared/mpp/include/mpp_transmit.inc(95): warning #6843: A dummy argument with an explicit INTENT(OUT) declaration is not given an explicit value.   [GET_DATA]
    subroutine mpp_transmit_real4_5d( put_data, put_len, to_pe, get_data, get_len, from_pe )
----------------------------------------------------------------^
/central/groups/esm/lenka/GFDL_idealized_GCM_Caltech/idealized/src/shared/mpp/include/mpp_transmit.inc(75): warning #6843: A dummy argument with an explicit INTENT(OUT) declaration is not given an explicit value.   [GET_DATA]
    subroutine mpp_transmit_real4_4d( put_data, put_len, to_pe, get_data, get_len, from_pe )
----------------------------------------------------------------^
/central/groups/esm/lenka/GFDL_idealized_GCM_Caltech/idealized/src/shared/mpp/include/mpp_transmit.inc(55): warning #6843: A dummy argument with an explicit INTENT(OUT) declaration is not given an explicit value.   [GET_DATA]
    subroutine mpp_transmit_real4_3d( put_data, put_len, to_pe, get_data, get_len, from_pe )
----------------------------------------------------------------^
/central/groups/esm/lenka/GFDL_idealized_GCM_Caltech/idealized/src/shared/mpp/include/mpp_transmit.inc(35): warning #6843: A dummy argument with an explicit INTENT(OUT) declaration is not given an explicit value.   [GET_DATA]
    subroutine mpp_transmit_real4_2d( put_data, put_len, to_pe, get_data, get_len, from_pe )
----------------------------------------------------------------^
/central/groups/esm/lenka/GFDL_idealized_GCM_Caltech/idealized/src/shared/mpp/include/mpp_transmit.inc(11): warning #6843: A dummy argument with an explicit INTENT(OUT) declaration is not given an explicit value.   [GET_DATA]
    subroutine mpp_transmit_real4_scalar( put_data, to_pe, get_data, from_pe, plen, glen)
-----------------------------------------------------------^
/central/groups/esm/lenka/GFDL_idealized_GCM_Caltech/idealized/src/shared/mpp/include/mpp_transmit.inc(136): warning #6843: A dummy argument with an explicit INTENT(OUT) declaration is not given an explicit value.   [GET_DATA]
    subroutine mpp_recv_cmplx8_scalar( get_data, from_pe, glen )
---------------------------------------^
/central/groups/esm/lenka/GFDL_idealized_GCM_Caltech/idealized/src/shared/mpp/include/mpp_transmit.inc(95): warning #6843: A dummy argument with an explicit INTENT(OUT) declaration is not given an explicit value.   [GET_DATA]
    subroutine mpp_transmit_cmplx8_5d( put_data, put_len, to_pe, get_data, get_len, from_pe )
-----------------------------------------------------------------^
/central/groups/esm/lenka/GFDL_idealized_GCM_Caltech/idealized/src/shared/mpp/include/mpp_transmit.inc(75): warning #6843: A dummy argument with an explicit INTENT(OUT) declaration is not given an explicit value.   [GET_DATA]
    subroutine mpp_transmit_cmplx8_4d( put_data, put_len, to_pe, get_data, get_len, from_pe )
-----------------------------------------------------------------^
/central/groups/esm/lenka/GFDL_idealized_GCM_Caltech/idealized/src/shared/mpp/include/mpp_transmit.inc(55): warning #6843: A dummy argument with an explicit INTENT(OUT) declaration is not given an explicit value.   [GET_DATA]
    subroutine mpp_transmit_cmplx8_3d( put_data, put_len, to_pe, get_data, get_len, from_pe )
-----------------------------------------------------------------^
/central/groups/esm/lenka/GFDL_idealized_GCM_Caltech/idealized/src/shared/mpp/include/mpp_transmit.inc(35): warning #6843: A dummy argument with an explicit INTENT(OUT) declaration is not given an explicit value.   [GET_DATA]
    subroutine mpp_transmit_cmplx8_2d( put_data, put_len, to_pe, get_data, get_len, from_pe )
-----------------------------------------------------------------^
/central/groups/esm/lenka/GFDL_idealized_GCM_Caltech/idealized/src/shared/mpp/include/mpp_transmit.inc(11): warning #6843: A dummy argument with an explicit INTENT(OUT) declaration is not given an explicit value.   [GET_DATA]
    subroutine mpp_transmit_cmplx8_scalar( put_data, to_pe, get_data, from_pe, plen, glen)
------------------------------------------------------------^
/central/groups/esm/lenka/GFDL_idealized_GCM_Caltech/idealized/src/shared/mpp/include/mpp_transmit.inc(136): warning #6843: A dummy argument with an explicit INTENT(OUT) declaration is not given an explicit value.   [GET_DATA]
    subroutine mpp_recv_real8_scalar( get_data, from_pe, glen )
--------------------------------------^
/central/groups/esm/lenka/GFDL_idealized_GCM_Caltech/idealized/src/shared/mpp/include/mpp_transmit.inc(95): warning #6843: A dummy argument with an explicit INTENT(OUT) declaration is not given an explicit value.   [GET_DATA]
    subroutine mpp_transmit_real8_5d( put_data, put_len, to_pe, get_data, get_len, from_pe )
----------------------------------------------------------------^
/central/groups/esm/lenka/GFDL_idealized_GCM_Caltech/idealized/src/shared/mpp/include/mpp_transmit.inc(75): warning #6843: A dummy argument with an explicit INTENT(OUT) declaration is not given an explicit value.   [GET_DATA]
    subroutine mpp_transmit_real8_4d( put_data, put_len, to_pe, get_data, get_len, from_pe )
----------------------------------------------------------------^
/central/groups/esm/lenka/GFDL_idealized_GCM_Caltech/idealized/src/shared/mpp/include/mpp_transmit.inc(55): warning #6843: A dummy argument with an explicit INTENT(OUT) declaration is not given an explicit value.   [GET_DATA]
    subroutine mpp_transmit_real8_3d( put_data, put_len, to_pe, get_data, get_len, from_pe )
----------------------------------------------------------------^
/central/groups/esm/lenka/GFDL_idealized_GCM_Caltech/idealized/src/shared/mpp/include/mpp_transmit.inc(35): warning #6843: A dummy argument with an explicit INTENT(OUT) declaration is not given an explicit value.   [GET_DATA]
    subroutine mpp_transmit_real8_2d( put_data, put_len, to_pe, get_data, get_len, from_pe )
----------------------------------------------------------------^
/central/groups/esm/lenka/GFDL_idealized_GCM_Caltech/idealized/src/shared/mpp/include/mpp_transmit.inc(11): warning #6843: A dummy argument with an explicit INTENT(OUT) declaration is not given an explicit value.   [GET_DATA]
    subroutine mpp_transmit_real8_scalar( put_data, to_pe, get_data, from_pe, plen, glen)
-----------------------------------------------------------^
/central/groups/esm/lenka/GFDL_idealized_GCM_Caltech/idealized/src/shared/mpp/include/mpp_global_field.h(89): warning #6843: A dummy argument with an explicit INTENT(OUT) declaration is not given an explicit value.   [GLOBAL]
    subroutine mpp_global_field2D_l4_5d( domain, local, global, flags, new, dc_handle )
--------------------------------------------------------^
/central/groups/esm/lenka/GFDL_idealized_GCM_Caltech/idealized/src/shared/mpp/include/mpp_global_field.h(66): warning #6843: A dummy argument with an explicit INTENT(OUT) declaration is not given an explicit value.   [GLOBAL]
    subroutine mpp_global_field2D_l4_4d( domain, local, global, flags, new, dc_handle )
--------------------------------------------------------^
/central/groups/esm/lenka/GFDL_idealized_GCM_Caltech/idealized/src/shared/mpp/include/mpp_global_field.h(1): warning #6843: A dummy argument with an explicit INTENT(OUT) declaration is not given an explicit value.   [GLOBAL]
    subroutine mpp_global_field2D_l4_2d( domain, local, global, flags, new, dc_handle)
--------------------------------------------------------^
/central/groups/esm/lenka/GFDL_idealized_GCM_Caltech/idealized/src/shared/mpp/include/mpp_global_field.h(89): warning #6843: A dummy argument with an explicit INTENT(OUT) declaration is not given an explicit value.   [GLOBAL]
    subroutine mpp_global_field2D_i4_5d( domain, local, global, flags, new, dc_handle )
--------------------------------------------------------^
/central/groups/esm/lenka/GFDL_idealized_GCM_Caltech/idealized/src/shared/mpp/include/mpp_global_field.h(66): warning #6843: A dummy argument with an explicit INTENT(OUT) declaration is not given an explicit value.   [GLOBAL]
    subroutine mpp_global_field2D_i4_4d( domain, local, global, flags, new, dc_handle )
--------------------------------------------------------^
/central/groups/esm/lenka/GFDL_idealized_GCM_Caltech/idealized/src/shared/mpp/include/mpp_global_field.h(1): warning #6843: A dummy argument with an explicit INTENT(OUT) declaration is not given an explicit value.   [GLOBAL]
    subroutine mpp_global_field2D_i4_2d( domain, local, global, flags, new, dc_handle)
--------------------------------------------------------^
/central/groups/esm/lenka/GFDL_idealized_GCM_Caltech/idealized/src/shared/mpp/include/mpp_global_field.h(89): warning #6843: A dummy argument with an explicit INTENT(OUT) declaration is not given an explicit value.   [GLOBAL]
    subroutine mpp_global_field2D_c4_5d( domain, local, global, flags, new, dc_handle )
--------------------------------------------------------^
/central/groups/esm/lenka/GFDL_idealized_GCM_Caltech/idealized/src/shared/mpp/include/mpp_global_field.h(66): warning #6843: A dummy argument with an explicit INTENT(OUT) declaration is not given an explicit value.   [GLOBAL]
    subroutine mpp_global_field2D_c4_4d( domain, local, global, flags, new, dc_handle )
--------------------------------------------------------^
/central/groups/esm/lenka/GFDL_idealized_GCM_Caltech/idealized/src/shared/mpp/include/mpp_global_field.h(1): warning #6843: A dummy argument with an explicit INTENT(OUT) declaration is not given an explicit value.   [GLOBAL]
    subroutine mpp_global_field2D_c4_2d( domain, local, global, flags, new, dc_handle)
--------------------------------------------------------^
/central/groups/esm/lenka/GFDL_idealized_GCM_Caltech/idealized/src/shared/mpp/include/mpp_global_field.h(89): warning #6843: A dummy argument with an explicit INTENT(OUT) declaration is not given an explicit value.   [GLOBAL]
    subroutine mpp_global_field2D_r4_5d( domain, local, global, flags, new, dc_handle )
--------------------------------------------------------^
/central/groups/esm/lenka/GFDL_idealized_GCM_Caltech/idealized/src/shared/mpp/include/mpp_global_field.h(66): warning #6843: A dummy argument with an explicit INTENT(OUT) declaration is not given an explicit value.   [GLOBAL]
    subroutine mpp_global_field2D_r4_4d( domain, local, global, flags, new, dc_handle )
--------------------------------------------------------^
/central/groups/esm/lenka/GFDL_idealized_GCM_Caltech/idealized/src/shared/mpp/include/mpp_global_field.h(1): warning #6843: A dummy argument with an explicit INTENT(OUT) declaration is not given an explicit value.   [GLOBAL]
    subroutine mpp_global_field2D_r4_2d( domain, local, global, flags, new, dc_handle)
--------------------------------------------------------^
/central/groups/esm/lenka/GFDL_idealized_GCM_Caltech/idealized/src/shared/mpp/include/mpp_global_field.h(89): warning #6843: A dummy argument with an explicit INTENT(OUT) declaration is not given an explicit value.   [GLOBAL]
    subroutine mpp_global_field2D_l8_5d( domain, local, global, flags, new, dc_handle )
--------------------------------------------------------^
/central/groups/esm/lenka/GFDL_idealized_GCM_Caltech/idealized/src/shared/mpp/include/mpp_global_field.h(66): warning #6843: A dummy argument with an explicit INTENT(OUT) declaration is not given an explicit value.   [GLOBAL]
    subroutine mpp_global_field2D_l8_4d( domain, local, global, flags, new, dc_handle )
--------------------------------------------------------^
/central/groups/esm/lenka/GFDL_idealized_GCM_Caltech/idealized/src/shared/mpp/include/mpp_global_field.h(1): warning #6843: A dummy argument with an explicit INTENT(OUT) declaration is not given an explicit value.   [GLOBAL]
    subroutine mpp_global_field2D_l8_2d( domain, local, global, flags, new, dc_handle)
--------------------------------------------------------^
/central/groups/esm/lenka/GFDL_idealized_GCM_Caltech/idealized/src/shared/mpp/include/mpp_global_field.h(89): warning #6843: A dummy argument with an explicit INTENT(OUT) declaration is not given an explicit value.   [GLOBAL]
    subroutine mpp_global_field2D_i8_5d( domain, local, global, flags, new, dc_handle )
--------------------------------------------------------^
/central/groups/esm/lenka/GFDL_idealized_GCM_Caltech/idealized/src/shared/mpp/include/mpp_global_field.h(66): warning #6843: A dummy argument with an explicit INTENT(OUT) declaration is not given an explicit value.   [GLOBAL]
    subroutine mpp_global_field2D_i8_4d( domain, local, global, flags, new, dc_handle )
--------------------------------------------------------^
/central/groups/esm/lenka/GFDL_idealized_GCM_Caltech/idealized/src/shared/mpp/include/mpp_global_field.h(1): warning #6843: A dummy argument with an explicit INTENT(OUT) declaration is not given an explicit value.   [GLOBAL]
    subroutine mpp_global_field2D_i8_2d( domain, local, global, flags, new, dc_handle)
--------------------------------------------------------^
/central/groups/esm/lenka/GFDL_idealized_GCM_Caltech/idealized/src/shared/mpp/include/mpp_global_field.h(89): warning #6843: A dummy argument with an explicit INTENT(OUT) declaration is not given an explicit value.   [GLOBAL]
    subroutine mpp_global_field2D_c8_5d( domain, local, global, flags, new, dc_handle )
--------------------------------------------------------^
/central/groups/esm/lenka/GFDL_idealized_GCM_Caltech/idealized/src/shared/mpp/include/mpp_global_field.h(66): warning #6843: A dummy argument with an explicit INTENT(OUT) declaration is not given an explicit value.   [GLOBAL]
    subroutine mpp_global_field2D_c8_4d( domain, local, global, flags, new, dc_handle )
--------------------------------------------------------^
/central/groups/esm/lenka/GFDL_idealized_GCM_Caltech/idealized/src/shared/mpp/include/mpp_global_field.h(1): warning #6843: A dummy argument with an explicit INTENT(OUT) declaration is not given an explicit value.   [GLOBAL]
    subroutine mpp_global_field2D_c8_2d( domain, local, global, flags, new, dc_handle)
--------------------------------------------------------^
/central/groups/esm/lenka/GFDL_idealized_GCM_Caltech/idealized/src/shared/mpp/include/mpp_global_field.h(89): warning #6843: A dummy argument with an explicit INTENT(OUT) declaration is not given an explicit value.   [GLOBAL]
    subroutine mpp_global_field2D_r8_5d( domain, local, global, flags, new, dc_handle )
--------------------------------------------------------^
/central/groups/esm/lenka/GFDL_idealized_GCM_Caltech/idealized/src/shared/mpp/include/mpp_global_field.h(66): warning #6843: A dummy argument with an explicit INTENT(OUT) declaration is not given an explicit value.   [GLOBAL]
    subroutine mpp_global_field2D_r8_4d( domain, local, global, flags, new, dc_handle )
--------------------------------------------------------^
/central/groups/esm/lenka/GFDL_idealized_GCM_Caltech/idealized/src/shared/mpp/include/mpp_global_field.h(1): warning #6843: A dummy argument with an explicit INTENT(OUT) declaration is not given an explicit value.   [GLOBAL]
    subroutine mpp_global_field2D_r8_2d( domain, local, global, flags, new, dc_handle)
--------------------------------------------------------^
/central/groups/esm/lenka/GFDL_idealized_GCM_Caltech/idealized/src/shared/mpp/include/mpp_update_domains2D.h(299): warning #6843: A dummy argument with an explicit INTENT(OUT) declaration is not given an explicit value.   [FIELD_OUT]
    subroutine mpp_redistribute_l4_5D( domain_in, field_in, domain_out, field_out, complete, free, list_size, dc_handle, position )
------------------------------------------------------------------------^
/central/groups/esm/lenka/GFDL_idealized_GCM_Caltech/idealized/src/shared/mpp/include/mpp_update_domains2D.h(274): warning #6843: A dummy argument with an explicit INTENT(OUT) declaration is not given an explicit value.   [FIELD_OUT]
    subroutine mpp_redistribute_l4_4D( domain_in, field_in, domain_out, field_out, complete, free, list_size, dc_handle, position )
------------------------------------------------------------------------^
/central/groups/esm/lenka/GFDL_idealized_GCM_Caltech/idealized/src/shared/mpp/include/mpp_update_domains2D.h(151): warning #6843: A dummy argument with an explicit INTENT(OUT) declaration is not given an explicit value.   [FIELD_OUT]
    subroutine mpp_redistribute_l4_2D( domain_in, field_in, domain_out, field_out, complete, free, list_size, dc_handle, position )
------------------------------------------------------------------------^
/central/groups/esm/lenka/GFDL_idealized_GCM_Caltech/idealized/src/shared/mpp/include/mpp_update_domains2D.h(299): warning #6843: A dummy argument with an explicit INTENT(OUT) declaration is not given an explicit value.   [FIELD_OUT]
    subroutine mpp_redistribute_i4_5D( domain_in, field_in, domain_out, field_out, complete, free, list_size, dc_handle, position )
------------------------------------------------------------------------^
/central/groups/esm/lenka/GFDL_idealized_GCM_Caltech/idealized/src/shared/mpp/include/mpp_update_domains2D.h(274): warning #6843: A dummy argument with an explicit INTENT(OUT) declaration is not given an explicit value.   [FIELD_OUT]
    subroutine mpp_redistribute_i4_4D( domain_in, field_in, domain_out, field_out, complete, free, list_size, dc_handle, position )
------------------------------------------------------------------------^
/central/groups/esm/lenka/GFDL_idealized_GCM_Caltech/idealized/src/shared/mpp/include/mpp_update_domains2D.h(151): warning #6843: A dummy argument with an explicit INTENT(OUT) declaration is not given an explicit value.   [FIELD_OUT]
    subroutine mpp_redistribute_i4_2D( domain_in, field_in, domain_out, field_out, complete, free, list_size, dc_handle, position )
------------------------------------------------------------------------^
/central/groups/esm/lenka/GFDL_idealized_GCM_Caltech/idealized/src/shared/mpp/include/mpp_update_domains2D.h(299): warning #6843: A dummy argument with an explicit INTENT(OUT) declaration is not given an explicit value.   [FIELD_OUT]
    subroutine mpp_redistribute_c4_5D( domain_in, field_in, domain_out, field_out, complete, free, list_size, dc_handle, position )
------------------------------------------------------------------------^
/central/groups/esm/lenka/GFDL_idealized_GCM_Caltech/idealized/src/shared/mpp/include/mpp_update_domains2D.h(274): warning #6843: A dummy argument with an explicit INTENT(OUT) declaration is not given an explicit value.   [FIELD_OUT]
    subroutine mpp_redistribute_c4_4D( domain_in, field_in, domain_out, field_out, complete, free, list_size, dc_handle, position )
------------------------------------------------------------------------^
/central/groups/esm/lenka/GFDL_idealized_GCM_Caltech/idealized/src/shared/mpp/include/mpp_update_domains2D.h(151): warning #6843: A dummy argument with an explicit INTENT(OUT) declaration is not given an explicit value.   [FIELD_OUT]
    subroutine mpp_redistribute_c4_2D( domain_in, field_in, domain_out, field_out, complete, free, list_size, dc_handle, position )
------------------------------------------------------------------------^
/central/groups/esm/lenka/GFDL_idealized_GCM_Caltech/idealized/src/shared/mpp/include/mpp_update_domains2D.h(299): warning #6843: A dummy argument with an explicit INTENT(OUT) declaration is not given an explicit value.   [FIELD_OUT]
    subroutine mpp_redistribute_r4_5D( domain_in, field_in, domain_out, field_out, complete, free, list_size, dc_handle, position )
------------------------------------------------------------------------^
/central/groups/esm/lenka/GFDL_idealized_GCM_Caltech/idealized/src/shared/mpp/include/mpp_update_domains2D.h(274): warning #6843: A dummy argument with an explicit INTENT(OUT) declaration is not given an explicit value.   [FIELD_OUT]
    subroutine mpp_redistribute_r4_4D( domain_in, field_in, domain_out, field_out, complete, free, list_size, dc_handle, position )
------------------------------------------------------------------------^
/central/groups/esm/lenka/GFDL_idealized_GCM_Caltech/idealized/src/shared/mpp/include/mpp_update_domains2D.h(151): warning #6843: A dummy argument with an explicit INTENT(OUT) declaration is not given an explicit value.   [FIELD_OUT]
    subroutine mpp_redistribute_r4_2D( domain_in, field_in, domain_out, field_out, complete, free, list_size, dc_handle, position )
------------------------------------------------------------------------^
/central/groups/esm/lenka/GFDL_idealized_GCM_Caltech/idealized/src/shared/mpp/include/mpp_update_domains2D.h(299): warning #6843: A dummy argument with an explicit INTENT(OUT) declaration is not given an explicit value.   [FIELD_OUT]
    subroutine mpp_redistribute_l8_5D( domain_in, field_in, domain_out, field_out, complete, free, list_size, dc_handle, position )
------------------------------------------------------------------------^
/central/groups/esm/lenka/GFDL_idealized_GCM_Caltech/idealized/src/shared/mpp/include/mpp_update_domains2D.h(274): warning #6843: A dummy argument with an explicit INTENT(OUT) declaration is not given an explicit value.   [FIELD_OUT]
    subroutine mpp_redistribute_l8_4D( domain_in, field_in, domain_out, field_out, complete, free, list_size, dc_handle, position )
------------------------------------------------------------------------^
/central/groups/esm/lenka/GFDL_idealized_GCM_Caltech/idealized/src/shared/mpp/include/mpp_update_domains2D.h(151): warning #6843: A dummy argument with an explicit INTENT(OUT) declaration is not given an explicit value.   [FIELD_OUT]
    subroutine mpp_redistribute_l8_2D( domain_in, field_in, domain_out, field_out, complete, free, list_size, dc_handle, position )
------------------------------------------------------------------------^
/central/groups/esm/lenka/GFDL_idealized_GCM_Caltech/idealized/src/shared/mpp/include/mpp_update_domains2D.h(299): warning #6843: A dummy argument with an explicit INTENT(OUT) declaration is not given an explicit value.   [FIELD_OUT]
    subroutine mpp_redistribute_i8_5D( domain_in, field_in, domain_out, field_out, complete, free, list_size, dc_handle, position )
------------------------------------------------------------------------^
/central/groups/esm/lenka/GFDL_idealized_GCM_Caltech/idealized/src/shared/mpp/include/mpp_update_domains2D.h(274): warning #6843: A dummy argument with an explicit INTENT(OUT) declaration is not given an explicit value.   [FIELD_OUT]
    subroutine mpp_redistribute_i8_4D( domain_in, field_in, domain_out, field_out, complete, free, list_size, dc_handle, position )
------------------------------------------------------------------------^
/central/groups/esm/lenka/GFDL_idealized_GCM_Caltech/idealized/src/shared/mpp/include/mpp_update_domains2D.h(151): warning #6843: A dummy argument with an explicit INTENT(OUT) declaration is not given an explicit value.   [FIELD_OUT]
    subroutine mpp_redistribute_i8_2D( domain_in, field_in, domain_out, field_out, complete, free, list_size, dc_handle, position )
------------------------------------------------------------------------^
/central/groups/esm/lenka/GFDL_idealized_GCM_Caltech/idealized/src/shared/mpp/include/mpp_update_domains2D.h(299): warning #6843: A dummy argument with an explicit INTENT(OUT) declaration is not given an explicit value.   [FIELD_OUT]
    subroutine mpp_redistribute_c8_5D( domain_in, field_in, domain_out, field_out, complete, free, list_size, dc_handle, position )
------------------------------------------------------------------------^
/central/groups/esm/lenka/GFDL_idealized_GCM_Caltech/idealized/src/shared/mpp/include/mpp_update_domains2D.h(274): warning #6843: A dummy argument with an explicit INTENT(OUT) declaration is not given an explicit value.   [FIELD_OUT]
    subroutine mpp_redistribute_c8_4D( domain_in, field_in, domain_out, field_out, complete, free, list_size, dc_handle, position )
------------------------------------------------------------------------^
/central/groups/esm/lenka/GFDL_idealized_GCM_Caltech/idealized/src/shared/mpp/include/mpp_update_domains2D.h(151): warning #6843: A dummy argument with an explicit INTENT(OUT) declaration is not given an explicit value.   [FIELD_OUT]
    subroutine mpp_redistribute_c8_2D( domain_in, field_in, domain_out, field_out, complete, free, list_size, dc_handle, position )
------------------------------------------------------------------------^
/central/groups/esm/lenka/GFDL_idealized_GCM_Caltech/idealized/src/shared/mpp/include/mpp_update_domains2D.h(299): warning #6843: A dummy argument with an explicit INTENT(OUT) declaration is not given an explicit value.   [FIELD_OUT]
    subroutine mpp_redistribute_r8_5D( domain_in, field_in, domain_out, field_out, complete, free, list_size, dc_handle, position )
------------------------------------------------------------------------^
/central/groups/esm/lenka/GFDL_idealized_GCM_Caltech/idealized/src/shared/mpp/include/mpp_update_domains2D.h(274): warning #6843: A dummy argument with an explicit INTENT(OUT) declaration is not given an explicit value.   [FIELD_OUT]
    subroutine mpp_redistribute_r8_4D( domain_in, field_in, domain_out, field_out, complete, free, list_size, dc_handle, position )
------------------------------------------------------------------------^
/central/groups/esm/lenka/GFDL_idealized_GCM_Caltech/idealized/src/shared/mpp/include/mpp_update_domains2D.h(151): warning #6843: A dummy argument with an explicit INTENT(OUT) declaration is not given an explicit value.   [FIELD_OUT]
    subroutine mpp_redistribute_r8_2D( domain_in, field_in, domain_out, field_out, complete, free, list_size, dc_handle, position )
------------------------------------------------------------------------^
/central/groups/esm/lenka/GFDL_idealized_GCM_Caltech/idealized/src/shared/mpp/include/mpp_io_misc.inc(160): warning #7532: The number of arguments is incompatible with intrinsic procedure, assume 'external'.   [FLUSH]
         if( mpp_file(unit)%opened )call FLUSH(unit,istat)
-----------------------------------------^
/central/groups/esm/lenka/GFDL_idealized_GCM_Caltech/idealized/src/shared/mpp/include/mpp_io_util.inc(380): warning #6843: A dummy argument with an explicit INTENT(OUT) declaration is not given an explicit value.   [IOSPEC]
    subroutine mpp_get_iospec( unit, iospec )
-------------------------------------^
/central/groups/esm/lenka/GFDL_idealized_GCM_Caltech/idealized/src/shared/tracer_manager/tracer_manager.F90(1115): remark #8291: Recommended relationship between field width 'W' and the number of fractional digits 'D' in this edit descriptor is 'W>=D+7'.
901 FORMAT(E12.6,1x,E12.6)
------------^
/central/groups/esm/lenka/GFDL_idealized_GCM_Caltech/idealized/src/shared/tracer_manager/tracer_manager.F90(1115): remark #8291: Recommended relationship between field width 'W' and the number of fractional digits 'D' in this edit descriptor is 'W>=D+7'.
901 FORMAT(E12.6,1x,E12.6)
---------------------^
/central/groups/esm/lenka/GFDL_idealized_GCM_Caltech/idealized/src/shared/tracer_manager/tracer_manager.F90(1114): remark #8291: Recommended relationship between field width 'W' and the number of fractional digits 'D' in this edit descriptor is 'W>=D+7'.
900 FORMAT(A,2(1x,E12.6))
-------------------^
/central/groups/esm/lenka/GFDL_idealized_GCM_Caltech/idealized/src/shared/tracer_manager/tracer_manager.F90(1867): remark #8291: Recommended relationship between field width 'W' and the number of fractional digits 'D' in this edit descriptor is 'W>=D+7'.
  700 FORMAT (3A,E12.6,A,F10.6)
------------------^
/central/groups/esm/lenka/GFDL_idealized_GCM_Caltech/idealized/src/atmos_param/tapio_forcing/grid_physics_simple.f90(138): remark #8291: Recommended relationship between field width 'W' and the number of fractional digits 'D' in this edit descriptor is 'W>=D+7'.
20  format(1x,a,1x,e8.2,1x,a)
--------------------^
/central/groups/esm/lenka/GFDL_idealized_GCM_Caltech/idealized/src/coupler/surface_flux.f90(280): warning #6843: A dummy argument with an explicit INTENT(OUT) declaration is not given an explicit value.   [DEDQ_SURF_0]
     dhdt_surf_0, dedt_surf_0,  dedq_surf_0,  drdt_surf_0,                   &
--------------------------------^
/central/groups/esm/lenka/GFDL_idealized_GCM_Caltech/idealized/src/shared/memutils/memuse.c(36): warning #47: incompatible redefinition of macro "RUSAGE_SELF" (declared at line 162 of "/usr/include/bits/resource.h")
  #define RUSAGE_SELF      0         /* calling process */
          ^

/central/groups/esm/lenka/GFDL_idealized_GCM_Caltech/idealized/src/shared/memutils/memuse.c(37): warning #47: incompatible redefinition of macro "RUSAGE_CHILDREN" (declared at line 166 of "/usr/include/bits/resource.h")
  #define RUSAGE_CHILDREN  -1        /* terminated child processes */
          ^

cd /central/scratch/elencz/caltech_fms_idealized/hs_control/hs_control_num_fourier_63_num_num_spherical_64_lon_max_192_lat_max_96_num_levels_30_include_surface_flux_.false._turb_.false._damping_coeff_0.0_dt_atmos_2400/workdir/INPUT
if ( !=  ) then
set ocean_mask = ocean_mask_T42.nc
if ( -e /central/groups/esm/lenka/GFDL_idealized_GCM_Caltech/exp/hs_control/input/ocean_mask_T42.nc ) then
while ( 1 < = 1 )
cd /central/scratch/elencz/caltech_fms_idealized/hs_control/hs_control_num_fourier_63_num_num_spherical_64_lon_max_192_lat_max_96_num_levels_30_include_surface_flux_.false._turb_.false._damping_coeff_0.0_dt_atmos_2400/workdir
if ( 1 == 1 && 1 == 1 ) then
cat
else
if ( dry == dry ) then
cat
else if ( dry == moist ) then
cat
endif
cat /central/groups/esm/lenka/GFDL_idealized_GCM_Caltech/exp/hs_control/input/namelists_dry
cp /central/groups/esm/lenka/GFDL_idealized_GCM_Caltech/exp/hs_control/input/diag_table_dry_3d diag_table
cp /central/groups/esm/lenka/GFDL_idealized_GCM_Caltech/exp/hs_control/input/field_table_dry field_table
cp /central/scratch/elencz/caltech_fms_idealized/hs_control/hs_control_num_fourier_63_num_num_spherical_64_lon_max_192_lat_max_96_num_levels_30_include_surface_flux_.false._turb_.false._damping_coeff_0.0_dt_atmos_2400/workdir/exe.fms/fms.x fms.x
cp input.nml /central/scratch/elencz/caltech_fms_idealized/hs_control/hs_control_num_fourier_63_num_num_spherical_64_lon_max_192_lat_max_96_num_levels_30_include_surface_flux_.false._turb_.false._damping_coeff_0.0_dt_atmos_2400/workdir
cp: input.nml and /central/scratch/elencz/caltech_fms_idealized/hs_control/hs_control_num_fourier_63_num_num_spherical_64_lon_max_192_lat_max_96_num_levels_30_include_surface_flux_.false._turb_.false._damping_coeff_0.0_dt_atmos_2400/workdir/input.nml are the same file
set MX_RCACHE=2
srun /central/scratch/elencz/caltech_fms_idealized/hs_control/hs_control_num_fourier_63_num_num_spherical_64_lon_max_192_lat_max_96_num_levels_30_include_surface_flux_.false._turb_.false._damping_coeff_0.0_dt_atmos_2400/workdir/fms.x

WARNING from PE    0: Namelist mix_snapshot_average_fields = true will cause ERROR in time coordinates of all time_averaged fields. Strongly recommend mix_snapshot_average_fields = false


WARNING from PE    0: diag_util opening_file: module/field_name grid_physics/tdt_total_grid_physics NOT registered, ALL fields should be registered BEFORE the first send_data


WARNING from PE    0: diag_util opening_file: module/field_name dry_convection/dt_tg NOT registered, ALL fields should be registered BEFORE the first send_data


WARNING from PE    0: diag_util opening_file: module/field_name atmosphere/dt_tg_diffusion NOT registered, ALL fields should be registered BEFORE the first send_data


FATAL from PE   23: spectral_dynamics: temperatures out of valid range


FATAL from PE   24: spectral_dynamics: temperatures out of valid range


FATAL from PE   25: spectral_dynamics: temperatures out of valid range

application called MPI_Abort(MPI_COMM_WORLD, 1) - process 23
application called MPI_Abort(MPI_COMM_WORLD, 1) - process 24
application called MPI_Abort(MPI_COMM_WORLD, 1) - process 25
srun: Job step aborted: Waiting up to 32 seconds for job step to finish.
slurmstepd: error: *** STEP 18338302.0 ON hpc-23-19 CANCELLED AT 2021-11-16T09:25:42 ***
slurmstepd: error: *** STEP 18338302.0 ON hpc-23-19 CANCELLED AT 2021-11-16T09:25:42 ***
srun: error: hpc-23-19: tasks 0-31: Killed
set date_name = `$time_stamp -eh`
/central/groups/esm/lenka/GFDL_idealized_GCM_Caltech/idealized/bin/time_stamp.csh -eh
if ( day1000h00 ==  ) set date_name = tmp`date '+%j%H%M%S'`
if ( -f time_stamp.out ) rm -f time_stamp.out
rm -f time_stamp.out
mkdir /central/scratch/elencz/caltech_fms_idealized/hs_control/hs_control_num_fourier_63_num_num_spherical_64_lon_max_192_lat_max_96_num_levels_30_include_surface_flux_.false._turb_.false._damping_coeff_0.0_dt_atmos_2400/output/combine/day1000h00
foreach ncfile ( `/bin/ls *.nc *.nc.????` )
/bin/ls 1xday.nc.0000 1xday.nc.0001 1xday.nc.0002 1xday.nc.0003 1xday.nc.0004 1xday.nc.0005 1xday.nc.0006 1xday.nc.0007 1xday.nc.0008 1xday.nc.0009 1xday.nc.0010 1xday.nc.0011 1xday.nc.0012 1xday.nc.0013 1xday.nc.0014 1xday.nc.0015 1xday.nc.0016 1xday.nc.0017 1xday.nc.0018 1xday.nc.0019 1xday.nc.0020 1xday.nc.0021 1xday.nc.0022 1xday.nc.0023 1xday.nc.0024 1xday.nc.0025 1xday.nc.0026 1xday.nc.0027 1xday.nc.0028 1xday.nc.0029 1xday.nc.0030 1xday.nc.0031
mv 1xday.nc.0000 /central/scratch/elencz/caltech_fms_idealized/hs_control/hs_control_num_fourier_63_num_num_spherical_64_lon_max_192_lat_max_96_num_levels_30_include_surface_flux_.false._turb_.false._damping_coeff_0.0_dt_atmos_2400/output/combine/day1000h00/day1000h00.1xday.nc.0000
end
mv 1xday.nc.0001 /central/scratch/elencz/caltech_fms_idealized/hs_control/hs_control_num_fourier_63_num_num_spherical_64_lon_max_192_lat_max_96_num_levels_30_include_surface_flux_.false._turb_.false._damping_coeff_0.0_dt_atmos_2400/output/combine/day1000h00/day1000h00.1xday.nc.0001
end
mv 1xday.nc.0002 /central/scratch/elencz/caltech_fms_idealized/hs_control/hs_control_num_fourier_63_num_num_spherical_64_lon_max_192_lat_max_96_num_levels_30_include_surface_flux_.false._turb_.false._damping_coeff_0.0_dt_atmos_2400/output/combine/day1000h00/day1000h00.1xday.nc.0002
end
mv 1xday.nc.0003 /central/scratch/elencz/caltech_fms_idealized/hs_control/hs_control_num_fourier_63_num_num_spherical_64_lon_max_192_lat_max_96_num_levels_30_include_surface_flux_.false._turb_.false._damping_coeff_0.0_dt_atmos_2400/output/combine/day1000h00/day1000h00.1xday.nc.0003
end
mv 1xday.nc.0004 /central/scratch/elencz/caltech_fms_idealized/hs_control/hs_control_num_fourier_63_num_num_spherical_64_lon_max_192_lat_max_96_num_levels_30_include_surface_flux_.false._turb_.false._damping_coeff_0.0_dt_atmos_2400/output/combine/day1000h00/day1000h00.1xday.nc.0004
end
mv 1xday.nc.0005 /central/scratch/elencz/caltech_fms_idealized/hs_control/hs_control_num_fourier_63_num_num_spherical_64_lon_max_192_lat_max_96_num_levels_30_include_surface_flux_.false._turb_.false._damping_coeff_0.0_dt_atmos_2400/output/combine/day1000h00/day1000h00.1xday.nc.0005
end
mv 1xday.nc.0006 /central/scratch/elencz/caltech_fms_idealized/hs_control/hs_control_num_fourier_63_num_num_spherical_64_lon_max_192_lat_max_96_num_levels_30_include_surface_flux_.false._turb_.false._damping_coeff_0.0_dt_atmos_2400/output/combine/day1000h00/day1000h00.1xday.nc.0006
end
mv 1xday.nc.0007 /central/scratch/elencz/caltech_fms_idealized/hs_control/hs_control_num_fourier_63_num_num_spherical_64_lon_max_192_lat_max_96_num_levels_30_include_surface_flux_.false._turb_.false._damping_coeff_0.0_dt_atmos_2400/output/combine/day1000h00/day1000h00.1xday.nc.0007
end
mv 1xday.nc.0008 /central/scratch/elencz/caltech_fms_idealized/hs_control/hs_control_num_fourier_63_num_num_spherical_64_lon_max_192_lat_max_96_num_levels_30_include_surface_flux_.false._turb_.false._damping_coeff_0.0_dt_atmos_2400/output/combine/day1000h00/day1000h00.1xday.nc.0008
end
mv 1xday.nc.0009 /central/scratch/elencz/caltech_fms_idealized/hs_control/hs_control_num_fourier_63_num_num_spherical_64_lon_max_192_lat_max_96_num_levels_30_include_surface_flux_.false._turb_.false._damping_coeff_0.0_dt_atmos_2400/output/combine/day1000h00/day1000h00.1xday.nc.0009
end
mv 1xday.nc.0010 /central/scratch/elencz/caltech_fms_idealized/hs_control/hs_control_num_fourier_63_num_num_spherical_64_lon_max_192_lat_max_96_num_levels_30_include_surface_flux_.false._turb_.false._damping_coeff_0.0_dt_atmos_2400/output/combine/day1000h00/day1000h00.1xday.nc.0010
end
mv 1xday.nc.0011 /central/scratch/elencz/caltech_fms_idealized/hs_control/hs_control_num_fourier_63_num_num_spherical_64_lon_max_192_lat_max_96_num_levels_30_include_surface_flux_.false._turb_.false._damping_coeff_0.0_dt_atmos_2400/output/combine/day1000h00/day1000h00.1xday.nc.0011
end
mv 1xday.nc.0012 /central/scratch/elencz/caltech_fms_idealized/hs_control/hs_control_num_fourier_63_num_num_spherical_64_lon_max_192_lat_max_96_num_levels_30_include_surface_flux_.false._turb_.false._damping_coeff_0.0_dt_atmos_2400/output/combine/day1000h00/day1000h00.1xday.nc.0012
end
mv 1xday.nc.0013 /central/scratch/elencz/caltech_fms_idealized/hs_control/hs_control_num_fourier_63_num_num_spherical_64_lon_max_192_lat_max_96_num_levels_30_include_surface_flux_.false._turb_.false._damping_coeff_0.0_dt_atmos_2400/output/combine/day1000h00/day1000h00.1xday.nc.0013
end
mv 1xday.nc.0014 /central/scratch/elencz/caltech_fms_idealized/hs_control/hs_control_num_fourier_63_num_num_spherical_64_lon_max_192_lat_max_96_num_levels_30_include_surface_flux_.false._turb_.false._damping_coeff_0.0_dt_atmos_2400/output/combine/day1000h00/day1000h00.1xday.nc.0014
end
mv 1xday.nc.0015 /central/scratch/elencz/caltech_fms_idealized/hs_control/hs_control_num_fourier_63_num_num_spherical_64_lon_max_192_lat_max_96_num_levels_30_include_surface_flux_.false._turb_.false._damping_coeff_0.0_dt_atmos_2400/output/combine/day1000h00/day1000h00.1xday.nc.0015
end
mv 1xday.nc.0016 /central/scratch/elencz/caltech_fms_idealized/hs_control/hs_control_num_fourier_63_num_num_spherical_64_lon_max_192_lat_max_96_num_levels_30_include_surface_flux_.false._turb_.false._damping_coeff_0.0_dt_atmos_2400/output/combine/day1000h00/day1000h00.1xday.nc.0016
end
mv 1xday.nc.0017 /central/scratch/elencz/caltech_fms_idealized/hs_control/hs_control_num_fourier_63_num_num_spherical_64_lon_max_192_lat_max_96_num_levels_30_include_surface_flux_.false._turb_.false._damping_coeff_0.0_dt_atmos_2400/output/combine/day1000h00/day1000h00.1xday.nc.0017
end
mv 1xday.nc.0018 /central/scratch/elencz/caltech_fms_idealized/hs_control/hs_control_num_fourier_63_num_num_spherical_64_lon_max_192_lat_max_96_num_levels_30_include_surface_flux_.false._turb_.false._damping_coeff_0.0_dt_atmos_2400/output/combine/day1000h00/day1000h00.1xday.nc.0018
end
mv 1xday.nc.0019 /central/scratch/elencz/caltech_fms_idealized/hs_control/hs_control_num_fourier_63_num_num_spherical_64_lon_max_192_lat_max_96_num_levels_30_include_surface_flux_.false._turb_.false._damping_coeff_0.0_dt_atmos_2400/output/combine/day1000h00/day1000h00.1xday.nc.0019
end
mv 1xday.nc.0020 /central/scratch/elencz/caltech_fms_idealized/hs_control/hs_control_num_fourier_63_num_num_spherical_64_lon_max_192_lat_max_96_num_levels_30_include_surface_flux_.false._turb_.false._damping_coeff_0.0_dt_atmos_2400/output/combine/day1000h00/day1000h00.1xday.nc.0020
end
mv 1xday.nc.0021 /central/scratch/elencz/caltech_fms_idealized/hs_control/hs_control_num_fourier_63_num_num_spherical_64_lon_max_192_lat_max_96_num_levels_30_include_surface_flux_.false._turb_.false._damping_coeff_0.0_dt_atmos_2400/output/combine/day1000h00/day1000h00.1xday.nc.0021
end
mv 1xday.nc.0022 /central/scratch/elencz/caltech_fms_idealized/hs_control/hs_control_num_fourier_63_num_num_spherical_64_lon_max_192_lat_max_96_num_levels_30_include_surface_flux_.false._turb_.false._damping_coeff_0.0_dt_atmos_2400/output/combine/day1000h00/day1000h00.1xday.nc.0022
end
mv 1xday.nc.0023 /central/scratch/elencz/caltech_fms_idealized/hs_control/hs_control_num_fourier_63_num_num_spherical_64_lon_max_192_lat_max_96_num_levels_30_include_surface_flux_.false._turb_.false._damping_coeff_0.0_dt_atmos_2400/output/combine/day1000h00/day1000h00.1xday.nc.0023
end
mv 1xday.nc.0024 /central/scratch/elencz/caltech_fms_idealized/hs_control/hs_control_num_fourier_63_num_num_spherical_64_lon_max_192_lat_max_96_num_levels_30_include_surface_flux_.false._turb_.false._damping_coeff_0.0_dt_atmos_2400/output/combine/day1000h00/day1000h00.1xday.nc.0024
end
mv 1xday.nc.0025 /central/scratch/elencz/caltech_fms_idealized/hs_control/hs_control_num_fourier_63_num_num_spherical_64_lon_max_192_lat_max_96_num_levels_30_include_surface_flux_.false._turb_.false._damping_coeff_0.0_dt_atmos_2400/output/combine/day1000h00/day1000h00.1xday.nc.0025
end
mv 1xday.nc.0026 /central/scratch/elencz/caltech_fms_idealized/hs_control/hs_control_num_fourier_63_num_num_spherical_64_lon_max_192_lat_max_96_num_levels_30_include_surface_flux_.false._turb_.false._damping_coeff_0.0_dt_atmos_2400/output/combine/day1000h00/day1000h00.1xday.nc.0026
end
mv 1xday.nc.0027 /central/scratch/elencz/caltech_fms_idealized/hs_control/hs_control_num_fourier_63_num_num_spherical_64_lon_max_192_lat_max_96_num_levels_30_include_surface_flux_.false._turb_.false._damping_coeff_0.0_dt_atmos_2400/output/combine/day1000h00/day1000h00.1xday.nc.0027
end
mv 1xday.nc.0028 /central/scratch/elencz/caltech_fms_idealized/hs_control/hs_control_num_fourier_63_num_num_spherical_64_lon_max_192_lat_max_96_num_levels_30_include_surface_flux_.false._turb_.false._damping_coeff_0.0_dt_atmos_2400/output/combine/day1000h00/day1000h00.1xday.nc.0028
end
mv 1xday.nc.0029 /central/scratch/elencz/caltech_fms_idealized/hs_control/hs_control_num_fourier_63_num_num_spherical_64_lon_max_192_lat_max_96_num_levels_30_include_surface_flux_.false._turb_.false._damping_coeff_0.0_dt_atmos_2400/output/combine/day1000h00/day1000h00.1xday.nc.0029
end
mv 1xday.nc.0030 /central/scratch/elencz/caltech_fms_idealized/hs_control/hs_control_num_fourier_63_num_num_spherical_64_lon_max_192_lat_max_96_num_levels_30_include_surface_flux_.false._turb_.false._damping_coeff_0.0_dt_atmos_2400/output/combine/day1000h00/day1000h00.1xday.nc.0030
end
mv 1xday.nc.0031 /central/scratch/elencz/caltech_fms_idealized/hs_control/hs_control_num_fourier_63_num_num_spherical_64_lon_max_192_lat_max_96_num_levels_30_include_surface_flux_.false._turb_.false._damping_coeff_0.0_dt_atmos_2400/output/combine/day1000h00/day1000h00.1xday.nc.0031
end
foreach out ( `/bin/ls *.out` )
/bin/ls logfile.0000.out
mv logfile.0000.out /central/scratch/elencz/caltech_fms_idealized/hs_control/hs_control_num_fourier_63_num_num_spherical_64_lon_max_192_lat_max_96_num_levels_30_include_surface_flux_.false._turb_.false._damping_coeff_0.0_dt_atmos_2400/output/logfiles/day1000h00.logfile.0000.out
end
cd /central/scratch/elencz/caltech_fms_idealized/hs_control/hs_control_num_fourier_63_num_num_spherical_64_lon_max_192_lat_max_96_num_levels_30_include_surface_flux_.false._turb_.false._damping_coeff_0.0_dt_atmos_2400/workdir/RESTART
set resfiles = `/bin/ls *.res*`
/bin/ls: No match.
if ( 0 > 0 ) then
cd /central/scratch/elencz/caltech_fms_idealized/hs_control/hs_control_num_fourier_63_num_num_spherical_64_lon_max_192_lat_max_96_num_levels_30_include_surface_flux_.false._turb_.false._damping_coeff_0.0_dt_atmos_2400/workdir
set run_number = `expr $ireload \* $runs_per_script - $runs_per_script + $irun`
expr 1 * 1 - 1 + 1
echo Completed run 1 of 1 in bsub 1.
set irun_prev = 1
@ irun++
if ( -f /central/scratch/elencz/caltech_fms_idealized/hs_control/hs_control_num_fourier_63_num_num_spherical_64_lon_max_192_lat_max_96_num_levels_30_include_surface_flux_.false._turb_.false._damping_coeff_0.0_dt_atmos_2400/workdir/reload_commands_prev ) then
if ( -f /central/scratch/elencz/caltech_fms_idealized/hs_control/hs_control_num_fourier_63_num_num_spherical_64_lon_max_192_lat_max_96_num_levels_30_include_surface_flux_.false._turb_.false._damping_coeff_0.0_dt_atmos_2400/workdir/reload_commands ) mv -f /central/scratch/elencz/caltech_fms_idealized/hs_control/hs_control_num_fourier_63_num_num_spherical_64_lon_max_192_lat_max_96_num_levels_30_include_surface_flux_.false._turb_.false._damping_coeff_0.0_dt_atmos_2400/workdir/reload_commands /central/scratch/elencz/caltech_fms_idealized/hs_control/hs_control_num_fourier_63_num_num_spherical_64_lon_max_192_lat_max_96_num_levels_30_include_surface_flux_.false._turb_.false._damping_coeff_0.0_dt_atmos_2400/workdir/reload_commands_prev
if ( 2 < = 1 ) then
@ ireload++
echo set irun         =  1
endif
restart_file: Undefined variable.
